<?xml version="1.0" encoding="utf-8"?><testsuites><testsuite name="pytest" errors="0" failures="0" skipped="11" tests="2185" time="73.185" timestamp="2024-04-02T13:53:04.577702" hostname="tam-canoncial-1"><properties><property name="hypothesis-statistics-tests/unit/services/test_store.py::test_get_description_override" value="dGVzdHMvdW5pdC9zZXJ2aWNlcy90ZXN0X3N0b3JlLnB5Ojp0ZXN0X2dldF9kZXNjcmlwdGlvbl9vdmVycmlkZToKCiAgLSBkdXJpbmcgcmV1c2UgcGhhc2UgKDAuMDAgc2Vjb25kcyk6CiAgICAtIFR5cGljYWwgcnVudGltZXM6IDwgMW1zLCBvZiB3aGljaCA8IDFtcyBpbiBkYXRhIGdlbmVyYXRpb24KICAgIC0gMiBwYXNzaW5nIGV4YW1wbGVzLCAwIGZhaWxpbmcgZXhhbXBsZXMsIDAgaW52YWxpZCBleGFtcGxlcwoKICAtIGR1cmluZyBnZW5lcmF0ZSBwaGFzZSAoMC4yMCBzZWNvbmRzKToKICAgIC0gVHlwaWNhbCBydW50aW1lczogfiAwLTEgbXMsIG9mIHdoaWNoIH4gMC0xIG1zIGluIGRhdGEgZ2VuZXJhdGlvbgogICAgLSA5OCBwYXNzaW5nIGV4YW1wbGVzLCAwIGZhaWxpbmcgZXhhbXBsZXMsIDAgaW52YWxpZCBleGFtcGxlcwoKICAtIFN0b3BwZWQgYmVjYXVzZSBzZXR0aW5ncy5tYXhfZXhhbXBsZXM9MTAw" /><property name="hypothesis-statistics-tests/unit/services/test_store.py::test_login" value="dGVzdHMvdW5pdC9zZXJ2aWNlcy90ZXN0X3N0b3JlLnB5Ojp0ZXN0X2xvZ2luOgoKICAtIGR1cmluZyByZXVzZSBwaGFzZSAoMC4wMCBzZWNvbmRzKToKICAgIC0gVHlwaWNhbCBydW50aW1lczogfiAxbXMsIG9mIHdoaWNoIDwgMW1zIGluIGRhdGEgZ2VuZXJhdGlvbgogICAgLSAxIHBhc3NpbmcgZXhhbXBsZXMsIDAgZmFpbGluZyBleGFtcGxlcywgMCBpbnZhbGlkIGV4YW1wbGVzCgogIC0gZHVyaW5nIGdlbmVyYXRlIHBoYXNlICgxLjAxIHNlY29uZHMpOgogICAgLSBUeXBpY2FsIHJ1bnRpbWVzOiB+IDEtOCBtcywgb2Ygd2hpY2ggfiAwLTggbXMgaW4gZGF0YSBnZW5lcmF0aW9uCiAgICAtIDk5IHBhc3NpbmcgZXhhbXBsZXMsIDAgZmFpbGluZyBleGFtcGxlcywgOSBpbnZhbGlkIGV4YW1wbGVzCgogIC0gU3RvcHBlZCBiZWNhdXNlIHNldHRpbmdzLm1heF9leGFtcGxlcz0xMDA=" /><property name="hypothesis-statistics-tests/unit/utils/test_cli.py::test_format_content_string" value="dGVzdHMvdW5pdC91dGlscy90ZXN0X2NsaS5weTo6dGVzdF9mb3JtYXRfY29udGVudF9zdHJpbmc6CgogIC0gZHVyaW5nIHJldXNlIHBoYXNlICgwLjAwIHNlY29uZHMpOgogICAgLSBUeXBpY2FsIHJ1bnRpbWVzOiA8IDFtcywgb2Ygd2hpY2ggPCAxbXMgaW4gZGF0YSBnZW5lcmF0aW9uCiAgICAtIDQgcGFzc2luZyBleGFtcGxlcywgMCBmYWlsaW5nIGV4YW1wbGVzLCAwIGludmFsaWQgZXhhbXBsZXMKCiAgLSBkdXJpbmcgZ2VuZXJhdGUgcGhhc2UgKDAuMTIgc2Vjb25kcyk6CiAgICAtIFR5cGljYWwgcnVudGltZXM6IDwgMW1zLCBvZiB3aGljaCA8IDFtcyBpbiBkYXRhIGdlbmVyYXRpb24KICAgIC0gOTYgcGFzc2luZyBleGFtcGxlcywgMCBmYWlsaW5nIGV4YW1wbGVzLCAwIGludmFsaWQgZXhhbXBsZXMKCiAgLSBTdG9wcGVkIGJlY2F1c2Ugc2V0dGluZ3MubWF4X2V4YW1wbGVzPTEwMA==" /><property name="hypothesis-statistics-tests/unit/utils/test_cli.py::test_format_content_json" value="dGVzdHMvdW5pdC91dGlscy90ZXN0X2NsaS5weTo6dGVzdF9mb3JtYXRfY29udGVudF9qc29uOgoKICAtIGR1cmluZyByZXVzZSBwaGFzZSAoMC4wMiBzZWNvbmRzKToKICAgIC0gVHlwaWNhbCBydW50aW1lczogfiAwLTggbXMsIG9mIHdoaWNoIH4gMC04IG1zIGluIGRhdGEgZ2VuZXJhdGlvbgogICAgLSAxMCBwYXNzaW5nIGV4YW1wbGVzLCAwIGZhaWxpbmcgZXhhbXBsZXMsIDAgaW52YWxpZCBleGFtcGxlcwoKICAtIGR1cmluZyBnZW5lcmF0ZSBwaGFzZSAoMC40OCBzZWNvbmRzKToKICAgIC0gVHlwaWNhbCBydW50aW1lczogfiAwLTcgbXMsIG9mIHdoaWNoIH4gMC03IG1zIGluIGRhdGEgZ2VuZXJhdGlvbgogICAgLSA5MCBwYXNzaW5nIGV4YW1wbGVzLCAwIGZhaWxpbmcgZXhhbXBsZXMsIDAgaW52YWxpZCBleGFtcGxlcwogICAgLSBFdmVudHM6CiAgICAgICogNy43OCUsIFJldHJpZWQgZHJhdyBmcm9tIG9uZV9vZihub25lKCksIGludGVnZXJzKCksIHRleHQoKSkuZmlsdGVyKG5vdF95ZXRfaW5fdW5pcXVlX2xpc3QpIHRvIHNhdGlzZnkgZmlsdGVyCgogIC0gU3RvcHBlZCBiZWNhdXNlIHNldHRpbmdzLm1heF9leGFtcGxlcz0xMDA=" /><property name="hypothesis-statistics-tests/unit/utils/test_cli.py::test_format_content_table" value="dGVzdHMvdW5pdC91dGlscy90ZXN0X2NsaS5weTo6dGVzdF9mb3JtYXRfY29udGVudF90YWJsZToKCiAgLSBkdXJpbmcgcmV1c2UgcGhhc2UgKDAuMDEgc2Vjb25kcyk6CiAgICAtIFR5cGljYWwgcnVudGltZXM6IH4gMC0xIG1zLCBvZiB3aGljaCB+IDAtMSBtcyBpbiBkYXRhIGdlbmVyYXRpb24KICAgIC0gNSBwYXNzaW5nIGV4YW1wbGVzLCAwIGZhaWxpbmcgZXhhbXBsZXMsIDAgaW52YWxpZCBleGFtcGxlcwoKICAtIGR1cmluZyBnZW5lcmF0ZSBwaGFzZSAoMS45NSBzZWNvbmRzKToKICAgIC0gVHlwaWNhbCBydW50aW1lczogfiAxLTM5IG1zLCBvZiB3aGljaCB+IDEtMzYgbXMgaW4gZGF0YSBnZW5lcmF0aW9uCiAgICAtIDk1IHBhc3NpbmcgZXhhbXBsZXMsIDAgZmFpbGluZyBleGFtcGxlcywgNCBpbnZhbGlkIGV4YW1wbGVzCgogIC0gU3RvcHBlZCBiZWNhdXNlIHNldHRpbmdzLm1heF9leGFtcGxlcz0xMDA=" /><property name="hypothesis-statistics-tests/unit/utils/test_platform.py::test_validate_architectures_valid_values" value="dGVzdHMvdW5pdC91dGlscy90ZXN0X3BsYXRmb3JtLnB5Ojp0ZXN0X3ZhbGlkYXRlX2FyY2hpdGVjdHVyZXNfdmFsaWRfdmFsdWVzOgoKICAtIGR1cmluZyByZXVzZSBwaGFzZSAoMC4wMCBzZWNvbmRzKToKICAgIC0gVHlwaWNhbCBydW50aW1lczogPCAxbXMsIG9mIHdoaWNoIDwgMW1zIGluIGRhdGEgZ2VuZXJhdGlvbgogICAgLSAyIHBhc3NpbmcgZXhhbXBsZXMsIDAgZmFpbGluZyBleGFtcGxlcywgMCBpbnZhbGlkIGV4YW1wbGVzCgogIC0gZHVyaW5nIGdlbmVyYXRlIHBoYXNlICgwLjIwIHNlY29uZHMpOgogICAgLSBUeXBpY2FsIHJ1bnRpbWVzOiB+IDAtMSBtcywgb2Ygd2hpY2ggfiAwLTEgbXMgaW4gZGF0YSBnZW5lcmF0aW9uCiAgICAtIDk4IHBhc3NpbmcgZXhhbXBsZXMsIDAgZmFpbGluZyBleGFtcGxlcywgNSBpbnZhbGlkIGV4YW1wbGVzCgogIC0gU3RvcHBlZCBiZWNhdXNlIHNldHRpbmdzLm1heF9leGFtcGxlcz0xMDA=" /><property name="hypothesis-statistics-tests/unit/utils/test_platform.py::test_validate_architectures_all_success" value="dGVzdHMvdW5pdC91dGlscy90ZXN0X3BsYXRmb3JtLnB5Ojp0ZXN0X3ZhbGlkYXRlX2FyY2hpdGVjdHVyZXNfYWxsX3N1Y2Nlc3M6CgogIC0gZHVyaW5nIHJldXNlIHBoYXNlICgwLjAwIHNlY29uZHMpOgogICAgLSBUeXBpY2FsIHJ1bnRpbWVzOiA8IDFtcywgb2Ygd2hpY2ggPCAxbXMgaW4gZGF0YSBnZW5lcmF0aW9uCiAgICAtIDIgcGFzc2luZyBleGFtcGxlcywgMCBmYWlsaW5nIGV4YW1wbGVzLCAwIGludmFsaWQgZXhhbXBsZXMKCiAgLSBkdXJpbmcgZ2VuZXJhdGUgcGhhc2UgKDAuMjMgc2Vjb25kcyk6CiAgICAtIFR5cGljYWwgcnVudGltZXM6IH4gMC0xIG1zLCBvZiB3aGljaCB+IDAtMSBtcyBpbiBkYXRhIGdlbmVyYXRpb24KICAgIC0gOTggcGFzc2luZyBleGFtcGxlcywgMCBmYWlsaW5nIGV4YW1wbGVzLCAwIGludmFsaWQgZXhhbXBsZXMKCiAgLSBTdG9wcGVkIGJlY2F1c2Ugc2V0dGluZ3MubWF4X2V4YW1wbGVzPTEwMA==" /><property name="hypothesis-statistics-tests/unit/utils/test_store.py::test_get_packages" value="dGVzdHMvdW5pdC91dGlscy90ZXN0X3N0b3JlLnB5Ojp0ZXN0X2dldF9wYWNrYWdlczoKCiAgLSBkdXJpbmcgcmV1c2UgcGhhc2UgKDAuMDAgc2Vjb25kcyk6CiAgICAtIFR5cGljYWwgcnVudGltZXM6IDwgMW1zLCBvZiB3aGljaCA8IDFtcyBpbiBkYXRhIGdlbmVyYXRpb24KICAgIC0gMyBwYXNzaW5nIGV4YW1wbGVzLCAwIGZhaWxpbmcgZXhhbXBsZXMsIDAgaW52YWxpZCBleGFtcGxlcwoKICAtIGR1cmluZyBnZW5lcmF0ZSBwaGFzZSAoMS4zNiBzZWNvbmRzKToKICAgIC0gVHlwaWNhbCBydW50aW1lczogfiAwLTE4IG1zLCBvZiB3aGljaCB+IDAtMTggbXMgaW4gZGF0YSBnZW5lcmF0aW9uCiAgICAtIDk3IHBhc3NpbmcgZXhhbXBsZXMsIDAgZmFpbGluZyBleGFtcGxlcywgOCBpbnZhbGlkIGV4YW1wbGVzCgogIC0gU3RvcHBlZCBiZWNhdXNlIHNldHRpbmdzLm1heF9leGFtcGxlcz0xMDA=" /></properties><testcase classname="tests.commands.test_pack" name="test_invalid_arguments[include_all_charms_on_charm]" time="0.017" /><testcase classname="tests.commands.test_pack" name="test_invalid_arguments[include_charm_on_charm]" time="0.014" /><testcase classname="tests.commands.test_pack" name="test_invalid_arguments[output_bundle_on_charm]" time="0.013" /><testcase classname="tests.commands.test_pack" name="test_resolve_charm_type" time="0.014" /><testcase classname="tests.commands.test_pack" name="test_resolve_bundle_type" time="0.013" /><testcase classname="tests.commands.test_pack" name="test_resolve_dump_measure_if_indicated" time="0.014" /><testcase classname="tests.commands.test_pack" name="test_bundle_simple_successful_build[namespace_kwargs0-None]" time="1.041" /><testcase classname="tests.commands.test_pack" name="test_bundle_simple_successful_build[namespace_kwargs0-json]" time="0.986" /><testcase classname="tests.commands.test_pack" name="test_bundle_simple_successful_build[namespace_kwargs1-None]" time="0.988" /><testcase classname="tests.commands.test_pack" name="test_bundle_simple_successful_build[namespace_kwargs1-json]" time="1.007" /><testcase classname="tests.commands.test_pack" name="test_bundle_recursive_pack_setup[include_all_charms0]" time="0.018" /><testcase classname="tests.commands.test_pack" name="test_bundle_recursive_pack_setup[include_all_charms1]" time="0.016" /><testcase classname="tests.commands.test_pack" name="test_bundle_non_recursive_pack_setup[include_all_charms0]" time="0.059" /><testcase classname="tests.commands.test_pack" name="test_bundle_non_recursive_pack_setup[include_all_charms1]" time="0.017" /><testcase classname="tests.commands.test_pack" name="test_bundle_missing_bundle_file" time="0.012" /><testcase classname="tests.commands.test_pack" name="test_bundle_missing_other_mandatory_file" time="0.013" /><testcase classname="tests.commands.test_pack" name="test_bundle_missing_name_in_bundle" time="0.013" /><testcase classname="tests.commands.test_pack" name="test_bundle_debug_no_error" time="0.017" /><testcase classname="tests.commands.test_pack" name="test_bundle_debug_with_error" time="0.016" /><testcase classname="tests.commands.test_pack" name="test_bundle_shell" time="0.014" /><testcase classname="tests.commands.test_pack" name="test_bundle_shell_after" time="0.018" /><testcase classname="tests.commands.test_pack" name="test_bundle_parts_not_defined[type: bundle\n-name: test-charm-name-from-metadata-yaml\nsummary: test summary\ndescription: test description\n]" time="0.007" /><testcase classname="tests.commands.test_pack" name="test_bundle_parts_not_defined[name: test-charm-name-from-charmcraft-yaml\ntype: bundle\nsummary: test-summary\ndescription: test-description\n-None]" time="0.007" /><testcase classname="tests.commands.test_pack" name="test_bundle_parts_with_bundle_part[type: bundle\nparts:\n  bundle:\n    prime:\n      - my_extra_file.txt\n-name: test-charm-name-from-metadata-yaml\nsummary: test summary\ndescription: test description\n]" time="0.008" /><testcase classname="tests.commands.test_pack" name="test_bundle_parts_with_bundle_part[name: test-charm-name-from-charmcraft-yaml\ntype: bundle\nsummary: test-summary\ndescription: test-description\nparts:\n  bundle:\n    prime:\n      - my_extra_file.txt\n-None]" time="0.007" /><testcase classname="tests.commands.test_pack" name="test_bundle_parts_without_bundle_part[type: bundle\nparts:\n  foo:\n    plugin: nil\n-name: test-charm-name-from-metadata-yaml\nsummary: test summary\ndescription: test description\n]" time="0.007" /><testcase classname="tests.commands.test_pack" name="test_bundle_parts_without_bundle_part[name: test-charm-name-from-charmcraft-yaml\ntype: bundle\nsummary: test-summary\ndescription: test-description\nparts:\n  foo:\n    plugin: nil\n-None]" time="0.006" /><testcase classname="tests.commands.test_pack" name="test_bundle_parts_with_bundle_part_with_plugin[type: bundle\nparts:\n  bundle:\n    plugin: nil\n-name: test-charm-name-from-metadata-yaml\nsummary: test summary\ndescription: test description\n]" time="0.007" /><testcase classname="tests.commands.test_pack" name="test_bundle_parts_with_bundle_part_with_plugin[name: test-charm-name-from-charmcraft-yaml\ntype: bundle\nsummary: test-summary\ndescription: test-description\nparts:\n  bundle:\n    plugin: nil\n-None]" time="0.006" /><testcase classname="tests.commands.test_pack" name="test_prime_mandatory_ok" time="0.964" /><testcase classname="tests.commands.test_pack" name="test_prime_extra_ok" time="0.972" /><testcase classname="tests.commands.test_pack" name="test_prime_extra_missing" time="0.994" /><testcase classname="tests.commands.test_pack" name="test_prime_extra_long_path" time="1.001" /><testcase classname="tests.commands.test_pack" name="test_prime_extra_wildcards_ok" time="0.954" /><testcase classname="tests.commands.test_pack" name="test_prime_extra_wildcards_not_found" time="0.990" /><testcase classname="tests.commands.test_pack" name="test_prime_extra_globstar" time="1.024" /><testcase classname="tests.commands.test_pack" name="test_prime_extra_globstar_specific_files" time="1.049" /><testcase classname="tests.commands.test_pack" name="test_charm_builder_infrastructure_called" time="0.016" /><testcase classname="tests.commands.test_pack" name="test_charm_pack_output_simple[None]" time="0.014" /><testcase classname="tests.commands.test_pack" name="test_charm_pack_output_simple[json]" time="0.014" /><testcase classname="tests.commands.test_pack" name="test_charm_pack_output_multiple[None]" time="0.014" /><testcase classname="tests.commands.test_pack" name="test_charm_pack_output_multiple[json]" time="0.013" /><testcase classname="tests.commands.test_pack" name="test_charm_pack_output_managed_mode[None]" time="0.013" /><testcase classname="tests.commands.test_pack" name="test_charm_pack_output_managed_mode[json]" time="0.015" /><testcase classname="tests.commands.test_pack" name="test_validator_bases_index_invalid[None-None]" time="0.013" /><testcase classname="tests.commands.test_pack" name="test_validator_bases_index_invalid[bases_indices1-None]" time="0.013" /><testcase classname="tests.commands.test_pack" name="test_validator_bases_index_invalid[bases_indices2-None]" time="0.013" /><testcase classname="tests.commands.test_pack" name="test_validator_bases_index_invalid[bases_indices3-None]" time="0.014" /><testcase classname="tests.commands.test_pack" name="test_validator_bases_index_invalid[bases_indices4-None]" time="0.013" /><testcase classname="tests.commands.test_pack" name="test_validator_bases_index_invalid[bases_indices5--1]" time="0.013" /><testcase classname="tests.commands.test_pack" name="test_validator_bases_index_invalid[bases_indices6--1]" time="0.012" /><testcase classname="tests.commands.test_pack" name="test_validator_bases_index_invalid[bases_indices7--1]" time="0.013" /><testcase classname="tests.commands.test_pack" name="test_validator_bases_index_invalid[bases_indices8-3]" time="0.015" /><testcase classname="tests.commands.test_store_api" name="test_client_init" time="0.019" /><testcase classname="tests.commands.test_store_api" name="test_client_init_ephemeral" time="0.014" /><testcase classname="tests.commands.test_store_api" name="test_anonymous_client_init" time="0.014" /><testcase classname="tests.commands.test_store_api" name="test_relogin_on_401_regular_auth" time="0.002" /><testcase classname="tests.commands.test_store_api" name="test_relogin_on_401_alternate_auth" time="0.002" /><testcase classname="tests.commands.test_store_api" name="test_relogin_on_401_disable_auto_login" time="0.002" /><testcase classname="tests.commands.test_store_api" name="test_relogin_on_401_alternate_auth_disable_auto_login" time="0.002" /><testcase classname="tests.commands.test_store_api" name="test_non_401_raises" time="0.003" /><testcase classname="tests.commands.test_store_api" name="test_craft_store_error_raises_command_error" time="0.002" /><testcase classname="tests.commands.test_store_api" name="test_not_logged_in_warns_regular_auth" time="0.002" /><testcase classname="tests.commands.test_store_api" name="test_not_logged_in_warns_alternate_auth" time="0.002" /><testcase classname="tests.commands.test_store_api" name="test_not_logged_in_disable_auto_login" time="0.002" /><testcase classname="tests.commands.test_store_api" name="test_not_logged_in_alternate_auth_disable_auto_login" time="0.002" /><testcase classname="tests.commands.test_store_api" name="test_auth_valid_credentials" time="0.014" /><testcase classname="tests.commands.test_store_api" name="test_auth_bad_credentials" time="0.014" /><testcase classname="tests.commands.test_store_api" name="test_no_keyring" time="0.013" /><testcase classname="tests.commands.test_store_api" name="test_login" time="0.014" /><testcase classname="tests.commands.test_store_api" name="test_login_having_credentials" time="0.014" /><testcase classname="tests.commands.test_store_api" name="test_login_attenuating_ttl" time="0.014" /><testcase classname="tests.commands.test_store_api" name="test_login_attenuating_permissions" time="0.015" /><testcase classname="tests.commands.test_store_api" name="test_login_attenuating_channels" time="0.014" /><testcase classname="tests.commands.test_store_api" name="test_login_attenuating_packages" time="0.014" /><testcase classname="tests.commands.test_store_api" name="test_logout" time="0.014" /><testcase classname="tests.commands.test_store_api" name="test_whoami_simple" time="0.013" /><testcase classname="tests.commands.test_store_api" name="test_whoami_packages" time="0.013" /><testcase classname="tests.commands.test_store_api" name="test_whoami_channels" time="0.013" /><testcase classname="tests.commands.test_store_api" name="test_register_name" time="0.013" /><testcase classname="tests.commands.test_store_api" name="test_register_name_unauthorized_logs_in" time="0.015" /><testcase classname="tests.commands.test_store_api" name="test_unregister_name_success" time="0.014" /><testcase classname="tests.commands.test_store_api" name="test_unregister_name_errors[unknown_name]" time="0.014" /><testcase classname="tests.commands.test_store_api" name="test_unregister_name_errors[discharge_required]" time="0.015" /><testcase classname="tests.commands.test_store_api" name="test_unregister_name_errors[Unauthorized]" time="0.015" /><testcase classname="tests.commands.test_store_api" name="test_unregister_name_errors[exsting_revision]" time="0.014" /><testcase classname="tests.commands.test_store_api" name="test_unregister_name_errors[collaborator]" time="0.016" /><testcase classname="tests.commands.test_store_api" name="test_unregister_name_login[discharge_required]" time="0.015" /><testcase classname="tests.commands.test_store_api" name="test_unregister_name_login[Unauthorized]" time="0.014" /><testcase classname="tests.commands.test_store_api" name="test_unregister_name_login[collaborator]" time="0.014" /><testcase classname="tests.commands.test_store_api" name="test_list_registered_names_empty" time="0.013" /><testcase classname="tests.commands.test_store_api" name="test_list_registered_names_multiple" time="0.015" /><testcase classname="tests.commands.test_store_api" name="test_list_registered_names_include_collaborations" time="0.013" /><testcase classname="tests.commands.test_store_api" name="test_upload_straightforward" time="0.014" /><testcase classname="tests.commands.test_store_api" name="test_upload_polls_status_ok" time="0.216" /><testcase classname="tests.commands.test_store_api" name="test_upload_polls_status_timeout" time="0.218" /><testcase classname="tests.commands.test_store_api" name="test_upload_error" time="0.021" /><testcase classname="tests.commands.test_store_api" name="test_upload_charmbundles_endpoint" time="0.015" /><testcase classname="tests.commands.test_store_api" name="test_upload_resources_endpoint" time="0.013" /><testcase classname="tests.commands.test_store_api" name="test_upload_including_extra_parameters" time="0.014" /><testcase classname="tests.commands.test_store_api" name="test_list_revisions_ok" time="0.013" /><testcase classname="tests.commands.test_store_api" name="test_list_revisions_empty" time="0.013" /><testcase classname="tests.commands.test_store_api" name="test_list_revisions_errors" time="0.013" /><testcase classname="tests.commands.test_store_api" name="test_list_revisions_several_mixed" time="0.013" /><testcase classname="tests.commands.test_store_api" name="test_list_revisions_bases_none" time="0.013" /><testcase classname="tests.commands.test_store_api" name="test_release_simple" time="0.013" /><testcase classname="tests.commands.test_store_api" name="test_release_multiple_channels" time="0.014" /><testcase classname="tests.commands.test_store_api" name="test_release_with_resources" time="0.013" /><testcase classname="tests.commands.test_store_api" name="test_status_ok" time="0.014" /><testcase classname="tests.commands.test_store_api" name="test_status_with_resources" time="0.013" /><testcase classname="tests.commands.test_store_api" name="test_status_base_in_none" time="0.013" /><testcase classname="tests.commands.test_store_api" name="test_create_library_id" time="0.013" /><testcase classname="tests.commands.test_store_api" name="test_create_library_revision" time="0.013" /><testcase classname="tests.commands.test_store_api" name="test_get_library" time="0.013" /><testcase classname="tests.commands.test_store_api" name="test_get_tips_simple" time="0.014" /><testcase classname="tests.commands.test_store_api" name="test_get_tips_empty" time="0.014" /><testcase classname="tests.commands.test_store_api" name="test_get_tips_several" time="0.013" /><testcase classname="tests.commands.test_store_api" name="test_get_tips_query_combinations" time="0.013" /><testcase classname="tests.commands.test_store_api" name="test_list_resources_ok" time="0.013" /><testcase classname="tests.commands.test_store_api" name="test_list_resources_empty" time="0.013" /><testcase classname="tests.commands.test_store_api" name="test_list_resources_several" time="0.013" /><testcase classname="tests.commands.test_store_api" name="test_get_oci_registry_credentials" time="0.014" /><testcase classname="tests.commands.test_store_api" name="test_get_oci_image_blob" time="0.013" /><testcase classname="tests.commands.test_store_client" name="test_useragent_linux" time="0.003" /><testcase classname="tests.commands.test_store_client" name="test_useragent_windows" time="0.004" /><testcase classname="tests.commands.test_store_client" name="test_client_init" time="0.003" /><testcase classname="tests.commands.test_store_client" name="test_client_request_success_simple" time="0.003" /><testcase classname="tests.commands.test_store_client" name="test_client_request_success_without_json_parsing" time="0.003" /><testcase classname="tests.commands.test_store_client" name="test_client_request_text_error" time="0.003" /><testcase classname="tests.commands.test_store_client" name="test_client_request_json_error" time="0.003" /><testcase classname="tests.commands.test_store_client" name="test_client_hit_success_withbody" time="0.003" /><testcase classname="tests.commands.test_store_client" name="test_client_init_removes_trailing_slashes" time="0.003" /><testcase classname="tests.commands.test_store_client" name="test_client_push_simple_ok" time="0.005" /><testcase classname="tests.commands.test_store_client" name="test_client_push_configured_url_simple" time="0.004" /><testcase classname="tests.commands.test_store_client" name="test_client_push_response_unsuccessful" time="0.004" /><testcase classname="tests.commands.test_store_client" name="test_storage_push_succesful" time="0.003" /><testcase classname="tests.commands.test_store_client" name="test_alternate_auth_login_forbidden" time="0.003" /><testcase classname="tests.commands.test_store_client" name="test_alternate_auth_logout_forbidden" time="0.003" /><testcase classname="tests.commands.test_store_client" name="test_anonymous_client_init" time="0.003" /><testcase classname="tests.commands.test_store_client" name="test_anonymous_client_request_success_simple" time="0.002" /><testcase classname="tests.commands.test_store_client" name="test_anonymous_client_request_success_without_json_parsing" time="0.002" /><testcase classname="tests.commands.test_store_client" name="test_anonymous_client_request_text_error" time="0.002" /><testcase classname="tests.commands.test_store_client" name="test_anonymous_client_request_json_error" time="0.003" /><testcase classname="tests.commands.test_store_client" name="test_anonymous_client_hit_success_withbody" time="0.003" /><testcase classname="tests.commands.test_store_client" name="test_anonymous_client_init_removes_trailing_slashes" time="0.002" /><testcase classname="tests.commands.test_store_commands" name="test_login_simple" time="0.014" /><testcase classname="tests.commands.test_store_commands" name="test_login_exporting" time="0.013" /><testcase classname="tests.commands.test_store_commands" name="test_login_restrictions_without_export[charm]" time="0.013" /><testcase classname="tests.commands.test_store_commands" name="test_login_restrictions_without_export[bundle]" time="0.014" /><testcase classname="tests.commands.test_store_commands" name="test_login_restrictions_without_export[permission]" time="0.014" /><testcase classname="tests.commands.test_store_commands" name="test_login_restrictions_without_export[channel]" time="0.013" /><testcase classname="tests.commands.test_store_commands" name="test_login_restrictions_without_export[ttl]" time="0.014" /><testcase classname="tests.commands.test_store_commands" name="test_login_restricting_ttl" time="0.059" /><testcase classname="tests.commands.test_store_commands" name="test_login_restricting_channels" time="0.013" /><testcase classname="tests.commands.test_store_commands" name="test_login_restricting_permissions" time="0.013" /><testcase classname="tests.commands.test_store_commands" name="test_login_restricting_permission_invalid" time="0.013" /><testcase classname="tests.commands.test_store_commands" name="test_login_restricting_charms" time="0.013" /><testcase classname="tests.commands.test_store_commands" name="test_login_restricting_bundles" time="0.013" /><testcase classname="tests.commands.test_store_commands" name="test_login_restriction_mix" time="0.013" /><testcase classname="tests.commands.test_store_commands" name="test_logout" time="0.013" /><testcase classname="tests.commands.test_store_commands" name="test_logout_but_not_logged_in" time="0.013" /><testcase classname="tests.commands.test_store_commands" name="test_whoami[None]" time="0.014" /><testcase classname="tests.commands.test_store_commands" name="test_whoami[json]" time="0.017" /><testcase classname="tests.commands.test_store_commands" name="test_whoami_but_not_logged_in[None]" time="0.013" /><testcase classname="tests.commands.test_store_commands" name="test_whoami_but_not_logged_in[json]" time="0.015" /><testcase classname="tests.commands.test_store_commands" name="test_whoami_with_channels[None]" time="0.014" /><testcase classname="tests.commands.test_store_commands" name="test_whoami_with_channels[json]" time="0.014" /><testcase classname="tests.commands.test_store_commands" name="test_whoami_with_charms[None]" time="0.014" /><testcase classname="tests.commands.test_store_commands" name="test_whoami_with_charms[json]" time="0.014" /><testcase classname="tests.commands.test_store_commands" name="test_whoami_with_bundles[None]" time="0.014" /><testcase classname="tests.commands.test_store_commands" name="test_whoami_with_bundles[json]" time="0.015" /><testcase classname="tests.commands.test_store_commands" name="test_whoami_comprehensive" time="0.015" /><testcase classname="tests.commands.test_store_commands" name="test_register_charm_name" time="0.015" /><testcase classname="tests.commands.test_store_commands" name="test_register_bundle_name" time="0.014" /><testcase classname="tests.commands.test_store_commands" name="test_unregister_name" time="0.015" /><testcase classname="tests.commands.test_store_commands" name="test_list_registered_empty[None]" time="0.014" /><testcase classname="tests.commands.test_store_commands" name="test_list_registered_empty[json]" time="0.013" /><testcase classname="tests.commands.test_store_commands" name="test_list_registered_one_private[None]" time="0.014" /><testcase classname="tests.commands.test_store_commands" name="test_list_registered_one_private[json]" time="0.014" /><testcase classname="tests.commands.test_store_commands" name="test_list_registered_one_public[None]" time="0.014" /><testcase classname="tests.commands.test_store_commands" name="test_list_registered_one_public[json]" time="0.014" /><testcase classname="tests.commands.test_store_commands" name="test_list_registered_several[None]" time="0.014" /><testcase classname="tests.commands.test_store_commands" name="test_list_registered_several[json]" time="0.013" /><testcase classname="tests.commands.test_store_commands" name="test_list_registered_with_collaborations[None]" time="0.014" /><testcase classname="tests.commands.test_store_commands" name="test_list_registered_with_collaborations[json]" time="0.014" /><testcase classname="tests.commands.test_store_commands" name="test_get_name_bad_zip" time="0.003" /><testcase classname="tests.commands.test_store_commands" name="test_get_name_charm_ok" time="0.003" /><testcase classname="tests.commands.test_store_commands" name="test_get_name_charm_bad_metadata[=]" time="0.003" /><testcase classname="tests.commands.test_store_commands" name="test_get_name_charm_bad_metadata[foo: bar]" time="0.003" /><testcase classname="tests.commands.test_store_commands" name="test_get_name_bundle_ok" time="0.003" /><testcase classname="tests.commands.test_store_commands" name="test_get_name_bundle_bad_data[=]" time="0.003" /><testcase classname="tests.commands.test_store_commands" name="test_get_name_bundle_bad_data[foo: bar]" time="0.004" /><testcase classname="tests.commands.test_store_commands" name="test_get_name_nor_charm_nor_bundle" time="0.003" /><testcase classname="tests.commands.test_store_commands" name="test_upload_parameters_filepath_type" time="0.013" /><testcase classname="tests.commands.test_store_commands" name="test_upload_call_ok[None]" time="0.014" /><testcase classname="tests.commands.test_store_commands" name="test_upload_call_ok[json]" time="0.014" /><testcase classname="tests.commands.test_store_commands" name="test_upload_call_error[None]" time="0.014" /><testcase classname="tests.commands.test_store_commands" name="test_upload_call_error[json]" time="0.014" /><testcase classname="tests.commands.test_store_commands" name="test_upload_call_login_expired[None]" time="0.017" /><testcase classname="tests.commands.test_store_commands" name="test_upload_call_login_expired[json]" time="0.019" /><testcase classname="tests.commands.test_store_commands" name="test_upload_call_ok_including_release[None]" time="0.015" /><testcase classname="tests.commands.test_store_commands" name="test_upload_call_ok_including_release[json]" time="0.014" /><testcase classname="tests.commands.test_store_commands" name="test_upload_call_ok_including_release_multiple" time="0.015" /><testcase classname="tests.commands.test_store_commands" name="test_upload_including_release_with_resources[None]" time="0.015" /><testcase classname="tests.commands.test_store_commands" name="test_upload_including_release_with_resources[json]" time="0.016" /><testcase classname="tests.commands.test_store_commands" name="test_upload_options_resource" time="0.013" /><testcase classname="tests.commands.test_store_commands" name="test_upload_call_error_including_release" time="0.016" /><testcase classname="tests.commands.test_store_commands" name="test_upload_with_different_name_than_in_metadata" time="0.015" /><testcase classname="tests.commands.test_store_commands" name="test_revisions_simple[None]" time="0.014" /><testcase classname="tests.commands.test_store_commands" name="test_revisions_simple[json]" time="0.015" /><testcase classname="tests.commands.test_store_commands" name="test_revisions_empty[None]" time="0.014" /><testcase classname="tests.commands.test_store_commands" name="test_revisions_empty[json]" time="0.015" /><testcase classname="tests.commands.test_store_commands" name="test_revisions_ordered_by_revision[None]" time="0.014" /><testcase classname="tests.commands.test_store_commands" name="test_revisions_ordered_by_revision[json]" time="0.015" /><testcase classname="tests.commands.test_store_commands" name="test_revisions_version_null[None]" time="0.014" /><testcase classname="tests.commands.test_store_commands" name="test_revisions_version_null[json]" time="0.014" /><testcase classname="tests.commands.test_store_commands" name="test_revisions_errors_simple[None]" time="0.014" /><testcase classname="tests.commands.test_store_commands" name="test_revisions_errors_simple[json]" time="0.014" /><testcase classname="tests.commands.test_store_commands" name="test_revisions_errors_multiple[None]" time="0.014" /><testcase classname="tests.commands.test_store_commands" name="test_revisions_errors_multiple[json]" time="0.015" /><testcase classname="tests.commands.test_store_commands" name="test_release_simple_ok" time="0.015" /><testcase classname="tests.commands.test_store_commands" name="test_release_simple_multiple_channels" time="0.015" /><testcase classname="tests.commands.test_store_commands" name="test_release_including_resources" time="0.015" /><testcase classname="tests.commands.test_store_commands" name="test_release_options_resource" time="0.013" /><testcase classname="tests.commands.test_store_commands" name="test_release_parameters_ok[sysargs0-expected_parsed0]" time="0.013" /><testcase classname="tests.commands.test_store_commands" name="test_release_parameters_ok[sysargs1-expected_parsed1]" time="0.013" /><testcase classname="tests.commands.test_store_commands" name="test_release_parameters_ok[sysargs2-expected_parsed2]" time="0.014" /><testcase classname="tests.commands.test_store_commands" name="test_release_parameters_ok[sysargs3-expected_parsed3]" time="0.013" /><testcase classname="tests.commands.test_store_commands" name="test_release_parameters_ok[sysargs4-expected_parsed4]" time="0.014" /><testcase classname="tests.commands.test_store_commands" name="test_release_parameters_ok[sysargs5-expected_parsed5]" time="0.014" /><testcase classname="tests.commands.test_store_commands" name="test_release_parameters_ok[sysargs6-expected_parsed6]" time="0.014" /><testcase classname="tests.commands.test_store_commands" name="test_release_parameters_bad[sysargs0]" time="0.014" /><testcase classname="tests.commands.test_store_commands" name="test_release_parameters_bad[sysargs1]" time="0.015" /><testcase classname="tests.commands.test_store_commands" name="test_release_parameters_bad[sysargs2]" time="0.013" /><testcase classname="tests.commands.test_store_commands" name="test_release_parameters_bad[sysargs3]" time="0.013" /><testcase classname="tests.commands.test_store_commands" name="test_release_parameters_bad[sysargs4]" time="0.013" /><testcase classname="tests.commands.test_store_commands" name="test_release_parameters_bad[sysargs5]" time="0.013" /><testcase classname="tests.commands.test_store_commands" name="test_close_simple_ok" time="0.013" /><testcase classname="tests.commands.test_store_commands" name="test_status_simple_ok[None]" time="0.014" /><testcase classname="tests.commands.test_store_commands" name="test_status_simple_ok[json]" time="0.013" /><testcase classname="tests.commands.test_store_commands" name="test_status_empty[None]" time="0.014" /><testcase classname="tests.commands.test_store_commands" name="test_status_empty[json]" time="0.013" /><testcase classname="tests.commands.test_store_commands" name="test_status_channels_not_released_with_fallback[None]" time="0.014" /><testcase classname="tests.commands.test_store_commands" name="test_status_channels_not_released_with_fallback[json]" time="0.014" /><testcase classname="tests.commands.test_store_commands" name="test_status_channels_not_released_without_fallback[None]" time="0.014" /><testcase classname="tests.commands.test_store_commands" name="test_status_channels_not_released_without_fallback[json]" time="0.014" /><testcase classname="tests.commands.test_store_commands" name="test_status_multiple_tracks[None]" time="0.014" /><testcase classname="tests.commands.test_store_commands" name="test_status_multiple_tracks[json]" time="0.015" /><testcase classname="tests.commands.test_store_commands" name="test_status_tracks_order" time="0.016" /><testcase classname="tests.commands.test_store_commands" name="test_status_with_one_branch[None]" time="0.016" /><testcase classname="tests.commands.test_store_commands" name="test_status_with_one_branch[json]" time="0.015" /><testcase classname="tests.commands.test_store_commands" name="test_status_with_multiple_branches" time="0.015" /><testcase classname="tests.commands.test_store_commands" name="test_status_with_resources[None]" time="0.014" /><testcase classname="tests.commands.test_store_commands" name="test_status_with_resources[json]" time="0.016" /><testcase classname="tests.commands.test_store_commands" name="test_status_with_resources_missing_after_closed_channel" time="0.015" /><testcase classname="tests.commands.test_store_commands" name="test_status_with_resources_and_branches" time="0.014" /><testcase classname="tests.commands.test_store_commands" name="test_status_multiplebases_single_track[None]" time="0.014" /><testcase classname="tests.commands.test_store_commands" name="test_status_multiplebases_single_track[json]" time="0.014" /><testcase classname="tests.commands.test_store_commands" name="test_status_multiplebases_multiple_tracks" time="0.014" /><testcase classname="tests.commands.test_store_commands" name="test_status_multiplebases_everything_combined" time="0.015" /><testcase classname="tests.commands.test_store_commands" name="test_status_multiplebases_multiplebranches" time="0.015" /><testcase classname="tests.commands.test_store_commands" name="test_status_with_base_in_none[None]" time="0.015" /><testcase classname="tests.commands.test_store_commands" name="test_status_with_base_in_none[json]" time="0.014" /><testcase classname="tests.commands.test_store_commands" name="test_status_unreleased_track" time="0.014" /><testcase classname="tests.commands.test_store_commands" name="test_createlib_simple[None-None]" time="0.014"><skipped type="pytest.xfail" message="Store commands need refactoring to not need a project." /></testcase><testcase classname="tests.commands.test_store_commands" name="test_createlib_simple[None-json]" time="0.084"><skipped type="pytest.xfail" message="Store commands need refactoring to not need a project." /></testcase><testcase classname="tests.commands.test_store_commands" name="test_createlib_simple[test-charm-None]" time="0.018" /><testcase classname="tests.commands.test_store_commands" name="test_createlib_simple[test-charm-json]" time="0.015" /><testcase classname="tests.commands.test_store_commands" name="test_createlib_name_from_metadata_problem" time="0.013"><skipped type="pytest.xfail" message="Store commands need refactor." /></testcase><testcase classname="tests.commands.test_store_commands" name="test_createlib_name_contains_dash" time="0.016" /><testcase classname="tests.commands.test_store_commands" name="test_createlib_invalid_name[foo.bar]" time="0.014" /><testcase classname="tests.commands.test_store_commands" name="test_createlib_invalid_name[foo/bar]" time="0.014" /><testcase classname="tests.commands.test_store_commands" name="test_createlib_invalid_name[Foo]" time="0.013" /><testcase classname="tests.commands.test_store_commands" name="test_createlib_invalid_name[123foo]" time="0.012" /><testcase classname="tests.commands.test_store_commands" name="test_createlib_invalid_name[_foo]" time="0.012" /><testcase classname="tests.commands.test_store_commands" name="test_createlib_invalid_name[]" time="0.013" /><testcase classname="tests.commands.test_store_commands" name="test_createlib_path_already_there" time="0.013" /><testcase classname="tests.commands.test_store_commands" name="test_createlib_path_can_not_write" time="0.016" /><testcase classname="tests.commands.test_store_commands" name="test_createlib_library_template_is_python" time="0.004" /><testcase classname="tests.commands.test_store_commands" name="test_publishlib_simple[None]" time="0.014" /><testcase classname="tests.commands.test_store_commands" name="test_publishlib_simple[json]" time="0.014" /><testcase classname="tests.commands.test_store_commands" name="test_publishlib_contains_dash" time="0.014" /><testcase classname="tests.commands.test_store_commands" name="test_publishlib_all[None]" time="0.016" /><testcase classname="tests.commands.test_store_commands" name="test_publishlib_all[json]" time="0.017" /><testcase classname="tests.commands.test_store_commands" name="test_publishlib_not_found" time="0.014" /><testcase classname="tests.commands.test_store_commands" name="test_publishlib_not_from_current_charm" time="0.013" /><testcase classname="tests.commands.test_store_commands" name="test_publishlib_name_from_metadata_problem" time="0.013"><skipped type="pytest.xfail" message="Store commands need refactoring to not need a project." /></testcase><testcase classname="tests.commands.test_store_commands" name="test_publishlib_store_is_advanced[None]" time="0.015" /><testcase classname="tests.commands.test_store_commands" name="test_publishlib_store_is_advanced[json]" time="0.014" /><testcase classname="tests.commands.test_store_commands" name="test_publishlib_store_is_exactly_behind_ok" time="0.015" /><testcase classname="tests.commands.test_store_commands" name="test_publishlib_store_is_exactly_behind_same_hash[None]" time="0.014" /><testcase classname="tests.commands.test_store_commands" name="test_publishlib_store_is_exactly_behind_same_hash[json]" time="0.015" /><testcase classname="tests.commands.test_store_commands" name="test_publishlib_store_is_too_behind[None]" time="0.016" /><testcase classname="tests.commands.test_store_commands" name="test_publishlib_store_is_too_behind[json]" time="0.021" /><testcase classname="tests.commands.test_store_commands" name="test_publishlib_store_has_same_revision_same_hash[None]" time="0.020" /><testcase classname="tests.commands.test_store_commands" name="test_publishlib_store_has_same_revision_same_hash[json]" time="0.018" /><testcase classname="tests.commands.test_store_commands" name="test_publishlib_store_has_same_revision_other_hash[None]" time="0.015" /><testcase classname="tests.commands.test_store_commands" name="test_publishlib_store_has_same_revision_other_hash[json]" time="0.017" /><testcase classname="tests.commands.test_store_commands" name="test_fetchlib_simple_downloaded[None]" time="0.019" /><testcase classname="tests.commands.test_store_commands" name="test_fetchlib_simple_downloaded[json]" time="0.016" /><testcase classname="tests.commands.test_store_commands" name="test_fetchlib_simple_dash_in_name" time="0.014" /><testcase classname="tests.commands.test_store_commands" name="test_fetchlib_simple_dash_in_name_on_disk" time="0.015" /><testcase classname="tests.commands.test_store_commands" name="test_fetchlib_simple_updated" time="0.014" /><testcase classname="tests.commands.test_store_commands" name="test_fetchlib_all[None]" time="0.016" /><testcase classname="tests.commands.test_store_commands" name="test_fetchlib_all[json]" time="0.015" /><testcase classname="tests.commands.test_store_commands" name="test_fetchlib_store_not_found[None]" time="0.016" /><testcase classname="tests.commands.test_store_commands" name="test_fetchlib_store_not_found[json]" time="0.015" /><testcase classname="tests.commands.test_store_commands" name="test_fetchlib_store_is_old[None]" time="0.014" /><testcase classname="tests.commands.test_store_commands" name="test_fetchlib_store_is_old[json]" time="0.014" /><testcase classname="tests.commands.test_store_commands" name="test_fetchlib_store_same_versions_same_hash[None]" time="0.014" /><testcase classname="tests.commands.test_store_commands" name="test_fetchlib_store_same_versions_same_hash[json]" time="0.014" /><testcase classname="tests.commands.test_store_commands" name="test_fetchlib_store_same_versions_different_hash[None]" time="0.016" /><testcase classname="tests.commands.test_store_commands" name="test_fetchlib_store_same_versions_different_hash[json]" time="0.014" /><testcase classname="tests.commands.test_store_commands" name="test_listlib_simple[None]" time="0.014" /><testcase classname="tests.commands.test_store_commands" name="test_listlib_simple[json]" time="0.014" /><testcase classname="tests.commands.test_store_commands" name="test_listlib_charm_from_metadata" time="0.014" /><testcase classname="tests.commands.test_store_commands" name="test_listlib_name_from_metadata_problem" time="0.015" /><testcase classname="tests.commands.test_store_commands" name="test_listlib_empty[None]" time="0.015" /><testcase classname="tests.commands.test_store_commands" name="test_listlib_empty[json]" time="0.018" /><testcase classname="tests.commands.test_store_commands" name="test_listlib_properly_sorted[None]" time="0.016" /><testcase classname="tests.commands.test_store_commands" name="test_listlib_properly_sorted[json]" time="0.015" /><testcase classname="tests.commands.test_store_commands" name="test_resources_simple[None]" time="0.015" /><testcase classname="tests.commands.test_store_commands" name="test_resources_simple[json]" time="0.018" /><testcase classname="tests.commands.test_store_commands" name="test_resources_empty[None]" time="0.014" /><testcase classname="tests.commands.test_store_commands" name="test_resources_empty[json]" time="0.016" /><testcase classname="tests.commands.test_store_commands" name="test_resources_ordered_and_grouped[None]" time="0.014" /><testcase classname="tests.commands.test_store_commands" name="test_resources_ordered_and_grouped[json]" time="0.014" /><testcase classname="tests.commands.test_store_commands" name="test_uploadresource_options_filepath_type" time="0.013" /><testcase classname="tests.commands.test_store_commands" name="test_uploadresource_options_image_type" time="0.013" /><testcase classname="tests.commands.test_store_commands" name="test_uploadresource_options_good_combinations[sysargs0]" time="0.014" /><testcase classname="tests.commands.test_store_commands" name="test_uploadresource_options_good_combinations[sysargs1]" time="0.013" /><testcase classname="tests.commands.test_store_commands" name="test_uploadresource_options_bad_combinations[sysargs0]" time="0.013" /><testcase classname="tests.commands.test_store_commands" name="test_uploadresource_options_bad_combinations[sysargs1]" time="0.013" /><testcase classname="tests.commands.test_store_commands" name="test_uploadresource_filepath_call_ok[None]" time="0.014" /><testcase classname="tests.commands.test_store_commands" name="test_uploadresource_filepath_call_ok[json]" time="0.013" /><testcase classname="tests.commands.test_store_commands" name="test_uploadresource_image_digest_already_uploaded[None]" time="0.030" /><testcase classname="tests.commands.test_store_commands" name="test_uploadresource_image_digest_already_uploaded[json]" time="0.028" /><testcase classname="tests.commands.test_store_commands" name="test_uploadresource_image_digest_upload_from_local" time="0.025" /><testcase classname="tests.commands.test_store_commands" name="test_uploadresource_image_id_upload_from_local" time="0.023" /><testcase classname="tests.commands.test_store_commands" name="test_uploadresource_image_digest_missing_everywhere" time="0.023" /><testcase classname="tests.commands.test_store_commands" name="test_uploadresource_image_id_missing" time="0.018" /><testcase classname="tests.commands.test_store_commands" name="test_uploadresource_call_error[None]" time="0.014" /><testcase classname="tests.commands.test_store_commands" name="test_uploadresource_call_error[json]" time="0.013" /><testcase classname="tests.commands.test_store_registry" name="test_assert_response_ok_simple_json" time="0.002" /><testcase classname="tests.commands.test_store_registry" name="test_assert_response_ok_not_json" time="0.002" /><testcase classname="tests.commands.test_store_registry" name="test_assert_response_ok_different_status" time="0.002" /><testcase classname="tests.commands.test_store_registry" name="test_assert_response_errors_in_result" time="0.002" /><testcase classname="tests.commands.test_store_registry" name="test_assert_response_bad_status_code_with_json_errors" time="0.002" /><testcase classname="tests.commands.test_store_registry" name="test_assert_response_bad_status_code_with_extra_json_errors" time="0.002" /><testcase classname="tests.commands.test_store_registry" name="test_assert_response_bad_status_code_blind" time="0.002" /><testcase classname="tests.commands.test_store_registry" name="test_auth_simple" time="0.003" /><testcase classname="tests.commands.test_store_registry" name="test_auth_with_credentials" time="0.003" /><testcase classname="tests.commands.test_store_registry" name="test_auth_with_just_username" time="0.003" /><testcase classname="tests.commands.test_store_registry" name="test_hit_simple_initial_auth_ok" time="0.003" /><testcase classname="tests.commands.test_store_registry" name="test_hit_simple_re_auth_ok" time="0.004" /><testcase classname="tests.commands.test_store_registry" name="test_hit_simple_re_auth_problems" time="0.003" /><testcase classname="tests.commands.test_store_registry" name="test_hit_different_method" time="0.005" /><testcase classname="tests.commands.test_store_registry" name="test_hit_including_headers" time="0.005" /><testcase classname="tests.commands.test_store_registry" name="test_hit_extra_parameters" time="0.004" /><testcase classname="tests.commands.test_store_registry" name="test_hit_no_log" time="0.005" /><testcase classname="tests.commands.test_store_registry" name="test_ociregistry_is_manifest_uploaded" time="0.004" /><testcase classname="tests.commands.test_store_registry" name="test_ociregistry_is_blob_uploaded" time="0.003" /><testcase classname="tests.commands.test_store_registry" name="test_ociregistry_is_item_uploaded_simple_yes" time="0.003" /><testcase classname="tests.commands.test_store_registry" name="test_ociregistry_is_item_uploaded_simple_no" time="0.003" /><testcase classname="tests.commands.test_store_registry" name="test_ociregistry_is_item_uploaded_redirect[302]" time="0.004" /><testcase classname="tests.commands.test_store_registry" name="test_ociregistry_is_item_uploaded_redirect[307]" time="0.005" /><testcase classname="tests.commands.test_store_registry" name="test_ociregistry_is_item_uploaded_strange_response" time="0.003" /><testcase classname="tests.commands.test_store_registry" name="test_ociregistry_upload_manifest_v2" time="0.004" /><testcase classname="tests.commands.test_store_registry" name="test_ociregistry_upload_blob_complete" time="0.007" /><testcase classname="tests.commands.test_store_registry" name="test_ociregistry_upload_blob_bad_initial_response" time="0.003" /><testcase classname="tests.commands.test_store_registry" name="test_ociregistry_upload_blob_bad_upload_range" time="0.003" /><testcase classname="tests.commands.test_store_registry" name="test_ociregistry_upload_blob_resumed" time="0.005" /><testcase classname="tests.commands.test_store_registry" name="test_ociregistry_upload_blob_bad_response_middle" time="0.005" /><testcase classname="tests.commands.test_store_registry" name="test_ociregistry_upload_blob_bad_response_closing" time="0.005" /><testcase classname="tests.commands.test_store_registry" name="test_ociregistry_upload_blob_bad_final_digest" time="0.005" /><testcase classname="tests.commands.test_store_registry" name="test_localdockerinterface_get_info_by_id_ok" time="0.003" /><testcase classname="tests.commands.test_store_registry" name="test_localdockerinterface_get_info_by_id_not_found" time="0.003" /><testcase classname="tests.commands.test_store_registry" name="test_localdockerinterface_get_info_by_id_bad_response" time="0.003" /><testcase classname="tests.commands.test_store_registry" name="test_localdockerinterface_get_info_by_id_disconnected" time="0.003" /><testcase classname="tests.commands.test_store_registry" name="test_localdockerinterface_get_info_by_digest_ok" time="0.003" /><testcase classname="tests.commands.test_store_registry" name="test_localdockerinterface_get_info_by_digest_not_found" time="0.003" /><testcase classname="tests.commands.test_store_registry" name="test_localdockerinterface_get_info_by_digest_none_digest" time="0.003" /><testcase classname="tests.commands.test_store_registry" name="test_localdockerinterface_get_info_by_digest_bad_response" time="0.003" /><testcase classname="tests.commands.test_store_registry" name="test_localdockerinterface_get_info_by_digest_disconnected" time="0.003" /><testcase classname="tests.commands.test_store_registry" name="test_localdockerinterface_get_streamed_content" time="0.003" /><testcase classname="tests.commands.test_store_registry" name="test_imagehandler_check_in_registry_yes" time="0.002" /><testcase classname="tests.commands.test_store_registry" name="test_imagehandler_check_in_registry_no" time="0.002" /><testcase classname="tests.commands.test_store_registry" name="test_imagehandler_extract_file_simple" time="0.004" /><testcase classname="tests.commands.test_store_registry" name="test_imagehandler_extract_file_compressed_ok" time="0.004" /><testcase classname="tests.commands.test_store_registry" name="test_imagehandler_extract_file_compressed_deterministic" time="0.004" /><testcase classname="tests.commands.test_store_registry" name="test_imagehandler_uploadblob_first_time" time="0.003" /><testcase classname="tests.commands.test_store_registry" name="test_imagehandler_uploadblob_duplicated" time="0.003" /><testcase classname="tests.commands.test_store_registry" name="test_imagehandler_uploadfromlocal_complete" time="0.005" /><testcase classname="tests.commands.test_store_registry" name="test_imagehandler_uploadfromlocal_no_config" time="0.004" /><testcase classname="tests.commands.test_version" name="test_version_result" time="0.002" /><testcase classname="tests.commands.test_version" name="test_version_result_formatjson" time="0.002" /><testcase classname="tests.extensions.test_extensions" name="test_experimental_with_env" time="0.003" /><testcase classname="tests.extensions.test_extensions" name="test_experimental_no_env" time="0.003" /><testcase classname="tests.extensions.test_extensions" name="test_wrong_base" time="0.004" /><testcase classname="tests.extensions.test_extensions" name="test_invalid_parts" time="0.003" /><testcase classname="tests.extensions.test_extensions" name="test_apply_extensions" time="0.003" /><testcase classname="tests.extensions.test_extensions" name="test_load_charmcraft_yaml_with_extensions[type: charm\nname: test-charm-name-from-charmcraft-yaml\nsummary: test summary\ndescription: test description\nbases:\n  - name: ubuntu\n    channel: &quot;22.04&quot;\nextensions:\n  - full-extension\nparts:\n  foo:\n    plugin: nil\n    stage-packages:\n      - old-package\n]" time="0.006" /><testcase classname="tests.extensions.test_extensions" name="test_load_charmcraft_yaml_with_extensions_unsupported_base[type: charm\nname: test-charm-name-from-charmcraft-yaml\nsummary: test summary\ndescription: test description\nbases:\n  - name: ubuntu\n    channel: &quot;20.04&quot;\n  - name: ubuntu\n    channel: &quot;22.04&quot;\nextensions:\n  - full-extension\nparts:\n  foo:\n    plugin: nil\n    stage-packages:\n      - old-package\n]" time="0.006" /><testcase classname="tests.extensions.test_gunicorn" name="test_flask_extension" time="0.003" /><testcase classname="tests.extensions.test_gunicorn" name="test_flask_protected_fields[type]" time="0.003" /><testcase classname="tests.extensions.test_gunicorn" name="test_flask_protected_fields[containers]" time="0.003" /><testcase classname="tests.extensions.test_gunicorn" name="test_flask_protected_fields[peers]" time="0.003" /><testcase classname="tests.extensions.test_gunicorn" name="test_flask_protected_fields[resources]" time="0.003" /><testcase classname="tests.extensions.test_gunicorn" name="test_flask_merge_options" time="0.003" /><testcase classname="tests.extensions.test_gunicorn" name="test_flask_merge_action" time="0.003" /><testcase classname="tests.extensions.test_gunicorn" name="test_flask_merge_relation" time="0.003" /><testcase classname="tests.extensions.test_gunicorn" name="test_flask_incompatible_fields[devices]" time="0.003" /><testcase classname="tests.extensions.test_gunicorn" name="test_flask_incompatible_fields[extra-bindings]" time="0.003" /><testcase classname="tests.extensions.test_gunicorn" name="test_flask_incompatible_fields[storage]" time="0.003" /><testcase classname="tests.extensions.test_gunicorn" name="test_flask_incompatible_fields[duplicate-options]" time="0.003" /><testcase classname="tests.extensions.test_gunicorn" name="test_flask_incompatible_fields[duplicate-requires]" time="0.003" /><testcase classname="tests.extensions.test_gunicorn" name="test_flask_incompatible_fields[duplicate-provides]" time="0.003" /><testcase classname="tests.extensions.test_gunicorn" name="test_flask_incompatible_fields[reserved-config-prefix-webserver]" time="0.003" /><testcase classname="tests.extensions.test_gunicorn" name="test_flask_incompatible_fields[reserved-config-prefix-flask]" time="0.003" /><testcase classname="tests.extensions.test_gunicorn" name="test_handle_charm_part" time="0.003" /><testcase classname="tests.extensions.test_registry" name="test_get_extension_names" time="0.002" /><testcase classname="tests.extensions.test_registry" name="test_get_extension_class" time="0.002" /><testcase classname="tests.extensions.test_registry" name="test_get_extension_class_error" time="0.002" /><testcase classname="tests.extensions.test_registry" name="test_get_extensions" time="0.002" /><testcase classname="tests.extensions.test_registry" name="test_register" time="0.002" /><testcase classname="tests.extensions.test_registry" name="test_unregister" time="0.002" /><testcase classname="tests.integration.commands.test_analyse" name="test_options_format_possible_values" time="0.004" /><testcase classname="tests.integration.commands.test_analyse" name="test_expanded_charm_permissions[511]" time="0.107" /><testcase classname="tests.integration.commands.test_analyse" name="test_expanded_charm_permissions[488]" time="0.015" /><testcase classname="tests.integration.commands.test_analyse" name="test_expanded_charm_permissions[292]" time="0.014" /><testcase classname="tests.integration.commands.test_analyse" name="test_corrupt_charm" time="0.010" /><testcase classname="tests.integration.commands.test_analyse" name="test_integration_linters" time="0.014" /><testcase classname="tests.integration.commands.test_analyse" name="test_complete_set_of_results[None]" time="0.014" /><testcase classname="tests.integration.commands.test_analyse" name="test_complete_set_of_results[json]" time="0.015" /><testcase classname="tests.integration.commands.test_analyse" name="test_only_attributes" time="0.012" /><testcase classname="tests.integration.commands.test_analyse" name="test_only_warnings" time="0.012" /><testcase classname="tests.integration.commands.test_analyse" name="test_only_errors" time="0.013" /><testcase classname="tests.integration.commands.test_analyse" name="test_both_errors_and_warnings" time="0.013" /><testcase classname="tests.integration.commands.test_analyse" name="test_only_lint_ok" time="0.013" /><testcase classname="tests.integration.commands.test_analyse" name="test_only_fatal" time="0.013" /><testcase classname="tests.integration.commands.test_expand_extensions" name="test_expand_extensions_simple[\nname: test-charm-name\ntype: charm\nsummary: test-summary\ndescription: test-description\nextensions: [test-extension]\nbase: ubuntu@22.04\nplatforms:\n  amd64:\n-name: test-charm-name\nsummary: test-summary\ndescription: test-description\nbase: ubuntu@22.04\nplatforms:\n  amd64: null\nparts: {}\ntype: charm\nterms:\n- https://example.com/test\n]" time="0.011" /><testcase classname="tests.integration.commands.test_extensions" name="test_list_extensions[None-Extension name    Supported bases    Experimental bases\n----------------  -----------------  --------------------\nf1                ubuntu@22.04       ubuntu@24.04\nf2                                   almalinux@9]" time="0.003" /><testcase classname="tests.integration.commands.test_extensions" name="test_list_extensions[json-[\n    {\n        &quot;name&quot;: &quot;f1&quot;,\n        &quot;bases&quot;: [\n            &quot;ubuntu@22.04&quot;\n        ],\n        &quot;experimental_bases&quot;: [\n            &quot;ubuntu@24.04&quot;\n        ]\n    },\n    {\n        &quot;name&quot;: &quot;f2&quot;,\n        &quot;bases&quot;: [],\n        &quot;experimental_bases&quot;: [\n            &quot;almalinux@9&quot;\n        ]\n    }\n]]" time="0.003" /><testcase classname="tests.integration.commands.test_init" name="test_files_created_correct[ascii-author-my-charm-simple]" time="0.026" /><testcase classname="tests.integration.commands.test_init" name="test_files_created_correct[ascii-author-my-charm-machine]" time="0.014" /><testcase classname="tests.integration.commands.test_init" name="test_files_created_correct[ascii-author-my-charm-kubernetes]" time="0.015" /><testcase classname="tests.integration.commands.test_init" name="test_files_created_correct[ascii-author-charm123-simple]" time="0.016" /><testcase classname="tests.integration.commands.test_init" name="test_files_created_correct[ascii-author-charm123-machine]" time="0.012" /><testcase classname="tests.integration.commands.test_init" name="test_files_created_correct[ascii-author-charm123-kubernetes]" time="0.013" /><testcase classname="tests.integration.commands.test_init" name="test_files_created_correct[non-ascii-author-my-charm-simple]" time="0.014" /><testcase classname="tests.integration.commands.test_init" name="test_files_created_correct[non-ascii-author-my-charm-machine]" time="0.012" /><testcase classname="tests.integration.commands.test_init" name="test_files_created_correct[non-ascii-author-my-charm-kubernetes]" time="0.013" /><testcase classname="tests.integration.commands.test_init" name="test_files_created_correct[non-ascii-author-charm123-simple]" time="0.014" /><testcase classname="tests.integration.commands.test_init" name="test_files_created_correct[non-ascii-author-charm123-machine]" time="0.013" /><testcase classname="tests.integration.commands.test_init" name="test_files_created_correct[non-ascii-author-charm123-kubernetes]" time="0.013" /><testcase classname="tests.integration.commands.test_init" name="test_force" time="0.013" /><testcase classname="tests.integration.commands.test_init" name="test_bad_name[None]" time="0.003" /><testcase classname="tests.integration.commands.test_init" name="test_bad_name[0]" time="0.003" /><testcase classname="tests.integration.commands.test_init" name="test_bad_name[1234]" time="0.003" /><testcase classname="tests.integration.commands.test_init" name="test_bad_name[yolo swag]" time="0.003" /><testcase classname="tests.integration.commands.test_init" name="test_bad_name[camelCase]" time="0.003" /><testcase classname="tests.integration.commands.test_init" name="test_gecos_valid_author[ascii-author]" time="0.014" /><testcase classname="tests.integration.commands.test_init" name="test_gecos_valid_author[non-ascii-author]" time="0.013" /><testcase classname="tests.integration.commands.test_init" name="test_gecos_user_not_found[user-doesnt-exist]" time="0.003" /><testcase classname="tests.integration.commands.test_init" name="test_gecos_user_has_no_name" time="0.003" /><testcase classname="tests.integration.commands.test_init" name="test_create_directory[expected_files0-somedir]" time="0.014" /><testcase classname="tests.integration.commands.test_init" name="test_create_directory[expected_files0-some/dir]" time="0.015" /><testcase classname="tests.integration.commands.test_init" name="test_create_directory[expected_files0-a/really/deep/path/with_parents/all/created]" time="0.016" /><testcase classname="tests.integration.commands.test_init" name="test_create_directory[expected_files0-/tmp/test_charm_dir-absolute_directory_path]" time="0.016" /><testcase classname="tests.integration.commands.test_init" name="test_executable_set" time="0.014" /><testcase classname="tests.integration.commands.test_init" name="test_tox_success[simple]" time="1.828" /><testcase classname="tests.integration.commands.test_init" name="test_tox_success[kubernetes]" time="1.693" /><testcase classname="tests.integration.commands.test_init" name="test_tox_success[machine]" time="1.716" /><testcase classname="tests.integration.commands.test_init" name="test_tox_success[flask-framework]" time="0.009"><skipped type="pytest.skip" message="init template doesn't contain tox.ini file">/home/tameyer/code/charmcraft/tests/integration/commands/test_init.py:255: init template doesn't contain tox.ini file</skipped></testcase><testcase classname="tests.integration.commands.test_init" name="test_pep257[simple]" time="0.021" /><testcase classname="tests.integration.commands.test_init" name="test_pep257[kubernetes]" time="0.015" /><testcase classname="tests.integration.commands.test_init" name="test_pep257[machine]" time="0.014" /><testcase classname="tests.integration.commands.test_init" name="test_pep257[flask-framework]" time="0.008" /><testcase classname="tests.integration.commands.test_pack" name="test_build_basic_bundle[{}-bundle.zip]" time="1.008" /><testcase classname="tests.integration.commands.test_pack" name="test_build_basic_bundle[name: my-bundle-my-bundle.zip]" time="1.022" /><testcase classname="tests.integration.commands.test_pack" name="test_build_basic_charm[bases-charm]" time="0.001"><skipped type="pytest.skip" message="Bases charm only tested on jammy.">/home/tameyer/code/charmcraft/tests/integration/commands/test_pack.py:55: Bases charm only tested on jammy.</skipped></testcase><testcase classname="tests.integration.commands.test_pack" name="test_build_basic_charm[platforms-jammy-charm]" time="0.000"><skipped type="pytest.skip" message="Jammy charms only tested on jammy">/home/tameyer/code/charmcraft/tests/integration/commands/test_pack.py:55: Jammy charms only tested on jammy</skipped></testcase><testcase classname="tests.integration.commands.test_pack" name="test_build_basic_charm[platforms-jammy-basic]" time="0.000"><skipped type="pytest.skip" message="Jammy charms only tested on jammy">/home/tameyer/code/charmcraft/tests/integration/commands/test_pack.py:55: Jammy charms only tested on jammy</skipped></testcase><testcase classname="tests.integration.commands.test_pack" name="test_build_basic_charm[platforms-noble]" time="0.000"><skipped type="pytest.skip" message="Noble charm needs noble">/home/tameyer/code/charmcraft/tests/integration/commands/test_pack.py:55: Noble charm needs noble</skipped></testcase><testcase classname="tests.integration.commands.test_resource_revisions" name="test_resourcerevisions_simple[None]" time="0.006" /><testcase classname="tests.integration.commands.test_resource_revisions" name="test_resourcerevisions_simple[json]" time="0.004" /><testcase classname="tests.integration.commands.test_resource_revisions" name="test_resourcerevisions_empty[None]" time="0.004" /><testcase classname="tests.integration.commands.test_resource_revisions" name="test_resourcerevisions_empty[json]" time="0.004" /><testcase classname="tests.integration.commands.test_resource_revisions" name="test_resourcerevisions_ordered_by_revision[None]" time="0.004" /><testcase classname="tests.integration.commands.test_resource_revisions" name="test_resourcerevisions_ordered_by_revision[json]" time="0.005" /><testcase classname="tests.integration.commands.test_set_resource_architectures" name="test_set_resource_architectures[args0-list_response0-No revisions updated.]" time="0.005" /><testcase classname="tests.integration.commands.test_set_resource_architectures" name="test_set_resource_architectures[args1-list_response1-[]]" time="0.004" /><testcase classname="tests.integration.commands.test_set_resource_architectures" name="test_set_resource_architectures[args2-list_response2-  Revision  Updated At    Architectures\n----------  ------------  ---------------\n         1  --            amd64,arm64]" time="0.005" /><testcase classname="tests.integration.commands.test_set_resource_architectures" name="test_set_resource_architectures[args3-list_response3-[\n    {\n        &quot;revision&quot;: 1,\n        &quot;updated_at&quot;: null,\n        &quot;architectures&quot;: [\n            &quot;amd64&quot;,\n            &quot;arm64&quot;\n        ]\n    }\n]]" time="0.004" /><testcase classname="tests.integration.services.test_lifecycle" name="test_init_lifecycle" time="0.025" /><testcase classname="tests.integration.services.test_package" name="test_write_metadata[basic]" time="0.089" /><testcase classname="tests.integration.services.test_package" name="test_write_metadata[complex-self-contained]" time="0.077" /><testcase classname="tests.integration.services.test_package" name="test_write_metadata[complex-legacy]" time="0.063" /><testcase classname="tests.integration.test_application" name="test_load_charm[charm_dir0]" time="0.023" /><testcase classname="tests.integration.test_application" name="test_load_charm[charm_dir1]" time="0.024" /><testcase classname="tests.integration.test_application" name="test_load_charm[charm_dir2]" time="0.015" /><testcase classname="tests.integration.test_application" name="test_load_charm[charm_dir3]" time="0.013" /><testcase classname="tests.integration.test_application" name="test_load_charm[charm_dir4]" time="0.020" /><testcase classname="tests.integration.test_application" name="test_load_charm[charm_dir5]" time="0.020" /><testcase classname="tests.test_actions" name="test_create_actions_yaml" time="0.016" /><testcase classname="tests.test_actions" name="test_create_actions_yaml_none" time="0.004" /><testcase classname="tests.test_bases" name="test_get_host_as_base" time="0.003" /><testcase classname="tests.test_bases" name="test_check_if_bases_matches_host_matches" time="0.004" /><testcase classname="tests.test_bases" name="test_check_if_bases_matches_host_name_mismatch" time="0.003" /><testcase classname="tests.test_bases" name="test_check_if_bases_matches_host_channel_mismatch" time="0.003" /><testcase classname="tests.test_bases" name="test_check_if_bases_matches_host_arch_mismatch" time="0.003" /><testcase classname="tests.test_charm_builder" name="test_build_generics_simple_files" time="0.004" /><testcase classname="tests.test_charm_builder" name="test_build_generics_simple_dir" time="0.003" /><testcase classname="tests.test_charm_builder" name="test_build_generics_ignored_file" time="0.004" /><testcase classname="tests.test_charm_builder" name="test_build_generics_ignored_dir" time="0.004" /><testcase classname="tests.test_charm_builder" name="test_build_generics_tree" time="0.005" /><testcase classname="tests.test_charm_builder" name="test_build_generics_tree_vagrant" time="0.005" /><testcase classname="tests.test_charm_builder" name="test_build_generics_tree_xdev" time="0.005" /><testcase classname="tests.test_charm_builder" name="test_build_generics_symlink_file" time="0.003" /><testcase classname="tests.test_charm_builder" name="test_build_generics_symlink_dir" time="0.004" /><testcase classname="tests.test_charm_builder" name="test_build_generics_symlink_deep" time="0.004" /><testcase classname="tests.test_charm_builder" name="test_build_generics_symlink_file_outside" time="0.004" /><testcase classname="tests.test_charm_builder" name="test_build_generics_symlink_directory_outside" time="0.004" /><testcase classname="tests.test_charm_builder" name="test_build_generics_different_filetype" time="0.004" /><testcase classname="tests.test_charm_builder" name="test_build_dispatcher_modern_dispatch_created" time="0.003" /><testcase classname="tests.test_charm_builder" name="test_build_dispatcher_modern_dispatch_respected" time="0.003" /><testcase classname="tests.test_charm_builder" name="test_build_dispatcher_classic_hooks_mandatory_created" time="0.003" /><testcase classname="tests.test_charm_builder" name="test_build_dispatcher_classic_hooks_mandatory_respected" time="0.003" /><testcase classname="tests.test_charm_builder" name="test_build_dispatcher_classic_hooks_linking_charm_replaced" time="0.004" /><testcase classname="tests.test_charm_builder" name="test_build_dependencies_virtualenv_simple" time="0.213" /><testcase classname="tests.test_charm_builder" name="test_build_dependencies_virtualenv_multiple" time="0.193" /><testcase classname="tests.test_charm_builder" name="test_build_dependencies_virtualenv_none" time="0.005" /><testcase classname="tests.test_charm_builder" name="test_build_dependencies_virtualenv_packages" time="0.192" /><testcase classname="tests.test_charm_builder" name="test_build_dependencies_virtualenv_binary_packages" time="0.192" /><testcase classname="tests.test_charm_builder" name="test_build_dependencies_virtualenv_all" time="0.200" /><testcase classname="tests.test_charm_builder" name="test_build_dependencies_no_reused_missing_venv" time="0.406" /><testcase classname="tests.test_charm_builder" name="test_build_dependencies_no_reused_missing_hash_file" time="0.396" /><testcase classname="tests.test_charm_builder" name="test_build_dependencies_no_reused_problematic_hash_file" time="0.396" /><testcase classname="tests.test_charm_builder" name="test_build_dependencies_no_reused_different_dependencies[ops==2-None-None-None]" time="0.373" /><testcase classname="tests.test_charm_builder" name="test_build_dependencies_no_reused_different_dependencies[None-new_pypackages1-None-None]" time="0.409" /><testcase classname="tests.test_charm_builder" name="test_build_dependencies_no_reused_different_dependencies[None-None-new_pybinaries2-None]" time="0.380" /><testcase classname="tests.test_charm_builder" name="test_build_dependencies_no_reused_different_dependencies[None-None-None-new_charmlibdeps3]" time="0.415" /><testcase classname="tests.test_charm_builder" name="test_build_dependencies_reused" time="0.410" /><testcase classname="tests.test_charm_builder" name="test_builder_without_jujuignore" time="0.005" /><testcase classname="tests.test_charm_builder" name="test_builder_with_jujuignore" time="0.004" /><testcase classname="tests.test_charm_builder" name="test_builder_arguments_defaults" time="0.005" /><testcase classname="tests.test_charm_builder" name="test_builder_arguments_full" time="0.005" /><testcase classname="tests.test_charm_builder" name="test_processrun_base" time="0.004" /><testcase classname="tests.test_charm_builder" name="test_processrun_stdout_logged" time="0.004" /><testcase classname="tests.test_charm_builder" name="test_processrun_stderr_logged" time="0.097" /><testcase classname="tests.test_charm_builder" name="test_processrun_failed" time="0.095" /><testcase classname="tests.test_charm_builder" name="test_processrun_crashed" time="0.004" /><testcase classname="tests.test_charm_builder" name="test_find_venv_bin[win32-/basedir/Scripts/cmd.exe]" time="0.002" /><testcase classname="tests.test_charm_builder" name="test_find_venv_bin[linux-/basedir/bin/cmd]" time="0.002" /><testcase classname="tests.test_charm_builder" name="test_find_venv_bin[darwin-/basedir/bin/cmd]" time="0.002" /><testcase classname="tests.test_charm_builder" name="test_find_venv_site_packages[win32-/basedir/PythonXY/site-packages]" time="0.002" /><testcase classname="tests.test_charm_builder" name="test_find_venv_site_packages[linux-/basedir/lib/pythonX.Y/site-packages]" time="0.004" /><testcase classname="tests.test_charm_builder" name="test_find_venv_site_packages[darwin-/basedir/lib/pythonX.Y/site-packages]" time="0.003" /><testcase classname="tests.test_config" name="test_load_current_directory[type: charm\n-name: test-charm-name-from-metadata-yaml\nsummary: test summary\ndescription: test description\n]" time="0.006" /><testcase classname="tests.test_config" name="test_load_current_directory[type: charm\nname: test-charm-name-from-charmcraft-yaml\nsummary: test summary\ndescription: test description\n-None]" time="0.007" /><testcase classname="tests.test_config" name="test_load_managed_mode_directory" time="0.004" /><testcase classname="tests.test_config" name="test_load_specific_directory_ok[type: charm\n-name: test-charm-name-from-metadata-yaml\nsummary: test summary\ndescription: test description\n]" time="0.005" /><testcase classname="tests.test_config" name="test_load_specific_directory_ok[type: charm\nname: test-charm-name-from-charmcraft-yaml\nsummary: test summary\ndescription: test description\n-None]" time="0.005" /><testcase classname="tests.test_config" name="test_load_optional_charmcraft_missing" time="0.005" /><testcase classname="tests.test_config" name="test_load_optional_charmcraft_bad_directory" time="0.003" /><testcase classname="tests.test_config" name="test_load_specific_directory_resolved[type: charm\n-name: test-charm-name-from-metadata-yaml\nsummary: test summary\ndescription: test description\n]" time="0.005" /><testcase classname="tests.test_config" name="test_load_specific_directory_resolved[type: charm\nname: test-charm-name-from-charmcraft-yaml\nsummary: test summary\ndescription: test description\n-None]" time="0.005" /><testcase classname="tests.test_config" name="test_load_specific_directory_expanded[type: charm\n-name: test-charm-name-from-metadata-yaml\nsummary: test summary\ndescription: test description\n]" time="0.005" /><testcase classname="tests.test_config" name="test_load_specific_directory_expanded[type: charm\nname: test-charm-name-from-charmcraft-yaml\nsummary: test summary\ndescription: test description\n-None]" time="0.005" /><testcase classname="tests.test_config" name="test_load_metadata_keys_exists_both" time="0.004" /><testcase classname="tests.test_config" name="test_schema_top_level_no_extra_properties[type: charm\nwhatever: new-stuff\n-name: test-charm-name-from-metadata-yaml\nsummary: test summary\ndescription: test description\n]" time="0.005" /><testcase classname="tests.test_config" name="test_schema_top_level_no_extra_properties[type: charm\nwhatever: new-stuff\nname: test-charm-name-from-charmcraft-yaml\nsummary: test summary\ndescription: test description\n-None]" time="0.006" /><testcase classname="tests.test_config" name="test_schema_type_missing[charmhub:\n  api-url: https://www.canonical.com\nbases:\n  - build-on:\n      - name: test-build-name\n        channel: test-build-channel\n    run-on:\n      - name: test-build-name\n        channel: test-build-channel\n-name: test-charm-name-from-metadata-yaml\nsummary: test summary\ndescription: test description\n]" time="0.006" /><testcase classname="tests.test_config" name="test_schema_type_missing[name: test-charm-name-from-charmcraft-yaml\nsummary: test summary\ndescription: test description\ncharmhub:\n  api-url: https://www.canonical.com\nbases:\n  - build-on:\n      - name: test-build-name\n        channel: test-build-channel\n    run-on:\n      - name: test-build-name\n        channel: test-build-channel\n-None]" time="0.007" /><testcase classname="tests.test_config" name="test_schema_type_bad_type[type: 33\n-name: test-charm-name-from-metadata-yaml\nsummary: test summary\ndescription: test description\n]" time="0.005" /><testcase classname="tests.test_config" name="test_schema_type_bad_type[type: 33\nname: test-charm-name-from-charmcraft-yaml\nsummary: test summary\ndescription: test description\n-None]" time="0.007" /><testcase classname="tests.test_config" name="test_schema_type_limited_values[type: whatever\n-name: test-charm-name-from-metadata-yaml\nsummary: test summary\ndescription: test description\n]" time="0.004" /><testcase classname="tests.test_config" name="test_schema_type_limited_values[type: whatever\nname: test-charm-name-from-charmcraft-yaml\nsummary: test summary\ndescription: test description\n-None]" time="0.005" /><testcase classname="tests.test_config" name="test_schema_charmhub_api_url_bad_type[type: charm\ncharmhub:\n  api-url: 33\n-name: test-charm-name-from-metadata-yaml\nsummary: test summary\ndescription: test description\n]" time="0.005" /><testcase classname="tests.test_config" name="test_schema_charmhub_api_url_bad_type[type: charm\nname: test-charm-name-from-charmcraft-yaml\nsummary: test summary\ndescription: test description\ncharmhub:\n  api-url: 33\n-None]" time="0.005" /><testcase classname="tests.test_config" name="test_schema_charmhub_api_url_bad_format[type: charm\ncharmhub:\n  api-url: stuff.com\n-name: test-charm-name-from-metadata-yaml\nsummary: test summary\ndescription: test description\n]" time="0.005" /><testcase classname="tests.test_config" name="test_schema_charmhub_api_url_bad_format[type: charm\nname: test-charm-name-from-charmcraft-yaml\nsummary: test summary\ndescription: test description\ncharmhub:\n  api-url: stuff.com\n-None]" time="0.005" /><testcase classname="tests.test_config" name="test_schema_charmhub_storage_url_bad_type[type: charm\ncharmhub:\n  storage-url: 33\n-name: test-charm-name-from-metadata-yaml\nsummary: test summary\ndescription: test description\n]" time="0.005" /><testcase classname="tests.test_config" name="test_schema_charmhub_storage_url_bad_type[type: charm\nname: test-charm-name-from-charmcraft-yaml\nsummary: test summary\ndescription: test description\ncharmhub:\n  storage-url: 33\n-None]" time="0.006" /><testcase classname="tests.test_config" name="test_schema_charmhub_storage_url_bad_format[type: charm\ncharmhub:\n  storage-url: stuff.com\n-name: test-charm-name-from-metadata-yaml\nsummary: test summary\ndescription: test description\n]" time="0.005" /><testcase classname="tests.test_config" name="test_schema_charmhub_storage_url_bad_format[type: charm\nname: test-charm-name-from-charmcraft-yaml\nsummary: test summary\ndescription: test description\ncharmhub:\n  storage-url: stuff.com\n-None]" time="0.005" /><testcase classname="tests.test_config" name="test_schema_charmhub_registry_url_bad_type[type: charm\ncharmhub:\n  registry-url: 33\n-name: test-charm-name-from-metadata-yaml\nsummary: test summary\ndescription: test description\n]" time="0.005" /><testcase classname="tests.test_config" name="test_schema_charmhub_registry_url_bad_type[type: charm\nname: test-charm-name-from-charmcraft-yaml\nsummary: test summary\ndescription: test description\ncharmhub:\n  registry-url: 33\n-None]" time="0.005" /><testcase classname="tests.test_config" name="test_schema_charmhub_registry_url_bad_format[type: charm\ncharmhub:\n  registry-url: stuff.com\n-name: test-charm-name-from-metadata-yaml\nsummary: test summary\ndescription: test description\n]" time="0.005" /><testcase classname="tests.test_config" name="test_schema_charmhub_registry_url_bad_format[type: charm\nname: test-charm-name-from-charmcraft-yaml\nsummary: test summary\ndescription: test description\ncharmhub:\n  registry-url: stuff.com\n-None]" time="0.005" /><testcase classname="tests.test_config" name="test_schema_charmhub_no_extra_properties[type: charm\ncharmhub:\n  storage-url: https://some.server.com\n  crazy: false\n-name: test-charm-name-from-metadata-yaml\nsummary: test summary\ndescription: test description\n]" time="0.005" /><testcase classname="tests.test_config" name="test_schema_charmhub_no_extra_properties[type: charm\nname: test-charm-name-from-charmcraft-yaml\nsummary: test summary\ndescription: test description\ncharmhub:\n  storage-url: https://some.server.com\n  crazy: false\n-None]" time="0.005" /><testcase classname="tests.test_config" name="test_schema_basicprime_bad_init_structure[type: bundle\nparts: ['foo', 'bar']\n-name: test-charm-name-from-metadata-yaml\nsummary: test summary\ndescription: test description\n]" time="0.005" /><testcase classname="tests.test_config" name="test_schema_basicprime_bad_init_structure[type: bundle\nname: test-charm-name-from-charmcraft-yaml\nsummary: test summary\ndescription: test description\nparts: ['foo', 'bar']\n-None]" time="0.005" /><testcase classname="tests.test_config" name="test_schema_basicprime_bad_bundle_structure[type: bundle\nparts:\n  charm: ['foo', 'bar']\n-name: test-charm-name-from-metadata-yaml\nsummary: test summary\ndescription: test description\n]" time="0.005" /><testcase classname="tests.test_config" name="test_schema_basicprime_bad_bundle_structure[type: bundle\nname: test-charm-name-from-charmcraft-yaml\nsummary: test summary\ndescription: test description\nparts:\n  charm: ['foo', 'bar']\n-None]" time="0.005" /><testcase classname="tests.test_config" name="test_schema_basicprime_bad_prime_structure[type: bundle\nparts:\n  charm:\n    prime: foo\n-name: test-charm-name-from-metadata-yaml\nsummary: test summary\ndescription: test description\n]" time="0.005" /><testcase classname="tests.test_config" name="test_schema_basicprime_bad_prime_structure[type: bundle\nname: test-charm-name-from-charmcraft-yaml\nsummary: test summary\ndescription: test description\nparts:\n  charm:\n    prime: foo\n-None]" time="0.007" /><testcase classname="tests.test_config" name="test_schema_basicprime_bad_prime_type[type: bundle\nparts:\n  charm:\n    prime: [{}, 'foo']\n-name: test-charm-name-from-metadata-yaml\nsummary: test summary\ndescription: test description\n]" time="0.006" /><testcase classname="tests.test_config" name="test_schema_basicprime_bad_prime_type[type: bundle\nname: test-charm-name-from-charmcraft-yaml\nsummary: test summary\ndescription: test description\nparts:\n  charm:\n    prime: [{}, 'foo']\n-None]" time="0.005" /><testcase classname="tests.test_config" name="test_schema_basicprime_bad_prime_type_empty[type: bundle\nparts:\n  charm:\n    prime: ['', 'foo']\n-name: test-charm-name-from-metadata-yaml\nsummary: test summary\ndescription: test description\n]" time="0.005" /><testcase classname="tests.test_config" name="test_schema_basicprime_bad_prime_type_empty[type: bundle\nname: test-charm-name-from-charmcraft-yaml\nsummary: test summary\ndescription: test description\n\nparts:\n  charm:\n    prime: ['', 'foo']\n-None]" time="0.005" /><testcase classname="tests.test_config" name="test_schema_basicprime_bad_content_format[type: bundle\nname: test-charm-name-from-metadata-yaml\nsummary: test summary\ndescription: test description\nparts:\n  charm:\n    prime: ['/bar/foo', 'foo']\n-None]" time="0.005" /><testcase classname="tests.test_config" name="test_schema_additional_part[type: bundle\nparts:\n  other-part: 1\n  charm:\n    prime: ['/bar/foo', 'foo']\n-name: test-charm-name-from-metadata-yaml\nsummary: test summary\ndescription: test description\n]" time="0.005" /><testcase classname="tests.test_config" name="test_schema_additional_part[type: bundle\nname: test-charm-name-from-charmcraft-yaml\nsummary: test summary\ndescription: test description\nparts:\n  other-part: 1\n  charm:\n    prime: ['/bar/foo', 'foo']\n-None]" time="0.005" /><testcase classname="tests.test_config" name="test_schema_other_charm_part_no_source[type: charm\nbases:  # mandatory\n  - build-on:\n      - name: test-build-name\n        channel: test-build-channel\n    run-on:\n      - name: test-build-name\n        channel: test-build-channel\nparts:\n  other-part:\n    plugin: charm\n-name: test-charm-name-from-metadata-yaml\nsummary: test summary\ndescription: test description\n]" time="0.006" /><testcase classname="tests.test_config" name="test_schema_other_charm_part_no_source[type: charm\nname: test-charm-name-from-charmcraft-yaml\nsummary: test summary\ndescription: test description\nbases:  # mandatory\n  - build-on:\n      - name: test-build-name\n        channel: test-build-channel\n    run-on:\n      - name: test-build-name\n        channel: test-build-channel\nparts:\n  other-part:\n    plugin: charm\n-None]" time="0.006" /><testcase classname="tests.test_config" name="test_schema_other_bundle_part_no_source[type: bundle\nparts:\n  other-part:\n    plugin: bundle\n-name: test-charm-name-from-metadata-yaml\nsummary: test summary\ndescription: test description\n]" time="0.006" /><testcase classname="tests.test_config" name="test_schema_other_bundle_part_no_source[type: bundle\nname: test-charm-name-from-charmcraft-yaml\nsummary: test summary\ndescription: test description\nparts:\n  other-part:\n    plugin: bundle\n-None]" time="0.005" /><testcase classname="tests.test_config" name="test_schema_doublelayer_no_parts_type_charm[type: charm\nbases:\n  - name: somebase\n    channel: &quot;30.04&quot;\n-name: test-charm-name-from-metadata-yaml\nsummary: test summary\ndescription: test description\n]" time="0.006" /><testcase classname="tests.test_config" name="test_schema_doublelayer_no_parts_type_charm[type: charm\nname: test-charm-name-from-charmcraft-yaml\nsummary: test summary\ndescription: test description\nbases:\n  - name: somebase\n    channel: &quot;30.04&quot;\n-None]" time="0.005" /><testcase classname="tests.test_config" name="test_schema_doublelayer_no_parts_type_bundle[type: bundle\n-name: test-charm-name-from-metadata-yaml\nsummary: test summary\ndescription: test description\n]" time="0.005" /><testcase classname="tests.test_config" name="test_schema_doublelayer_no_parts_type_bundle[type: bundle\nname: test-charm-name-from-charmcraft-yaml\nsummary: test summary\ndescription: test description\n-None]" time="0.005" /><testcase classname="tests.test_config" name="test_schema_doublelayer_parts_no_charm[type: charm\nbases:\n  - name: somebase\n    channel: &quot;30.04&quot;\nparts:\n  mycharm:\n    plugin: dump\n    source: https://the.net/whatever.tar.gz\n    source-type: tar\n-name: test-charm-name-from-metadata-yaml\nsummary: test summary\ndescription: test description\n]" time="0.006" /><testcase classname="tests.test_config" name="test_schema_doublelayer_parts_no_charm[type: charm\nname: test-charm-name-from-charmcraft-yaml\nsummary: test summary\ndescription: test description\nbases:\n  - name: somebase\n    channel: &quot;30.04&quot;\nparts:\n  mycharm:\n    plugin: dump\n    source: https://the.net/whatever.tar.gz\n    source-type: tar\n-None]" time="0.006" /><testcase classname="tests.test_config" name="test_schema_doublelayer_parts_with_charm_plugin_missing[type: charm\nbases:\n  - name: somebase\n    channel: &quot;30.04&quot;\nparts:\n  charm:\n    prime: [to_be_included.*]  # random key to have a valid yaml\n-name: test-charm-name-from-metadata-yaml\nsummary: test summary\ndescription: test description\n]" time="0.006" /><testcase classname="tests.test_config" name="test_schema_doublelayer_parts_with_charm_plugin_missing[type: charm\nname: test-charm-name-from-charmcraft-yaml\nsummary: test summary\ndescription: test description\nbases:\n  - name: somebase\n    channel: &quot;30.04&quot;\nparts:\n  charm:\n    prime: [to_be_included.*]  # random key to have a valid yaml\n-None]" time="0.006" /><testcase classname="tests.test_config" name="test_schema_doublelayer_parts_with_charm_plugin_charm[type: charm\nbases:\n  - name: somebase\n    channel: &quot;30.04&quot;\nparts:\n  charm:\n    plugin: charm\n-name: test-charm-name-from-metadata-yaml\nsummary: test summary\ndescription: test description\n]" time="0.005" /><testcase classname="tests.test_config" name="test_schema_doublelayer_parts_with_charm_plugin_charm[type: charm\nname: test-charm-name-from-charmcraft-yaml\nsummary: test summary\ndescription: test description\nbases:\n  - name: somebase\n    channel: &quot;30.04&quot;\nparts:\n  charm:\n    plugin: charm\n-None]" time="0.005" /><testcase classname="tests.test_config" name="test_schema_doublelayer_parts_with_charm_plugin_different[type: charm\nbases:\n  - name: somebase\n    channel: &quot;30.04&quot;\nparts:\n  charm:\n    plugin: dump\n    source: https://the.net/whatever.tar.gz\n    source-type: tar\n-name: test-charm-name-from-metadata-yaml\nsummary: test summary\ndescription: test description\n]" time="0.006" /><testcase classname="tests.test_config" name="test_schema_doublelayer_parts_with_charm_plugin_different[type: charm\nname: test-charm-name-from-charmcraft-yaml\nsummary: test summary\ndescription: test description\nbases:\n  - name: somebase\n    channel: &quot;30.04&quot;\nparts:\n  charm:\n    plugin: dump\n    source: https://the.net/whatever.tar.gz\n    source-type: tar\n-None]" time="0.006" /><testcase classname="tests.test_config" name="test_schema_doublelayer_parts_with_charm_overriding_properties[type: charm\nbases:\n  - name: somebase\n    channel: &quot;30.04&quot;\nparts:\n  charm:\n    charm-entrypoint: different.py\n-name: test-charm-name-from-metadata-yaml\nsummary: test summary\ndescription: test description\n]" time="0.006" /><testcase classname="tests.test_config" name="test_schema_doublelayer_parts_with_charm_overriding_properties[type: charm\nname: test-charm-name-from-charmcraft-yaml\nsummary: test summary\ndescription: test description\nbases:\n  - name: somebase\n    channel: &quot;30.04&quot;\nparts:\n  charm:\n    charm-entrypoint: different.py\n-None]" time="0.006" /><testcase classname="tests.test_config" name="test_schema_doublelayer_parts_with_charm_validating_props[type: charm\nbases:\n  - name: somebase\n    channel: &quot;30.04&quot;\nparts:\n  charm:\n    charm-point: different.py  # misspelled!\n-name: test-charm-name-from-metadata-yaml\nsummary: test summary\ndescription: test description\n]" time="0.005" /><testcase classname="tests.test_config" name="test_schema_doublelayer_parts_with_charm_validating_props[type: charm\nname: test-charm-name-from-charmcraft-yaml\nsummary: test summary\ndescription: test description\nbases:\n  - name: somebase\n    channel: &quot;30.04&quot;\nparts:\n  charm:\n    charm-point: different.py  # misspelled!\n-None]" time="0.006" /><testcase classname="tests.test_config" name="test_charmhub_frozen" time="0.002" /><testcase classname="tests.test_config" name="test_charmhub_underscore_in_names[type: bundle\ncharmhub:\n  storage_url: https://server1.com\n-name: test-charm-name-from-metadata-yaml\nsummary: test summary\ndescription: test description\n]" time="0.005" /><testcase classname="tests.test_config" name="test_charmhub_underscore_in_names[type: bundle\nname: test-charm-name-from-charmcraft-yaml\nsummary: test summary\ndescription: test description\ncharmhub:\n  storage_url: https://server1.com\n-None]" time="0.005" /><testcase classname="tests.test_config" name="test_no_bases_is_ok_for_bundles[type: bundle\n-name: test-charm-name-from-metadata-yaml\nsummary: test summary\ndescription: test description\n]" time="0.005" /><testcase classname="tests.test_config" name="test_no_bases_is_ok_for_bundles[type: bundle\nname: test-charm-name-from-charmcraft-yaml\nsummary: test summary\ndescription: test description\n-None]" time="0.005" /><testcase classname="tests.test_config" name="test_bases_forbidden_for_bundles[type: bundle\nname: test-charm-name-from-metadata-yaml\nsummary: test summary\ndescription: test description\nbases:\n  - build-on:\n      - name: test-build-name\n        channel: test-build-channel\n-None]" time="0.006" /><testcase classname="tests.test_config" name="test_bases_minimal_long_form[type: charm\nbases:\n  - build-on:\n      - name: test-build-name\n        channel: test-build-channel\n    run-on:\n      - name: test-run-name\n        channel: test-run-channel\n-name: test-charm-name-from-metadata-yaml\nsummary: test summary\ndescription: test description\n]" time="0.007" /><testcase classname="tests.test_config" name="test_bases_minimal_long_form[type: charm\nname: test-charm-name-from-charmcraft-yaml\nsummary: test summary\ndescription: test description\nbases:\n  - build-on:\n      - name: test-build-name\n        channel: test-build-channel\n    run-on:\n      - name: test-run-name\n        channel: test-run-channel\n-None]" time="0.007" /><testcase classname="tests.test_config" name="test_bases_extra_field_error[type: charm\nbases:\n  - build-on:\n      - name: test-name\n        channel: test-build-channel\n        extra-extra: read all about it\n    run-on:\n      - name: test-name\n        channel: test-run-channel\n-name: test-charm-name-from-metadata-yaml\nsummary: test summary\ndescription: test description\n]" time="0.011" /><testcase classname="tests.test_config" name="test_bases_extra_field_error[type: charm\nname: test-charm-name-from-charmcraft-yaml\nsummary: test summary\ndescription: test description\nbases:\n  - build-on:\n      - name: test-name\n        channel: test-build-channel\n        extra-extra: read all about it\n    run-on:\n      - name: test-name\n        channel: test-run-channel\n-None]" time="0.006" /><testcase classname="tests.test_config" name="test_bases_underscores_error[type: charm\nname: test-charm-name-from-metadata-yaml\nsummary: test summary\ndescription: test description\nbases:\n  - build_on:\n      - name: test-name\n        channel: test-build-channel\n    run_on:\n      - name: test-name\n        channel: test-run-channel\n-None]" time="0.006" /><testcase classname="tests.test_config" name="test_channel_is_yaml_number[type: charm\nbases:\n  - build-on:\n      - name: test-build-name\n        channel: 20.10\n    run-on:\n      - name: test-run-name\n        channel: test-run-channel\n-name: test-charm-name-from-metadata-yaml\nsummary: test summary\ndescription: test description\n]" time="0.008" /><testcase classname="tests.test_config" name="test_channel_is_yaml_number[type: charm\nname: test-charm-name-from-charmcraft-yaml\nsummary: test summary\ndescription: test description\nbases:\n  - build-on:\n      - name: test-build-name\n        channel: 20.10\n    run-on:\n      - name: test-run-name\n        channel: test-run-channel\n-None]" time="0.007" /><testcase classname="tests.test_config" name="test_minimal_long_form_bases[type: charm\nbases:\n  - build-on:\n      - name: test-build-name\n        channel: test-build-channel\n    run-on:\n      - name: test-run-name\n        channel: test-run-channel\n-name: test-charm-name-from-metadata-yaml\nsummary: test summary\ndescription: test description\n]" time="0.008" /><testcase classname="tests.test_config" name="test_minimal_long_form_bases[type: charm\nname: test-charm-name-from-charmcraft-yaml\nsummary: test summary\ndescription: test description\nbases:\n  - build-on:\n      - name: test-build-name\n        channel: test-build-channel\n    run-on:\n      - name: test-run-name\n        channel: test-run-channel\n-None]" time="0.006" /><testcase classname="tests.test_config" name="test_complex_long_form_bases[type: charm\nbases:\n  - build-on:\n      - name: test-build-name-1\n        channel: test-build-channel-1\n      - name: test-build-name-2\n        channel: test-build-channel-2\n      - name: test-build-name-3\n        channel: test-build-channel-3\n        architectures: [riscVI]\n    run-on:\n      - name: test-run-name-1\n        channel: test-run-channel-1\n        architectures: [amd64]\n      - name: test-run-name-2\n        channel: test-run-channel-2\n        architectures: [amd64, arm64]\n      - name: test-run-name-3\n        channel: test-run-channel-3\n        architectures: [amd64, arm64, riscVI]\n-name: test-charm-name-from-metadata-yaml\nsummary: test summary\ndescription: test description\n]" time="0.010" /><testcase classname="tests.test_config" name="test_complex_long_form_bases[type: charm\nname: test-charm-name-from-charmcraft-yaml\nsummary: test summary\ndescription: test description\nbases:\n  - build-on:\n      - name: test-build-name-1\n        channel: test-build-channel-1\n      - name: test-build-name-2\n        channel: test-build-channel-2\n      - name: test-build-name-3\n        channel: test-build-channel-3\n        architectures: [riscVI]\n    run-on:\n      - name: test-run-name-1\n        channel: test-run-channel-1\n        architectures: [amd64]\n      - name: test-run-name-2\n        channel: test-run-channel-2\n        architectures: [amd64, arm64]\n      - name: test-run-name-3\n        channel: test-run-channel-3\n        architectures: [amd64, arm64, riscVI]\n-None]" time="0.009" /><testcase classname="tests.test_config" name="test_multiple_long_form_bases[type: charm\nbases:\n  - build-on:\n      - name: test-build-name-1\n        channel: test-build-channel-1\n    run-on:\n      - name: test-run-name-1\n        channel: test-run-channel-1\n        architectures: [amd64, arm64]\n  - build-on:\n      - name: test-build-name-2\n        channel: test-build-channel-2\n    run-on:\n      - name: test-run-name-2\n        channel: test-run-channel-2\n        architectures: [amd64, arm64]\n-name: test-charm-name-from-metadata-yaml\nsummary: test summary\ndescription: test description\n]" time="0.008" /><testcase classname="tests.test_config" name="test_multiple_long_form_bases[type: charm\nname: test-charm-name-from-charmcraft-yaml\nsummary: test summary\ndescription: test description\nbases:\n  - build-on:\n      - name: test-build-name-1\n        channel: test-build-channel-1\n    run-on:\n      - name: test-run-name-1\n        channel: test-run-channel-1\n        architectures: [amd64, arm64]\n  - build-on:\n      - name: test-build-name-2\n        channel: test-build-channel-2\n    run-on:\n      - name: test-run-name-2\n        channel: test-run-channel-2\n        architectures: [amd64, arm64]\n-None]" time="0.009" /><testcase classname="tests.test_config" name="test_bases_minimal_short_form[type: charm\nbases:\n  - name: test-name\n    channel: test-channel\n-name: test-charm-name-from-metadata-yaml\nsummary: test summary\ndescription: test description\n]" time="0.007" /><testcase classname="tests.test_config" name="test_bases_minimal_short_form[type: charm\nname: test-charm-name-from-charmcraft-yaml\nsummary: test summary\ndescription: test description\nbases:\n  - name: test-name\n    channel: test-channel\n-None]" time="0.008" /><testcase classname="tests.test_config" name="test_bases_short_form_extra_field_error[type: charm\nbases:\n  - name: test-name\n    channel: test-channel\n    extra-extra: read all about it\n-name: test-charm-name-from-metadata-yaml\nsummary: test summary\ndescription: test description\n]" time="0.004" /><testcase classname="tests.test_config" name="test_bases_short_form_missing_field_error[type: charm\nbases:\n  - name: test-name\n-name: test-charm-name-from-metadata-yaml\nsummary: test summary\ndescription: test description\n]" time="0.004" /><testcase classname="tests.test_config" name="test_bases_short_form_missing_field_error[type: charm\nname: test-charm-name-from-charmcraft-yaml\nsummary: test summary\ndescription: test description\nbases:\n  - name: test-name\n-None]" time="0.004" /><testcase classname="tests.test_config" name="test_bases_mixed_form_errors[type: charm\nname: test-charm-name-from-metadata-yaml\nsummary: test summary\ndescription: test description\nbases:\n  - name: test-name\n  - build-on:\n      - name: test-build-name\n    run-on:\n      - name: test-run-name\n-None]" time="0.005" /><testcase classname="tests.test_config" name="test_schema_analysis_missing[type: bundle\n-name: test-charm-name-from-metadata-yaml\nsummary: test summary\ndescription: test description\n]" time="0.005" /><testcase classname="tests.test_config" name="test_schema_analysis_missing[type: bundle\nname: test-charm-name-from-charmcraft-yaml\nsummary: test summary\ndescription: test description\n-None]" time="0.004" /><testcase classname="tests.test_config" name="test_schema_analysis_full_struct_just_empty[type: bundle\nanalysis:\n  ignore:\n    attributes: []\n    linters: []\n-name: test-charm-name-from-metadata-yaml\nsummary: test summary\ndescription: test description\n]" time="0.005" /><testcase classname="tests.test_config" name="test_schema_analysis_full_struct_just_empty[type: bundle\nname: test-charm-name-from-charmcraft-yaml\nsummary: test summary\ndescription: test description\nanalysis:\n  ignore:\n    attributes: []\n    linters: []\n-None]" time="0.005" /><testcase classname="tests.test_config" name="test_schema_analysis_ignore_attributes[type: bundle\nanalysis:\n  ignore:\n    attributes: [check_ok_1, check_ok_2]\n-name: test-charm-name-from-metadata-yaml\nsummary: test summary\ndescription: test description\n]" time="0.005" /><testcase classname="tests.test_config" name="test_schema_analysis_ignore_attributes[type: bundle\nname: test-charm-name-from-charmcraft-yaml\nsummary: test summary\ndescription: test description\nanalysis:\n  ignore:\n    attributes: [check_ok_1, check_ok_2]\n-None]" time="0.005" /><testcase classname="tests.test_config" name="test_schema_analysis_ignore_linters[type: bundle\nanalysis:\n  ignore:\n    linters: [check_ok_1, check_ok_2]\n-name: test-charm-name-from-metadata-yaml\nsummary: test summary\ndescription: test description\n]" time="0.005" /><testcase classname="tests.test_config" name="test_schema_analysis_ignore_linters[type: bundle\nname: test-charm-name-from-charmcraft-yaml\nsummary: test summary\ndescription: test description\nanalysis:\n  ignore:\n    linters: [check_ok_1, check_ok_2]\n-None]" time="0.006" /><testcase classname="tests.test_config" name="test_schema_analysis_ignore_attribute_missing[type: bundle\nanalysis:\n  ignore:\n    attributes: [check_ok_1, check_missing]\n    linters: [check_ok_2]\n-name: test-charm-name-from-metadata-yaml\nsummary: test summary\ndescription: test description\n]" time="0.005" /><testcase classname="tests.test_config" name="test_schema_analysis_ignore_attribute_missing[type: bundle\nname: test-charm-name-from-charmcraft-yaml\nsummary: test summary\ndescription: test description\nanalysis:\n  ignore:\n    attributes: [check_ok_1, check_missing]\n    linters: [check_ok_2]\n-None]" time="0.005" /><testcase classname="tests.test_config" name="test_schema_analysis_ignore_linter_missing[type: bundle\nanalysis:\n  ignore:\n    attributes: [check_ok_1]\n    linters: [check_ok_2, check_missing]\n-name: test-charm-name-from-metadata-yaml\nsummary: test summary\ndescription: test description\n]" time="0.005" /><testcase classname="tests.test_config" name="test_schema_analysis_ignore_linter_missing[type: bundle\nname: test-charm-name-from-charmcraft-yaml\nsummary: test summary\ndescription: test description\nanalysis:\n  ignore:\n    attributes: [check_ok_1]\n    linters: [check_ok_2, check_missing]\n-None]" time="0.005" /><testcase classname="tests.test_config" name="test_actions_defined_in_charmcraft_yaml[type: charm\nbases:\n  - name: test-name\n    channel: test-channel\nactions:\n  pause:\n    description: Pause the database.\n  resume:\n    description: Resume a paused database.\n  snapshot:\n    description: Take a snapshot of the database.\n    params:\n      filename:\n        type: string\n        description: The name of the snapshot file.\n      compression:\n        type: object\n        description: The type of compression to use.\n        properties:\n          kind:\n            type: string\n            enum: [gzip, bzip2, xz]\n          quality:\n            description: Compression quality\n            type: integer\n            minimum: 0\n            maximum: 9\n    required: [filename]\n    additionalProperties: false\n-name: test-charm-name-from-metadata-yaml\nsummary: test summary\ndescription: test description\n]" time="0.009" /><testcase classname="tests.test_config" name="test_actions_defined_in_charmcraft_yaml[type: charm\nname: test-charm-name-from-charmcraft-yaml\nsummary: test summary\ndescription: test description\nbases:\n  - name: test-name\n    channel: test-channel\nactions:\n  pause:\n    description: Pause the database.\n  resume:\n    description: Resume a paused database.\n  snapshot:\n    description: Take a snapshot of the database.\n    params:\n      filename:\n        type: string\n        description: The name of the snapshot file.\n      compression:\n        type: object\n        description: The type of compression to use.\n        properties:\n          kind:\n            type: string\n            enum: [gzip, bzip2, xz]\n          quality:\n            description: Compression quality\n            type: integer\n            minimum: 0\n            maximum: 9\n    required: [filename]\n    additionalProperties: false\n-None]" time="0.009" /><testcase classname="tests.test_config" name="test_actions_badly_defined_in_charmcraft_yaml[is-type: charm\nbases:\n  - name: test-name\n    channel: test-channel\nactions:\n  pause:\n    description: Pause the database.\n  resume:\n    description: Resume a paused database.\n  {bad_name}:\n    description: Take a snapshot of the database.\n-name: test-charm-name-from-metadata-yaml\nsummary: test summary\ndescription: test description\n]" time="0.006" /><testcase classname="tests.test_config" name="test_actions_badly_defined_in_charmcraft_yaml[is-type: charm\nname: test-charm-name-from-charmcraft-yaml\nsummary: test summary\ndescription: test description\n\nbases:\n  - name: test-name\n    channel: test-channel\nactions:\n  pause:\n    description: Pause the database.\n  resume:\n    description: Resume a paused database.\n  {bad_name}:\n    description: Take a snapshot of the database.\n-None]" time="0.006" /><testcase classname="tests.test_config" name="test_actions_badly_defined_in_charmcraft_yaml[-snapshot-type: charm\nbases:\n  - name: test-name\n    channel: test-channel\nactions:\n  pause:\n    description: Pause the database.\n  resume:\n    description: Resume a paused database.\n  {bad_name}:\n    description: Take a snapshot of the database.\n-name: test-charm-name-from-metadata-yaml\nsummary: test summary\ndescription: test description\n]" time="0.006" /><testcase classname="tests.test_config" name="test_actions_badly_defined_in_charmcraft_yaml[-snapshot-type: charm\nname: test-charm-name-from-charmcraft-yaml\nsummary: test summary\ndescription: test description\n\nbases:\n  - name: test-name\n    channel: test-channel\nactions:\n  pause:\n    description: Pause the database.\n  resume:\n    description: Resume a paused database.\n  {bad_name}:\n    description: Take a snapshot of the database.\n-None]" time="0.006" /><testcase classname="tests.test_config" name="test_actions_badly_defined_in_charmcraft_yaml[111snapshot-type: charm\nbases:\n  - name: test-name\n    channel: test-channel\nactions:\n  pause:\n    description: Pause the database.\n  resume:\n    description: Resume a paused database.\n  {bad_name}:\n    description: Take a snapshot of the database.\n-name: test-charm-name-from-metadata-yaml\nsummary: test summary\ndescription: test description\n]" time="0.006" /><testcase classname="tests.test_config" name="test_actions_badly_defined_in_charmcraft_yaml[111snapshot-type: charm\nname: test-charm-name-from-charmcraft-yaml\nsummary: test summary\ndescription: test description\n\nbases:\n  - name: test-name\n    channel: test-channel\nactions:\n  pause:\n    description: Pause the database.\n  resume:\n    description: Resume a paused database.\n  {bad_name}:\n    description: Take a snapshot of the database.\n-None]" time="0.006" /><testcase classname="tests.test_config" name="test_actions_defined_in_charmcraft_yaml_and_actions_yaml[type: charm\nbases:\n  - name: test-name\n    channel: test-channel\nactions:\n  pause:\n    description: Pause the database.\n  resume:\n    description: Resume a paused database.\n  snapshot:\n    description: Take a snapshot of the database.\n    params:\n      filename:\n        type: string\n        description: The name of the snapshot file.\n      compression:\n        type: object\n        description: The type of compression to use.\n        properties:\n          kind:\n            type: string\n            enum: [gzip, bzip2, xz]\n          quality:\n            description: Compression quality\n            type: integer\n            minimum: 0\n            maximum: 9\n    required: [filename]\n    additionalProperties: false\n-name: test-charm-name-from-metadata-yaml\nsummary: test summary\ndescription: test description\n]" time="0.010" /><testcase classname="tests.test_config" name="test_actions_defined_in_charmcraft_yaml_and_actions_yaml[type: charm\nname: test-charm-name-from-charmcraft-yaml\nsummary: test summary\ndescription: test description\nbases:\n  - name: test-name\n    channel: test-channel\nactions:\n  pause:\n    description: Pause the database.\n  resume:\n    description: Resume a paused database.\n  snapshot:\n    description: Take a snapshot of the database.\n    params:\n      filename:\n        type: string\n        description: The name of the snapshot file.\n      compression:\n        type: object\n        description: The type of compression to use.\n        properties:\n          kind:\n            type: string\n            enum: [gzip, bzip2, xz]\n          quality:\n            description: Compression quality\n            type: integer\n            minimum: 0\n            maximum: 9\n    required: [filename]\n    additionalProperties: false\n-None]" time="0.009" /><testcase classname="tests.test_config" name="test_actions_bad_unenforced_defined_in_actions_yaml[type: charm\nbases:\n  - name: test-name\n    channel: test-channel\n-name: test-charm-name-from-metadata-yaml\nsummary: test summary\ndescription: test description\n]" time="0.006" /><testcase classname="tests.test_config" name="test_actions_bad_unenforced_defined_in_actions_yaml[type: charm\nname: test-charm-name-from-charmcraft-yaml\nsummary: test summary\ndescription: test description\nbases:\n  - name: test-name\n    channel: test-channel\n-None]" time="0.006" /><testcase classname="tests.test_deprecations" name="test_notice_ok" time="0.002" /><testcase classname="tests.test_deprecations" name="test_notice_skipped_in_managed_mode" time="0.002" /><testcase classname="tests.test_deprecations" name="test_check_real_deprecation_ids[deprecation_id0]" time="0.000"><skipped type="pytest.skip" message="got empty parameter set ['deprecation_id'], function test_check_real_deprecation_ids at /home/tameyer/code/charmcraft/tests/test_deprecations.py:53">/home/tameyer/code/charmcraft/tests/test_deprecations.py:54: got empty parameter set ['deprecation_id'], function test_check_real_deprecation_ids at /home/tameyer/code/charmcraft/tests/test_deprecations.py:53</skipped></testcase><testcase classname="tests.test_deprecations" name="test_check_real_deprecation_messages[message0]" time="0.000"><skipped type="pytest.skip" message="got empty parameter set ['message'], function test_check_real_deprecation_messages at /home/tameyer/code/charmcraft/tests/test_deprecations.py:59">/home/tameyer/code/charmcraft/tests/test_deprecations.py:60: got empty parameter set ['message'], function test_check_real_deprecation_messages at /home/tameyer/code/charmcraft/tests/test_deprecations.py:59</skipped></testcase><testcase classname="tests.test_deprecations" name="test_log_deprecation_only_once" time="0.002" /><testcase classname="tests.test_env" name="test_get_managed_environment_home_path" time="0.003" /><testcase classname="tests.test_env" name="test_get_managed_environment_log_path" time="0.002" /><testcase classname="tests.test_env" name="test_get_managed_environment_project_path" time="0.002" /><testcase classname="tests.test_env" name="test_get_managed_environment_snap_channel_none" time="0.002" /><testcase classname="tests.test_env" name="test_get_managed_environment_snap_channel" time="0.002" /><testcase classname="tests.test_env" name="test_is_charmcraft_running_from_snap[None-None-False]" time="0.002" /><testcase classname="tests.test_env" name="test_is_charmcraft_running_from_snap[None-/snap/charmcraft/x1-False]" time="0.002" /><testcase classname="tests.test_env" name="test_is_charmcraft_running_from_snap[charmcraft-None-False]" time="0.002" /><testcase classname="tests.test_env" name="test_is_charmcraft_running_from_snap[charmcraft-/snap/charmcraft/x1-True]" time="0.003" /><testcase classname="tests.test_env" name="test_is_charmcraft_running_in_developer_mode[None-False]" time="0.002" /><testcase classname="tests.test_env" name="test_is_charmcraft_running_in_developer_mode[y-True]" time="0.002" /><testcase classname="tests.test_env" name="test_is_charmcraft_running_in_developer_mode[n-False]" time="0.002" /><testcase classname="tests.test_env" name="test_is_charmcraft_running_in_developer_mode[Y-True]" time="0.002" /><testcase classname="tests.test_env" name="test_is_charmcraft_running_in_developer_mode[N-False]" time="0.002" /><testcase classname="tests.test_env" name="test_is_charmcraft_running_in_developer_mode[true-True]" time="0.002" /><testcase classname="tests.test_env" name="test_is_charmcraft_running_in_developer_mode[false-False]" time="0.002" /><testcase classname="tests.test_env" name="test_is_charmcraft_running_in_developer_mode[TRUE-True]" time="0.002" /><testcase classname="tests.test_env" name="test_is_charmcraft_running_in_developer_mode[FALSE-False]" time="0.002" /><testcase classname="tests.test_env" name="test_is_charmcraft_running_in_developer_mode[yes-True]" time="0.002" /><testcase classname="tests.test_env" name="test_is_charmcraft_running_in_developer_mode[no-False]" time="0.002" /><testcase classname="tests.test_env" name="test_is_charmcraft_running_in_developer_mode[YES-True]" time="0.002" /><testcase classname="tests.test_env" name="test_is_charmcraft_running_in_developer_mode[NO-False]" time="0.002" /><testcase classname="tests.test_env" name="test_is_charmcraft_running_in_developer_mode[1-True]" time="0.002" /><testcase classname="tests.test_env" name="test_is_charmcraft_running_in_developer_mode[0-False]" time="0.002" /><testcase classname="tests.test_env" name="test_is_charmcraft_running_in_managed_mode[None-False]" time="0.002" /><testcase classname="tests.test_env" name="test_is_charmcraft_running_in_managed_mode[y-True]" time="0.002" /><testcase classname="tests.test_env" name="test_is_charmcraft_running_in_managed_mode[n-False]" time="0.002" /><testcase classname="tests.test_env" name="test_is_charmcraft_running_in_managed_mode[1-True]" time="0.002" /><testcase classname="tests.test_env" name="test_is_charmcraft_running_in_managed_mode[0-False]" time="0.002" /><testcase classname="tests.test_infra" name="test_ensure_copyright" time="0.022" /><testcase classname="tests.test_infra" name="test_bashcompletion_all_commands" time="0.002" /><testcase classname="tests.test_instrum" name="test_measurement_start_end_cycle" time="0.003" /><testcase classname="tests.test_instrum" name="test_measurement_tree" time="0.003" /><testcase classname="tests.test_instrum" name="test_measurement_extra_info_complex" time="0.003" /><testcase classname="tests.test_instrum" name="test_measurement_overlapped_measurements" time="0.002" /><testcase classname="tests.test_instrum" name="test_measurement_dump" time="0.003" /><testcase classname="tests.test_instrum" name="test_measurement_merge_simple" time="0.004" /><testcase classname="tests.test_instrum" name="test_measurement_merge_complex" time="0.004" /><testcase classname="tests.test_instrum" name="test_timer_as_context_manager" time="0.002" /><testcase classname="tests.test_instrum" name="test_timer_as_context_manager_with_mark" time="0.003" /><testcase classname="tests.test_instrum" name="test_timer_as_decorator" time="0.002" /><testcase classname="tests.test_jujuignore" name="test_default_important_files" time="0.002" /><testcase classname="tests.test_jujuignore" name="test_jujuignore_only_dir" time="0.002" /><testcase classname="tests.test_jujuignore" name="test_jujuignore_any_target" time="0.002" /><testcase classname="tests.test_jujuignore" name="test_jujuignore_only_root_target_dir" time="0.002" /><testcase classname="tests.test_jujuignore" name="test_jujuignore_only_root_target_file_or_dir" time="0.002" /><testcase classname="tests.test_jujuignore" name="test_jujuignore_all_py_files" time="0.002" /><testcase classname="tests.test_jujuignore" name="test_jujuignore_all_py_files_in_foo" time="0.002" /><testcase classname="tests.test_jujuignore" name="test_jujuignore_ignore_comment" time="0.002" /><testcase classname="tests.test_jujuignore" name="test_jujuignore_escaped_comment" time="0.002" /><testcase classname="tests.test_jujuignore" name="test_jujuignore_subdirectory_match" time="0.002" /><testcase classname="tests.test_jujuignore" name="test_jujuignore_sub_subdirectory_match" time="0.002" /><testcase classname="tests.test_jujuignore" name="test_jujuignore_any_subdirectory_match" time="0.002" /><testcase classname="tests.test_jujuignore" name="test_jujuignore_everything_under_foo" time="0.002" /><testcase classname="tests.test_jujuignore" name="test_jujuignore_everything_under_foo_but_readme" time="0.002" /><testcase classname="tests.test_jujuignore" name="test_jujuignore_negation" time="0.002" /><testcase classname="tests.test_jujuignore" name="test_jujuignore_multiple_doublestar" time="0.002" /><testcase classname="tests.test_jujuignore" name="test_jujuignore_trim_unescaped_trailing_space" time="0.002" /><testcase classname="tests.test_jujuignore" name="test_jujuignore_escaped_bang" time="0.002" /><testcase classname="tests.test_jujuignore" name="test_jujuignore_leading_whitespace" time="0.002" /><testcase classname="tests.test_jujuignore" name="test_jujuignore_bracket" time="0.002" /><testcase classname="tests.test_jujuignore" name="test_jujuignore_simple_match" time="0.002" /><testcase classname="tests.test_jujuignore" name="test_jujuignore_star_match" time="0.002" /><testcase classname="tests.test_jujuignore" name="test_jujuignore_paths_with_newlines" time="0.002" /><testcase classname="tests.test_jujuignore" name="test_rstrip_unescaped" time="0.002" /><testcase classname="tests.test_jujuignore" name="test_unescape_rule" time="0.002" /><testcase classname="tests.test_jujuignore" name="test_from_file" time="0.002" /><testcase classname="tests.test_jujuignore" name="test_log_matching_rule" time="0.002" /><testcase classname="tests.test_jujuignore" name="test_star_vs_star_start" time="0.016" /><testcase classname="tests.test_jujuignore" name="test_questionmark" time="0.005" /><testcase classname="tests.test_jujuignore" name="test_brackets" time="0.005" /><testcase classname="tests.test_jujuignore" name="test_bracket_ranges" time="0.005" /><testcase classname="tests.test_jujuignore" name="test_bracket_inverted" time="0.005" /><testcase classname="tests.test_jujuignore" name="test_slashes_in_brackets" time="0.003" /><testcase classname="tests.test_jujuignore" name="test_special_chars_in_brackets" time="0.022" /><testcase classname="tests.test_jujuignore" name="test_extend_patterns" time="0.002" /><testcase classname="tests.test_linters" name="test_epfromdispatch_ok" time="0.003" /><testcase classname="tests.test_linters" name="test_epfromdispatch_no_dispatch" time="0.003" /><testcase classname="tests.test_linters" name="test_epfromdispatch_inaccessible_dispatch" time="0.003" /><testcase classname="tests.test_linters" name="test_epfromdispatch_broken_dispatch" time="0.003" /><testcase classname="tests.test_linters" name="test_epfromdispatch_empty_dispatch" time="0.003" /><testcase classname="tests.test_linters" name="test_checkdispatchpython_python_ok" time="0.003" /><testcase classname="tests.test_linters" name="test_checkdispatchpython_no_entrypoint" time="0.003" /><testcase classname="tests.test_linters" name="test_checkdispatchpython_nothing_from_dispatch" time="0.003" /><testcase classname="tests.test_linters" name="test_checkdispatchpython_entrypoint_is_not_python" time="0.003" /><testcase classname="tests.test_linters" name="test_checkdispatchpython_entrypoint_no_exec" time="0.003" /><testcase classname="tests.test_linters" name="test_language_python" time="0.002" /><testcase classname="tests.test_linters" name="test_language_no_dispatch" time="0.003" /><testcase classname="tests.test_linters" name="test_framework_run_operator" time="0.002" /><testcase classname="tests.test_linters" name="test_framework_run_reactive" time="0.002" /><testcase classname="tests.test_linters" name="test_framework_run_unknown" time="0.002" /><testcase classname="tests.test_linters" name="test_framework_operator_used_ok[import ops]" time="0.003" /><testcase classname="tests.test_linters" name="test_framework_operator_used_ok[import stuff, ops, morestuff]" time="0.003" /><testcase classname="tests.test_linters" name="test_framework_operator_used_ok[from ops import charm]" time="0.003" /><testcase classname="tests.test_linters" name="test_framework_operator_used_ok[from ops.charm import CharmBase]" time="0.003" /><testcase classname="tests.test_linters" name="test_framework_operator_language_not_python" time="0.003" /><testcase classname="tests.test_linters" name="test_framework_operator_venv_directory_missing" time="0.003" /><testcase classname="tests.test_linters" name="test_framework_operator_no_venv_ops_directory" time="0.003" /><testcase classname="tests.test_linters" name="test_framework_operator_venv_ops_directory_is_not_a_dir" time="0.003" /><testcase classname="tests.test_linters" name="test_framework_operator_corrupted_entrypoint" time="0.004" /><testcase classname="tests.test_linters" name="test_framework_operator_no_ops_imported[import logging]" time="0.003" /><testcase classname="tests.test_linters" name="test_framework_operator_no_ops_imported[import whatever.ops]" time="0.066" /><testcase classname="tests.test_linters" name="test_framework_operator_no_ops_imported[from stuff import ops]" time="0.004" /><testcase classname="tests.test_linters" name="test_framework_operator_no_ops_imported[from stuff.ops import whatever]" time="0.004" /><testcase classname="tests.test_linters" name="test_framework_reactive_used_ok[foobar.py-type: charm\n-name: foobar\nsummary: Small text.\ndescription: Lot of text.\n-import charms.reactive]" time="0.005" /><testcase classname="tests.test_linters" name="test_framework_reactive_used_ok[foobar.py-type: charm\n-name: foobar\nsummary: Small text.\ndescription: Lot of text.\n-import stuff, charms.reactive, morestuff]" time="0.004" /><testcase classname="tests.test_linters" name="test_framework_reactive_used_ok[foobar.py-type: charm\n-name: foobar\nsummary: Small text.\ndescription: Lot of text.\n-from charms.reactive import stuff]" time="0.004" /><testcase classname="tests.test_linters" name="test_framework_reactive_used_ok[foobar.py-type: charm\n-name: foobar\nsummary: Small text.\ndescription: Lot of text.\n-from charms.reactive.stuff import Stuff]" time="0.004" /><testcase classname="tests.test_linters" name="test_framework_reactive_used_ok[foo_bar.py-type: charm\n-name: foo-bar\nsummary: Small text.\ndescription: Lot of text.\n-import charms.reactive]" time="0.004" /><testcase classname="tests.test_linters" name="test_framework_reactive_used_ok[foo_bar.py-type: charm\n-name: foo-bar\nsummary: Small text.\ndescription: Lot of text.\n-import stuff, charms.reactive, morestuff]" time="0.004" /><testcase classname="tests.test_linters" name="test_framework_reactive_used_ok[foo_bar.py-type: charm\n-name: foo-bar\nsummary: Small text.\ndescription: Lot of text.\n-from charms.reactive import stuff]" time="0.004" /><testcase classname="tests.test_linters" name="test_framework_reactive_used_ok[foo_bar.py-type: charm\n-name: foo-bar\nsummary: Small text.\ndescription: Lot of text.\n-from charms.reactive.stuff import Stuff]" time="0.004" /><testcase classname="tests.test_linters" name="test_framework_reactive_used_ok[foobar.py-None-name: foobar\nsummary: Small text.\ndescription: Lot of text.\n-import charms.reactive]" time="0.004" /><testcase classname="tests.test_linters" name="test_framework_reactive_used_ok[foobar.py-None-name: foobar\nsummary: Small text.\ndescription: Lot of text.\n-import stuff, charms.reactive, morestuff]" time="0.004" /><testcase classname="tests.test_linters" name="test_framework_reactive_used_ok[foobar.py-None-name: foobar\nsummary: Small text.\ndescription: Lot of text.\n-from charms.reactive import stuff]" time="0.004" /><testcase classname="tests.test_linters" name="test_framework_reactive_used_ok[foobar.py-None-name: foobar\nsummary: Small text.\ndescription: Lot of text.\n-from charms.reactive.stuff import Stuff]" time="0.004" /><testcase classname="tests.test_linters" name="test_framework_reactive_used_ok[foo_bar.py-None-name: foo-bar\nsummary: Small text.\ndescription: Lot of text.\n-import charms.reactive]" time="0.004" /><testcase classname="tests.test_linters" name="test_framework_reactive_used_ok[foo_bar.py-None-name: foo-bar\nsummary: Small text.\ndescription: Lot of text.\n-import stuff, charms.reactive, morestuff]" time="0.004" /><testcase classname="tests.test_linters" name="test_framework_reactive_used_ok[foo_bar.py-None-name: foo-bar\nsummary: Small text.\ndescription: Lot of text.\n-from charms.reactive import stuff]" time="0.004" /><testcase classname="tests.test_linters" name="test_framework_reactive_used_ok[foo_bar.py-None-name: foo-bar\nsummary: Small text.\ndescription: Lot of text.\n-from charms.reactive.stuff import Stuff]" time="0.004" /><testcase classname="tests.test_linters" name="test_framework_reactive_no_metadata" time="0.003" /><testcase classname="tests.test_linters" name="test_framework_reactive_no_entrypoint" time="0.003" /><testcase classname="tests.test_linters" name="test_framework_reactive_unaccesible_entrypoint" time="0.004" /><testcase classname="tests.test_linters" name="test_framework_reactive_corrupted_entrypoint" time="0.003" /><testcase classname="tests.test_linters" name="test_framework_reactive_no_wheelhouse" time="0.003" /><testcase classname="tests.test_linters" name="test_framework_reactive_no_reactive_lib" time="0.003" /><testcase classname="tests.test_linters" name="test_framework_reactive_no_reactive_imported[import logging]" time="0.003" /><testcase classname="tests.test_linters" name="test_framework_reactive_no_reactive_imported[import whatever.charms.reactive]" time="0.004" /><testcase classname="tests.test_linters" name="test_framework_reactive_no_reactive_imported[import charms.whatever.reactive]" time="0.004" /><testcase classname="tests.test_linters" name="test_framework_reactive_no_reactive_imported[from stuff.charms import reactive]" time="0.003" /><testcase classname="tests.test_linters" name="test_framework_reactive_no_reactive_imported[from charms.stuff import reactive]" time="0.004" /><testcase classname="tests.test_linters" name="test_framework_reactive_no_reactive_imported[from stuff.charms.reactive import whatever]" time="0.004" /><testcase classname="tests.test_linters" name="test_jujumetadata_all_ok" time="0.004" /><testcase classname="tests.test_linters" name="test_jujumetadata_missing_file" time="0.003" /><testcase classname="tests.test_linters" name="test_jujumetadata_file_corrupted" time="0.004" /><testcase classname="tests.test_linters" name="test_jujumetadata_missing_field_simple[0]" time="0.004" /><testcase classname="tests.test_linters" name="test_jujumetadata_missing_field_simple[1]" time="0.004" /><testcase classname="tests.test_linters" name="test_jujumetadata_missing_field_simple[2]" time="0.004" /><testcase classname="tests.test_linters" name="test_jujumetadata_missing_field_multiple" time="0.003" /><testcase classname="tests.test_linters" name="test_jujumetadata_series_is_deprecated" time="0.004" /><testcase classname="tests.test_linters" name="test_analyze_run_everything" time="0.013" /><testcase classname="tests.test_linters" name="test_analyze_ignore_attribute" time="0.014" /><testcase classname="tests.test_linters" name="test_analyze_ignore_linter" time="0.015" /><testcase classname="tests.test_linters" name="test_analyze_override_ignore" time="0.014" /><testcase classname="tests.test_linters" name="test_analyze_crash_attribute" time="0.014" /><testcase classname="tests.test_linters" name="test_analyze_crash_lint" time="0.014" /><testcase classname="tests.test_linters" name="test_analyze_all_can_be_ignored" time="0.014" /><testcase classname="tests.test_linters" name="test_jujuactions_ok" time="0.004" /><testcase classname="tests.test_linters" name="test_jujuactions_missing_file" time="0.003" /><testcase classname="tests.test_linters" name="test_jujuactions_file_corrupted" time="0.004" /><testcase classname="tests.test_linters" name="test_jujuactions_naming_convention[snake_case]" time="0.004" /><testcase classname="tests.test_linters" name="test_jujuactions_naming_convention[convention_mismatch]" time="0.004" /><testcase classname="tests.test_linters" name="test_jujuactions_naming_convention[ok]" time="0.004" /><testcase classname="tests.test_linters" name="test_jujuconfig_ok" time="0.003" /><testcase classname="tests.test_linters" name="test_jujuconfig_missing_file" time="0.003" /><testcase classname="tests.test_linters" name="test_jujuconfig_file_corrupted" time="0.004" /><testcase classname="tests.test_linters" name="test_jujuconfig_no_options" time="0.003" /><testcase classname="tests.test_linters" name="test_jujuconfig_empty_options" time="0.003" /><testcase classname="tests.test_linters" name="test_jujuconfig_options_not_dict" time="0.004" /><testcase classname="tests.test_linters" name="test_jujuconfig_no_type_in_options_items" time="0.006" /><testcase classname="tests.test_linters" name="test_jujuconfig_naming_convention[snake_case]" time="0.005" /><testcase classname="tests.test_linters" name="test_jujuconfig_naming_convention[convention_mismatch]" time="0.006" /><testcase classname="tests.test_linters" name="test_jujuconfig_naming_convention[ok]" time="0.005" /><testcase classname="tests.test_linters" name="test_empty_file[config]" time="0.003" /><testcase classname="tests.test_linters" name="test_empty_file[action]" time="0.004" /><testcase classname="tests.test_linters" name="test_entrypoint_not_used" time="0.004" /><testcase classname="tests.test_linters" name="test_entrypoint_all_ok" time="0.004" /><testcase classname="tests.test_linters" name="test_entrypoint_missing" time="0.003" /><testcase classname="tests.test_linters" name="test_entrypoint_directory" time="0.004" /><testcase classname="tests.test_linters" name="test_entrypoint_non_exec" time="0.003" /><testcase classname="tests.test_linters" name="test_additional_files_checker" time="0.003" /><testcase classname="tests.test_linters" name="test_additional_files_checker_ok" time="0.003" /><testcase classname="tests.test_linters" name="test_additional_files_checker_not_applicable" time="0.003" /><testcase classname="tests.test_linters" name="test_additional_files_checker_generated_ignore[file0]" time="0.003" /><testcase classname="tests.test_linters" name="test_additional_files_checker_generated_ignore[file1]" time="0.003" /><testcase classname="tests.test_linters" name="test_additional_files_checker_generated_ignore[file2]" time="0.003" /><testcase classname="tests.test_linters" name="test_additional_files_checker_generated_ignore[file3]" time="0.003" /><testcase classname="tests.test_linters" name="test_additional_files_checker_generated_ignore[file4]" time="0.003" /><testcase classname="tests.test_linters" name="test_additional_files_checker_generated_ignore[file5]" time="0.003" /><testcase classname="tests.test_linters" name="test_additional_files_checker_generated_ignore[file6]" time="0.004" /><testcase classname="tests.test_linters" name="test_additional_files_checker_generated_ignore[file7]" time="0.003" /><testcase classname="tests.test_main" name="test_main_managed_instance_init" time="0.004" /><testcase classname="tests.test_main" name="test_main_managed_instance_error[side_effect0]" time="0.015" /><testcase classname="tests.test_main" name="test_main_managed_instance_error[side_effect1]" time="0.015" /><testcase classname="tests.test_main" name="test_main_managed_instance_error[side_effect2]" time="0.015" /><testcase classname="tests.test_main" name="test_main_managed_instance_error[side_effect3]" time="0.015" /><testcase classname="tests.test_main" name="test_main_no_args" time="0.003" /><testcase classname="tests.test_main" name="test_systemdetails_basic" time="0.002" /><testcase classname="tests.test_main" name="test_systemdetails_extra_environment" time="0.003" /><testcase classname="tests.test_main" name="test_systemdetails_charmcraft_environment" time="0.002" /><testcase classname="tests.test_main" name="test_systemdetails_hidden_auth" time="0.003" /><testcase classname="tests.test_main" name="test_legacy_commands[PackCommand]" time="0.845" /><testcase classname="tests.test_main" name="test_legacy_commands[VersionCommand]" time="0.804" /><testcase classname="tests.test_main" name="test_legacy_commands[LoginCommand]" time="0.758" /><testcase classname="tests.test_main" name="test_legacy_commands[LogoutCommand]" time="0.774" /><testcase classname="tests.test_main" name="test_legacy_commands[WhoamiCommand]" time="0.785" /><testcase classname="tests.test_main" name="test_legacy_commands[RegisterCharmNameCommand]" time="0.787" /><testcase classname="tests.test_main" name="test_legacy_commands[RegisterBundleNameCommand]" time="0.755" /><testcase classname="tests.test_main" name="test_legacy_commands[UnregisterNameCommand]" time="0.768" /><testcase classname="tests.test_main" name="test_legacy_commands[ListNamesCommand]" time="0.754" /><testcase classname="tests.test_main" name="test_legacy_commands[UploadCommand]" time="0.775" /><testcase classname="tests.test_main" name="test_legacy_commands[ListRevisionsCommand]" time="0.777" /><testcase classname="tests.test_main" name="test_legacy_commands[ReleaseCommand]" time="0.767" /><testcase classname="tests.test_main" name="test_legacy_commands[PromoteBundleCommand]" time="0.831" /><testcase classname="tests.test_main" name="test_legacy_commands[StatusCommand]" time="0.756" /><testcase classname="tests.test_main" name="test_legacy_commands[CloseCommand]" time="0.756" /><testcase classname="tests.test_main" name="test_legacy_commands[CreateLibCommand]" time="0.798" /><testcase classname="tests.test_main" name="test_legacy_commands[PublishLibCommand]" time="0.776" /><testcase classname="tests.test_main" name="test_legacy_commands[ListLibCommand]" time="0.773" /><testcase classname="tests.test_main" name="test_legacy_commands[FetchLibCommand]" time="0.764" /><testcase classname="tests.test_main" name="test_legacy_commands[ListResourcesCommand]" time="0.768" /><testcase classname="tests.test_main" name="test_legacy_commands[UploadResourceCommand]" time="0.761" /><testcase classname="tests.test_main" name="test_aesthetic_help_msg[PackCommand]" time="0.004" /><testcase classname="tests.test_main" name="test_aesthetic_help_msg[VersionCommand]" time="0.004" /><testcase classname="tests.test_main" name="test_aesthetic_help_msg[LoginCommand]" time="0.004" /><testcase classname="tests.test_main" name="test_aesthetic_help_msg[LogoutCommand]" time="0.003" /><testcase classname="tests.test_main" name="test_aesthetic_help_msg[WhoamiCommand]" time="0.002" /><testcase classname="tests.test_main" name="test_aesthetic_help_msg[RegisterCharmNameCommand]" time="0.002" /><testcase classname="tests.test_main" name="test_aesthetic_help_msg[RegisterBundleNameCommand]" time="0.002" /><testcase classname="tests.test_main" name="test_aesthetic_help_msg[UnregisterNameCommand]" time="0.002" /><testcase classname="tests.test_main" name="test_aesthetic_help_msg[ListNamesCommand]" time="0.002" /><testcase classname="tests.test_main" name="test_aesthetic_help_msg[UploadCommand]" time="0.002" /><testcase classname="tests.test_main" name="test_aesthetic_help_msg[ListRevisionsCommand]" time="0.002" /><testcase classname="tests.test_main" name="test_aesthetic_help_msg[ReleaseCommand]" time="0.002" /><testcase classname="tests.test_main" name="test_aesthetic_help_msg[PromoteBundleCommand]" time="0.002" /><testcase classname="tests.test_main" name="test_aesthetic_help_msg[StatusCommand]" time="0.002" /><testcase classname="tests.test_main" name="test_aesthetic_help_msg[CloseCommand]" time="0.002" /><testcase classname="tests.test_main" name="test_aesthetic_help_msg[CreateLibCommand]" time="0.003" /><testcase classname="tests.test_main" name="test_aesthetic_help_msg[PublishLibCommand]" time="0.002" /><testcase classname="tests.test_main" name="test_aesthetic_help_msg[ListLibCommand]" time="0.002" /><testcase classname="tests.test_main" name="test_aesthetic_help_msg[FetchLibCommand]" time="0.002" /><testcase classname="tests.test_main" name="test_aesthetic_help_msg[ListResourcesCommand]" time="0.002" /><testcase classname="tests.test_main" name="test_aesthetic_help_msg[UploadResourceCommand]" time="0.002" /><testcase classname="tests.test_main" name="test_aesthetic_args_options_msg[PackCommand]" time="0.013" /><testcase classname="tests.test_main" name="test_aesthetic_args_options_msg[VersionCommand]" time="0.013" /><testcase classname="tests.test_main" name="test_aesthetic_args_options_msg[LoginCommand]" time="0.013" /><testcase classname="tests.test_main" name="test_aesthetic_args_options_msg[LogoutCommand]" time="0.013" /><testcase classname="tests.test_main" name="test_aesthetic_args_options_msg[WhoamiCommand]" time="0.013" /><testcase classname="tests.test_main" name="test_aesthetic_args_options_msg[RegisterCharmNameCommand]" time="0.013" /><testcase classname="tests.test_main" name="test_aesthetic_args_options_msg[RegisterBundleNameCommand]" time="0.013" /><testcase classname="tests.test_main" name="test_aesthetic_args_options_msg[UnregisterNameCommand]" time="0.013" /><testcase classname="tests.test_main" name="test_aesthetic_args_options_msg[ListNamesCommand]" time="0.013" /><testcase classname="tests.test_main" name="test_aesthetic_args_options_msg[UploadCommand]" time="0.013" /><testcase classname="tests.test_main" name="test_aesthetic_args_options_msg[ListRevisionsCommand]" time="0.013" /><testcase classname="tests.test_main" name="test_aesthetic_args_options_msg[ReleaseCommand]" time="0.014" /><testcase classname="tests.test_main" name="test_aesthetic_args_options_msg[PromoteBundleCommand]" time="0.014" /><testcase classname="tests.test_main" name="test_aesthetic_args_options_msg[StatusCommand]" time="0.014" /><testcase classname="tests.test_main" name="test_aesthetic_args_options_msg[CloseCommand]" time="0.014" /><testcase classname="tests.test_main" name="test_aesthetic_args_options_msg[CreateLibCommand]" time="0.013" /><testcase classname="tests.test_main" name="test_aesthetic_args_options_msg[PublishLibCommand]" time="0.013" /><testcase classname="tests.test_main" name="test_aesthetic_args_options_msg[ListLibCommand]" time="0.013" /><testcase classname="tests.test_main" name="test_aesthetic_args_options_msg[FetchLibCommand]" time="0.013" /><testcase classname="tests.test_main" name="test_aesthetic_args_options_msg[ListResourcesCommand]" time="0.013" /><testcase classname="tests.test_main" name="test_aesthetic_args_options_msg[UploadResourceCommand]" time="0.013" /><testcase classname="tests.test_main" name="test_usage_of_parsed_args[PackCommand]" time="0.016" /><testcase classname="tests.test_main" name="test_usage_of_parsed_args[VersionCommand]" time="0.014" /><testcase classname="tests.test_main" name="test_usage_of_parsed_args[LoginCommand]" time="0.022" /><testcase classname="tests.test_main" name="test_usage_of_parsed_args[LogoutCommand]" time="0.022" /><testcase classname="tests.test_main" name="test_usage_of_parsed_args[WhoamiCommand]" time="0.022" /><testcase classname="tests.test_main" name="test_usage_of_parsed_args[RegisterCharmNameCommand]" time="0.022" /><testcase classname="tests.test_main" name="test_usage_of_parsed_args[RegisterBundleNameCommand]" time="0.094" /><testcase classname="tests.test_main" name="test_usage_of_parsed_args[UnregisterNameCommand]" time="0.023" /><testcase classname="tests.test_main" name="test_usage_of_parsed_args[ListNamesCommand]" time="0.022" /><testcase classname="tests.test_main" name="test_usage_of_parsed_args[UploadCommand]" time="0.023" /><testcase classname="tests.test_main" name="test_usage_of_parsed_args[ListRevisionsCommand]" time="0.022" /><testcase classname="tests.test_main" name="test_usage_of_parsed_args[ReleaseCommand]" time="0.021" /><testcase classname="tests.test_main" name="test_usage_of_parsed_args[PromoteBundleCommand]" time="0.023" /><testcase classname="tests.test_main" name="test_usage_of_parsed_args[StatusCommand]" time="0.023" /><testcase classname="tests.test_main" name="test_usage_of_parsed_args[CloseCommand]" time="0.110" /><testcase classname="tests.test_main" name="test_usage_of_parsed_args[CreateLibCommand]" time="0.023" /><testcase classname="tests.test_main" name="test_usage_of_parsed_args[PublishLibCommand]" time="0.022" /><testcase classname="tests.test_main" name="test_usage_of_parsed_args[ListLibCommand]" time="0.021" /><testcase classname="tests.test_main" name="test_usage_of_parsed_args[FetchLibCommand]" time="0.022" /><testcase classname="tests.test_main" name="test_usage_of_parsed_args[ListResourcesCommand]" time="0.023" /><testcase classname="tests.test_main" name="test_usage_of_parsed_args[UploadResourceCommand]" time="0.023" /><testcase classname="tests.test_main" name="test_basecommand_include_format_option" time="0.013" /><testcase classname="tests.test_main" name="test_basecommand_format_content_json" time="0.013" /><testcase classname="tests.test_main" name="test_basecommand_format_content_unkown" time="0.013" /><testcase classname="tests.test_manifest" name="test_manifest_simple_ok" time="0.007" /><testcase classname="tests.test_manifest" name="test_manifest_no_bases" time="0.005" /><testcase classname="tests.test_manifest" name="test_manifest_checkers_multiple" time="0.006" /><testcase classname="tests.test_manifest" name="test_manifest_image_info_ok" time="0.007" /><testcase classname="tests.test_manifest" name="test_manifest_image_info_bad" time="0.006" /><testcase classname="tests.test_metadata" name="test_parse_metadata_yaml_complete" time="0.005" /><testcase classname="tests.test_metadata" name="test_parse_metadata_yaml_valid_names[name1-name: {name}\nsummary: Test summary\ndescription: Lot of text.\n]" time="0.005" /><testcase classname="tests.test_metadata" name="test_parse_metadata_yaml_valid_names[my-charm-foo-name: {name}\nsummary: Test summary\ndescription: Lot of text.\n]" time="0.006" /><testcase classname="tests.test_metadata" name="test_parse_metadata_yaml_error_invalid_names[1-name: {name}\nsummary: Test summary\ndescription: Lot of text.\n]" time="0.007" /><testcase classname="tests.test_metadata" name="test_parse_metadata_yaml_error_invalid_names[false-name: {name}\nsummary: Test summary\ndescription: Lot of text.\n]" time="0.004" /><testcase classname="tests.test_metadata" name="test_parse_metadata_yaml_error_invalid_names[[]-name: {name}\nsummary: Test summary\ndescription: Lot of text.\n]" time="0.004" /><testcase classname="tests.test_metadata" name="test_parse_metadata_yaml_error_missing" time="0.004" /><testcase classname="tests.test_metadata" name="test_read_metadata_yaml_complete" time="0.004" /><testcase classname="tests.test_metadata" name="test_read_metadata_yaml_error_invalid" time="0.003" /><testcase classname="tests.test_metadata" name="test_read_metadata_yaml_error_missing" time="0.004" /><testcase classname="tests.test_metafiles" name="test_dump_metadata_from_charmcraft_yaml" time="0.035" /><testcase classname="tests.test_metafiles" name="test_copy_metadata_from_metadata_yaml" time="0.029" /><testcase classname="tests.test_metafiles" name="test_copy_metadata_from_metadata_yaml_with_arbitrary_keys" time="0.028" /><testcase classname="tests.test_metafiles" name="test_copy_bundle_metadata_from_metadata_yaml" time="0.014" /><testcase classname="tests.test_metafiles" name="test_dump_actions_from_charmcraft_yaml" time="0.014" /><testcase classname="tests.test_metafiles" name="test_copy_actions_from_actions_yaml" time="0.012" /><testcase classname="tests.test_metafiles" name="test_dump_config_from_charmcraft_yaml" time="0.010" /><testcase classname="tests.test_metafiles" name="test_copy_config_from_config_yaml" time="0.009" /><testcase classname="tests.test_models" name="test_load_minimal_metadata_from_charmcraft_yaml" time="0.005" /><testcase classname="tests.test_models" name="test_load_minimal_metadata_from_charmcraft_yaml_missing_name" time="0.005" /><testcase classname="tests.test_models" name="test_load_minimal_metadata_from_charmcraft_yaml_missing_type" time="0.005" /><testcase classname="tests.test_models" name="test_load_minimal_metadata_from_charmcraft_yaml_missing_summary" time="0.005" /><testcase classname="tests.test_models" name="test_load_minimal_metadata_from_charmcraft_yaml_missing_description" time="0.005" /><testcase classname="tests.test_models" name="test_load_minimal_metadata_from_metadata_yaml" time="0.006" /><testcase classname="tests.test_models" name="test_load_minimal_metadata_from_metadata_yaml_missing_name" time="0.005" /><testcase classname="tests.test_models" name="test_load_minimal_metadata_from_metadata_yaml_missing_type" time="0.005" /><testcase classname="tests.test_models" name="test_load_minimal_metadata_from_metadata_yaml_missing_summary" time="0.005" /><testcase classname="tests.test_models" name="test_load_minimal_metadata_from_metadata_yaml_bad_others_allowed" time="0.006" /><testcase classname="tests.test_models" name="test_load_minimal_metadata_from_metadata_yaml_missing_description" time="0.005" /><testcase classname="tests.test_models" name="test_load_full_metadata_from_charmcraft_yaml" time="0.017" /><testcase classname="tests.test_models" name="test_load_full_metadata_from_metadata_yaml" time="0.028" /><testcase classname="tests.test_models" name="test_load_full_actions_in_charmcraft_yaml" time="0.009" /><testcase classname="tests.test_models" name="test_load_full_actions_in_actions_yaml" time="0.009" /><testcase classname="tests.test_models" name="test_load_bad_actions_in_charmcraft_yaml[is]" time="0.006" /><testcase classname="tests.test_models" name="test_load_bad_actions_in_charmcraft_yaml[-snapshot]" time="0.006" /><testcase classname="tests.test_models" name="test_load_bad_actions_in_charmcraft_yaml[111snapshot]" time="0.006" /><testcase classname="tests.test_models" name="test_load_bad_actions_in_actions_yaml[is]" time="0.006" /><testcase classname="tests.test_models" name="test_load_bad_actions_in_actions_yaml[-snapshot]" time="0.006" /><testcase classname="tests.test_models" name="test_load_bad_actions_in_actions_yaml[111snapshot]" time="0.007" /><testcase classname="tests.test_models" name="test_load_actions_in_charmcraft_yaml_and_actions_yaml" time="0.010" /><testcase classname="tests.test_models" name="test_load_config_in_charmcraft_yaml" time="0.008" /><testcase classname="tests.test_models" name="test_load_config_in_config_yaml" time="0.007" /><testcase classname="tests.test_models" name="test_load_bad_config_in_config_yaml[]" time="0.005" /><testcase classname="tests.test_models" name="test_load_bad_config_in_config_yaml[options:]" time="0.005" /><testcase classname="tests.test_models" name="test_load_bad_config_in_config_yaml[options:\n  test-int:]" time="0.005" /><testcase classname="tests.test_models" name="test_load_bad_config_in_config_yaml[options: not a dict]" time="0.005" /><testcase classname="tests.test_models" name="test_load_bad_config_in_charmcraft_yaml" time="0.007" /><testcase classname="tests.test_package" name="test_build_error_without_metadata_yaml" time="0.007" /><testcase classname="tests.test_package" name="test_build_with_charmcraft_yaml_destructive_mode" time="1.037" /><testcase classname="tests.test_package" name="test_build_with_charmcraft_yaml_managed_mode" time="1.079" /><testcase classname="tests.test_package" name="test_build_checks_provider" time="0.017" /><testcase classname="tests.test_package" name="test_build_with_debug_no_error" time="0.015" /><testcase classname="tests.test_package" name="test_build_with_debug_with_error" time="0.097" /><testcase classname="tests.test_package" name="test_build_with_shell" time="0.010" /><testcase classname="tests.test_package" name="test_build_with_shell_after" time="0.015" /><testcase classname="tests.test_package" name="test_build_checks_provider_error" time="0.008" /><testcase classname="tests.test_package" name="test_build_multiple_with_charmcraft_yaml_destructive_mode" time="1.488" /><testcase classname="tests.test_package" name="test_build_multiple_with_charmcraft_yaml_managed_mode" time="1.515" /><testcase classname="tests.test_package" name="test_build_project_is_cwd[type: charm\nbases:\n  - name: ubuntu\n    channel: &quot;18.04&quot;\n    architectures: {arch}\n-name: test-charm-name-from-metadata-yaml\nsummary: test summary\ndescription: test description\n]" time="0.058" /><testcase classname="tests.test_package" name="test_build_project_is_not_cwd[type: charm\nbases:\n  - name: ubuntu\n    channel: &quot;18.04&quot;\n    architectures: {arch}\n-name: test-charm-name-from-metadata-yaml\nsummary: test summary\ndescription: test description\n]" time="0.063" /><testcase classname="tests.test_package" name="test_build_bases_index_scenarios_provider[type: charm\nbases:\n  - name: ubuntu\n    channel: &quot;18.04&quot;\n    architectures: {arch}\n  - name: ubuntu\n    channel: &quot;20.04&quot;\n    architectures: {arch}\n  - name: centos\n    channel: &quot;7&quot;\n    architectures: {arch}\n  - name: ubuntu\n    channel: &quot;unsupported-channel&quot;\n    architectures: {arch}\n-name: test-charm-name-from-metadata-yaml\nsummary: test summary\ndescription: test description\n-EmitterMode.VERBOSE-cmd_flags0]" time="0.112" /><testcase classname="tests.test_package" name="test_build_bases_index_scenarios_provider[type: charm\nbases:\n  - name: ubuntu\n    channel: &quot;18.04&quot;\n    architectures: {arch}\n  - name: ubuntu\n    channel: &quot;20.04&quot;\n    architectures: {arch}\n  - name: centos\n    channel: &quot;7&quot;\n    architectures: {arch}\n  - name: ubuntu\n    channel: &quot;unsupported-channel&quot;\n    architectures: {arch}\n-name: test-charm-name-from-metadata-yaml\nsummary: test summary\ndescription: test description\n-EmitterMode.QUIET-cmd_flags1]" time="0.106" /><testcase classname="tests.test_package" name="test_build_bases_index_scenarios_provider[type: charm\nbases:\n  - name: ubuntu\n    channel: &quot;18.04&quot;\n    architectures: {arch}\n  - name: ubuntu\n    channel: &quot;20.04&quot;\n    architectures: {arch}\n  - name: centos\n    channel: &quot;7&quot;\n    architectures: {arch}\n  - name: ubuntu\n    channel: &quot;unsupported-channel&quot;\n    architectures: {arch}\n-name: test-charm-name-from-metadata-yaml\nsummary: test summary\ndescription: test description\n-EmitterMode.DEBUG-cmd_flags2]" time="0.110" /><testcase classname="tests.test_package" name="test_build_bases_index_scenarios_provider[type: charm\nbases:\n  - name: ubuntu\n    channel: &quot;18.04&quot;\n    architectures: {arch}\n  - name: ubuntu\n    channel: &quot;20.04&quot;\n    architectures: {arch}\n  - name: centos\n    channel: &quot;7&quot;\n    architectures: {arch}\n  - name: ubuntu\n    channel: &quot;unsupported-channel&quot;\n    architectures: {arch}\n-name: test-charm-name-from-metadata-yaml\nsummary: test summary\ndescription: test description\n-EmitterMode.TRACE-cmd_flags3]" time="0.202" /><testcase classname="tests.test_package" name="test_build_bases_index_scenarios_provider[type: charm\nbases:\n  - name: ubuntu\n    channel: &quot;18.04&quot;\n    architectures: {arch}\n  - name: ubuntu\n    channel: &quot;20.04&quot;\n    architectures: {arch}\n  - name: centos\n    channel: &quot;7&quot;\n    architectures: {arch}\n  - name: ubuntu\n    channel: &quot;unsupported-channel&quot;\n    architectures: {arch}\n-name: test-charm-name-from-metadata-yaml\nsummary: test summary\ndescription: test description\n-EmitterMode.BRIEF-cmd_flags4]" time="0.105" /><testcase classname="tests.test_package" name="test_build_bases_index_scenarios_managed_mode" time="1.475" /><testcase classname="tests.test_package" name="test_build_error_no_match_with_charmcraft_yaml[type: charm\nbases:\n  - name: unmatched-name\n    channel: xchannel\n    architectures: [xarch]\n  - name: xname\n    channel: unmatched-channel\n    architectures: [xarch]\n  - name: xname\n    channel: xchannel\n    architectures: [unmatched-arch1, unmatched-arch2]\n-name: test-charm-name-from-metadata-yaml\nsummary: test summary\ndescription: test description\n]" time="0.010" /><testcase classname="tests.test_package" name="test_build_arguments_managed_charmcraft_simples[debug---debug]" time="0.014" /><testcase classname="tests.test_package" name="test_build_arguments_managed_charmcraft_simples[shell---shell]" time="0.014" /><testcase classname="tests.test_package" name="test_build_arguments_managed_charmcraft_simples[shell_after---shell-after]" time="0.014" /><testcase classname="tests.test_package" name="test_build_arguments_managed_charmcraft_simples[force---force]" time="0.014" /><testcase classname="tests.test_package" name="test_build_arguments_managed_charmcraft_measure" time="0.015" /><testcase classname="tests.test_package" name="test_build_package_tree_structure" time="0.016" /><testcase classname="tests.test_package" name="test_build_package_name[type: charm\n-name: test-charm-name-from-metadata-yaml\nsummary: test summary\ndescription: test description\n-test-charm-name-from-metadata-yaml_xname-xchannel-xarch1.charm]" time="0.007" /><testcase classname="tests.test_package" name="test_build_package_name[name: test-charm-name-from-charmcraft-yaml\ntype: charm\nsummary: test summary\ndescription: test description\n-None-test-charm-name-from-charmcraft-yaml_xname-xchannel-xarch1.charm]" time="0.006" /><testcase classname="tests.test_package" name="test_build_postlifecycle_validation_is_properly_called[type: charm\nbases:\n  - build-on:\n      - name: {base_name}\n        channel: &quot;{base_channel}&quot;\n    run-on:\n      - name: {base_name}\n        channel: &quot;{base_channel}&quot;\nparts:\n  charm:\n    charm-entrypoint: my_entrypoint.py\n-name: test-charm-name-from-metadata-yaml\nsummary: test summary\ndescription: test description\n]" time="0.013" /><testcase classname="tests.test_package" name="test_build_part_from_config[type: charm\nbases:\n  - build-on:\n      - name: {base_name}\n        channel: &quot;{base_channel}&quot;\n    run-on:\n      - name: {base_name}\n        channel: &quot;{base_channel}&quot;\n\nparts:\n  charm:\n    charm-entrypoint: src/charm.py\n    charm-python-packages: [&quot;foo&quot;, &quot;bar&quot;]\n    charm-binary-python-packages: [&quot;baz&quot;]\n    charm-requirements: [&quot;reqs.txt&quot;]\n-name: test-charm-name-from-metadata-yaml\nsummary: test summary\ndescription: test description\n]" time="0.012" /><testcase classname="tests.test_package" name="test_build_part_include_venv_pydeps[type: charm\nbases:\n  - build-on:\n      - name: {base_name}\n        channel: &quot;{base_channel}&quot;\n    run-on:\n      - name: {base_name}\n        channel: &quot;{base_channel}&quot;\n\nparts:\n  charm:\n    charm-entrypoint: src/charm.py\n-name: test-charm-name-from-metadata-yaml\nsummary: test summary\ndescription: test description\n]" time="0.012" /><testcase classname="tests.test_package" name="test_build_using_linters_attributes" time="1.065" /><testcase classname="tests.test_package" name="test_show_linters_attributes" time="0.017" /><testcase classname="tests.test_package" name="test_show_linters_lint_warnings" time="0.015" /><testcase classname="tests.test_package" name="test_show_linters_lint_errors_normal" time="0.016" /><testcase classname="tests.test_package" name="test_show_linters_lint_errors_forced" time="0.016" /><testcase classname="tests.test_package" name="test_get_charm_pack_args[base_indeces0-True-True]" time="0.015" /><testcase classname="tests.test_package" name="test_get_charm_pack_args[base_indeces0-True-False]" time="0.014" /><testcase classname="tests.test_package" name="test_get_charm_pack_args[base_indeces0-False-True]" time="0.014" /><testcase classname="tests.test_package" name="test_get_charm_pack_args[base_indeces0-False-False]" time="0.014" /><testcase classname="tests.test_package" name="test_get_charm_pack_args[base_indeces1-True-True]" time="0.014" /><testcase classname="tests.test_package" name="test_get_charm_pack_args[base_indeces1-True-False]" time="0.015" /><testcase classname="tests.test_package" name="test_get_charm_pack_args[base_indeces1-False-True]" time="0.014" /><testcase classname="tests.test_package" name="test_get_charm_pack_args[base_indeces1-False-False]" time="0.015" /><testcase classname="tests.test_package" name="test_get_charm_pack_args[base_indeces2-True-True]" time="0.014" /><testcase classname="tests.test_package" name="test_get_charm_pack_args[base_indeces2-True-False]" time="0.014" /><testcase classname="tests.test_package" name="test_get_charm_pack_args[base_indeces2-False-True]" time="0.014" /><testcase classname="tests.test_package" name="test_get_charm_pack_args[base_indeces2-False-False]" time="0.015" /><testcase classname="tests.test_package" name="test_relativise_sameparent" time="0.003" /><testcase classname="tests.test_package" name="test_relativise_src_under" time="0.003" /><testcase classname="tests.test_package" name="test_relativise_dst_under" time="0.003" /><testcase classname="tests.test_package" name="test_relativise_different_parents_shallow" time="0.003" /><testcase classname="tests.test_package" name="test_relativise_different_parents_deep" time="0.003" /><testcase classname="tests.test_package" name="test_format_charm_file_name_basic" time="0.003" /><testcase classname="tests.test_package" name="test_format_charm_file_name_multi_arch" time="0.002" /><testcase classname="tests.test_package" name="test_format_charm_file_name_multi_run_on" time="0.003" /><testcase classname="tests.test_package" name="test_launch_shell" time="0.003" /><testcase classname="tests.test_package" name="test_subprocess_pack_charms_success[empty]" time="0.005" /><testcase classname="tests.test_package" name="test_subprocess_pack_charms_success[no_outputs]" time="0.007" /><testcase classname="tests.test_package" name="test_subprocess_pack_charms_success[one_correct_charm0]" time="0.007" /><testcase classname="tests.test_package" name="test_subprocess_pack_charms_success[one_correct_charm1]" time="0.006" /><testcase classname="tests.test_parts" name="test_partconfig_happy_validation_and_completion" time="0.004" /><testcase classname="tests.test_parts" name="test_partconfig_no_plugin" time="0.002" /><testcase classname="tests.test_parts" name="test_partconfig_bad_property" time="0.002" /><testcase classname="tests.test_parts" name="test_partconfig_bad_type" time="0.002" /><testcase classname="tests.test_parts" name="test_partconfig_bad_plugin_property" time="0.002" /><testcase classname="tests.test_providers" name="test_create_build_plan_simple" time="0.004" /><testcase classname="tests.test_providers" name="test_create_build_plan_complex" time="0.004" /><testcase classname="tests.test_providers" name="test_create_build_plan_base_matches_host[True-False]" time="0.004" /><testcase classname="tests.test_providers" name="test_create_build_plan_base_matches_host[False-True]" time="0.004" /><testcase classname="tests.test_providers" name="test_create_build_plan_is_base_available" time="0.004" /><testcase classname="tests.test_providers" name="test_create_build_plan_base_index_usage" time="0.004" /><testcase classname="tests.test_providers" name="test_create_build_plan_no_suitable_bases" time="0.003" /><testcase classname="tests.test_providers" name="test_create_build_plan_no_bases_error" time="0.003" /><testcase classname="tests.test_providers" name="test_get_command_environment_minimal" time="0.002" /><testcase classname="tests.test_providers" name="test_get_command_environment_all_opts" time="0.003" /><testcase classname="tests.test_providers" name="test_get_instance_name[0-0-mycharm-test-arch1-charmcraft-mycharm-{inode}-0-0-test-arch1]" time="0.004" /><testcase classname="tests.test_providers" name="test_get_instance_name[1-2-my-other-charm-test-arch2-charmcraft-my-other-charm-{inode}-1-2-test-arch2]" time="0.004" /><testcase classname="tests.test_providers" name="test_get_base_configuration_ubuntu[BuilddBaseAlias.BIONIC-linux-None-None-None]" time="0.006" /><testcase classname="tests.test_providers" name="test_get_base_configuration_ubuntu[BuilddBaseAlias.BIONIC-linux-None-None-cache_path1]" time="0.006" /><testcase classname="tests.test_providers" name="test_get_base_configuration_ubuntu[BuilddBaseAlias.BIONIC-linux-edge-edge-None]" time="0.006" /><testcase classname="tests.test_providers" name="test_get_base_configuration_ubuntu[BuilddBaseAlias.BIONIC-linux-edge-edge-cache_path1]" time="0.006" /><testcase classname="tests.test_providers" name="test_get_base_configuration_ubuntu[BuilddBaseAlias.BIONIC-darwin-edge-edge-None]" time="0.006" /><testcase classname="tests.test_providers" name="test_get_base_configuration_ubuntu[BuilddBaseAlias.BIONIC-darwin-edge-edge-cache_path1]" time="0.006" /><testcase classname="tests.test_providers" name="test_get_base_configuration_ubuntu[BuilddBaseAlias.BIONIC-darwin-None-stable-None]" time="0.006" /><testcase classname="tests.test_providers" name="test_get_base_configuration_ubuntu[BuilddBaseAlias.BIONIC-darwin-None-stable-cache_path1]" time="0.006" /><testcase classname="tests.test_providers" name="test_get_base_configuration_ubuntu[BuilddBaseAlias.FOCAL-linux-None-None-None]" time="0.006" /><testcase classname="tests.test_providers" name="test_get_base_configuration_ubuntu[BuilddBaseAlias.FOCAL-linux-None-None-cache_path1]" time="0.007" /><testcase classname="tests.test_providers" name="test_get_base_configuration_ubuntu[BuilddBaseAlias.FOCAL-linux-edge-edge-None]" time="0.006" /><testcase classname="tests.test_providers" name="test_get_base_configuration_ubuntu[BuilddBaseAlias.FOCAL-linux-edge-edge-cache_path1]" time="0.006" /><testcase classname="tests.test_providers" name="test_get_base_configuration_ubuntu[BuilddBaseAlias.FOCAL-darwin-edge-edge-None]" time="0.006" /><testcase classname="tests.test_providers" name="test_get_base_configuration_ubuntu[BuilddBaseAlias.FOCAL-darwin-edge-edge-cache_path1]" time="0.006" /><testcase classname="tests.test_providers" name="test_get_base_configuration_ubuntu[BuilddBaseAlias.FOCAL-darwin-None-stable-None]" time="0.007" /><testcase classname="tests.test_providers" name="test_get_base_configuration_ubuntu[BuilddBaseAlias.FOCAL-darwin-None-stable-cache_path1]" time="0.006" /><testcase classname="tests.test_providers" name="test_get_base_configuration_ubuntu[BuilddBaseAlias.JAMMY-linux-None-None-None]" time="0.006" /><testcase classname="tests.test_providers" name="test_get_base_configuration_ubuntu[BuilddBaseAlias.JAMMY-linux-None-None-cache_path1]" time="0.006" /><testcase classname="tests.test_providers" name="test_get_base_configuration_ubuntu[BuilddBaseAlias.JAMMY-linux-edge-edge-None]" time="0.007" /><testcase classname="tests.test_providers" name="test_get_base_configuration_ubuntu[BuilddBaseAlias.JAMMY-linux-edge-edge-cache_path1]" time="0.006" /><testcase classname="tests.test_providers" name="test_get_base_configuration_ubuntu[BuilddBaseAlias.JAMMY-darwin-edge-edge-None]" time="0.006" /><testcase classname="tests.test_providers" name="test_get_base_configuration_ubuntu[BuilddBaseAlias.JAMMY-darwin-edge-edge-cache_path1]" time="0.006" /><testcase classname="tests.test_providers" name="test_get_base_configuration_ubuntu[BuilddBaseAlias.JAMMY-darwin-None-stable-None]" time="0.006" /><testcase classname="tests.test_providers" name="test_get_base_configuration_ubuntu[BuilddBaseAlias.JAMMY-darwin-None-stable-cache_path1]" time="0.007" /><testcase classname="tests.test_providers" name="test_get_base_configuration_centos[linux-None-None-None]" time="0.006" /><testcase classname="tests.test_providers" name="test_get_base_configuration_centos[linux-None-None-cache_path1]" time="0.006" /><testcase classname="tests.test_providers" name="test_get_base_configuration_centos[linux-edge-edge-None]" time="0.006" /><testcase classname="tests.test_providers" name="test_get_base_configuration_centos[linux-edge-edge-cache_path1]" time="0.006" /><testcase classname="tests.test_providers" name="test_get_base_configuration_centos[darwin-edge-edge-None]" time="0.007" /><testcase classname="tests.test_providers" name="test_get_base_configuration_centos[darwin-edge-edge-cache_path1]" time="0.006" /><testcase classname="tests.test_providers" name="test_get_base_configuration_centos[darwin-None-stable-None]" time="0.006" /><testcase classname="tests.test_providers" name="test_get_base_configuration_centos[darwin-None-stable-cache_path1]" time="0.006" /><testcase classname="tests.test_providers" name="test_capture_logs_from_instance_ok" time="0.004" /><testcase classname="tests.test_providers" name="test_capture_logs_from_instance_not_found" time="0.004" /><testcase classname="tests.test_providers" name="test_ensure_provider_is_available_installed_yes" time="0.004" /><testcase classname="tests.test_providers" name="test_ensure_provider_is_available_installed_no_user_confirms_yes" time="0.005" /><testcase classname="tests.test_providers" name="test_ensure_provider_is_available_installed_no_user_confirms_no" time="0.003" /><testcase classname="tests.test_providers" name="test_is_base_available[ubuntu-18.04-architectures0-True-None]" time="0.003" /><testcase classname="tests.test_providers" name="test_is_base_available[ubuntu-20.04-architectures1-True-None]" time="0.003" /><testcase classname="tests.test_providers" name="test_is_base_available[ubuntu-22.04-architectures2-True-None]" time="0.003" /><testcase classname="tests.test_providers" name="test_is_base_available[ubuntu-20.04-architectures3-True-None]" time="0.003" /><testcase classname="tests.test_providers" name="test_is_base_available[not-ubuntu-20.04-architectures4-False-name 'not-ubuntu' is not yet supported \\(must be 'ubuntu', .*\\)]" time="0.003" /><testcase classname="tests.test_providers" name="test_is_base_available[ubuntu-10.04-architectures5-False-base 'ubuntu' channel '10.04' is not yet supported \\(must be .*\\)]" time="0.003" /><testcase classname="tests.test_providers" name="test_is_base_available[ubuntu-20.04-architectures6-False-host architecture 'host-arch' not in base architectures \\['other-arch'\\]]" time="0.003" /><testcase classname="tests.test_providers" name="test_get_provider_default" time="0.003" /><testcase classname="tests.test_providers" name="test_get_provider_developer_mode_env" time="0.003" /><testcase classname="tests.test_providers" name="test_get_provider_snap_config" time="0.003" /><testcase classname="tests.test_snap" name="test_get_snap_configuration_empty" time="0.007" /><testcase classname="tests.test_snap" name="test_get_snap_configuration_valid_providers[lxd]" time="0.007" /><testcase classname="tests.test_snap" name="test_get_snap_configuration_valid_providers[multipass]" time="0.008" /><testcase classname="tests.test_snap" name="test_get_snap_configuration_invalid_providers[]" time="0.008" /><testcase classname="tests.test_snap" name="test_get_snap_configuration_invalid_providers[invalid]" time="0.008" /><testcase classname="tests.unit.commands.test_lifecycle" name="test_pack_run_managed_bundle_by_os[linux-False]" time="0.004" /><testcase classname="tests.unit.commands.test_lifecycle" name="test_pack_run_managed_bundle_by_os[macos-True]" time="0.004" /><testcase classname="tests.unit.commands.test_lifecycle" name="test_pack_run_managed_bundle_by_os[win32-True]" time="0.004" /><testcase classname="tests.unit.commands.test_list_extensions" name="test_expand_extensions_simple" time="0.003" /><testcase classname="tests.unit.commands.test_store" name="test_set_resource_architectures_output_json[updates0-expected0]" time="0.003" /><testcase classname="tests.unit.commands.test_store" name="test_set_resource_architectures_output_json[updates1-expected1]" time="0.003" /><testcase classname="tests.unit.commands.test_store" name="test_set_resource_architectures_output_table[updates0-No revisions updated.]" time="0.002" /><testcase classname="tests.unit.commands.test_store" name="test_set_resource_architectures_output_table[updates1-  Revision  Updated At            Architectures\n----------  --------------------  ---------------\n       123  1900-01-01T00:00:00Z  all]" time="0.003" /><testcase classname="tests.unit.models.test_charmcraft" name="test_get_base_from_str_and_arch[ubuntu@24.04-expected0]" time="0.002" /><testcase classname="tests.unit.models.test_charmcraft" name="test_get_base_from_str_and_arch[ubuntu@22.04-expected1]" time="0.002" /><testcase classname="tests.unit.models.test_charmcraft" name="test_get_base_from_str_and_arch[almalinux@9-expected2]" time="0.002" /><testcase classname="tests.unit.models.test_config" name="test_valid_config[None]" time="0.002" /><testcase classname="tests.unit.models.test_config" name="test_valid_config[options1]" time="0.002" /><testcase classname="tests.unit.models.test_config" name="test_valid_config[options2]" time="0.003" /><testcase classname="tests.unit.models.test_config" name="test_empty_config" time="0.003" /><testcase classname="tests.unit.models.test_config" name="test_correct_option_type[option0-JujuIntOption]" time="0.002" /><testcase classname="tests.unit.models.test_config" name="test_correct_option_type[option1-JujuFloatOption]" time="0.002" /><testcase classname="tests.unit.models.test_config" name="test_correct_option_type[option2-JujuStringOption]" time="0.003" /><testcase classname="tests.unit.models.test_config" name="test_correct_option_type[option3-JujuBooleanOption]" time="0.002" /><testcase classname="tests.unit.models.test_config" name="test_correct_option_type[option4-JujuFloatOption]" time="0.002" /><testcase classname="tests.unit.models.test_config" name="test_invalid_options[None-none is not an allowed value]" time="0.003" /><testcase classname="tests.unit.models.test_config" name="test_invalid_options[option1-Discriminator 'type' is missing]" time="0.003" /><testcase classname="tests.unit.models.test_config" name="test_invalid_options[option2-No match for discriminator 'type' and value 'stargate']" time="0.003" /><testcase classname="tests.unit.models.test_config" name="test_invalid_options[option3-value is not a valid integer]" time="0.002" /><testcase classname="tests.unit.models.test_config" name="test_invalid_options[option4-value is not a valid float]" time="0.003" /><testcase classname="tests.unit.models.test_config" name="test_invalid_options[option5-value could not be parsed to a boolean]" time="0.003" /><testcase classname="tests.unit.models.test_metadata" name="test_charm_metadata_from_charm_success[charm_dict0-expected0]" time="0.003" /><testcase classname="tests.unit.models.test_metadata" name="test_charm_metadata_from_charm_success[charm_dict1-expected1]" time="0.003" /><testcase classname="tests.unit.models.test_metadata" name="test_charm_metadata_from_charm_success[charm_dict2-expected2]" time="0.003" /><testcase classname="tests.unit.models.test_metadata" name="test_charm_metadata_from_charm_success[charm_dict3-expected3]" time="0.003" /><testcase classname="tests.unit.models.test_metadata" name="test_charm_metadata_from_charm_success[non-transformed-link]" time="0.004" /><testcase classname="tests.unit.models.test_metadata" name="test_charm_metadata_from_charm_success[charm_dict5-expected5]" time="0.003" /><testcase classname="tests.unit.models.test_metadata" name="test_bundle_metadata_from_bundle[bundle_dict0-expected0]" time="0.003" /><testcase classname="tests.unit.models.test_project" name="test_platform_from_bases_backwards_compatible[bases0-xname-xchannel-xarch1]" time="0.002" /><testcase classname="tests.unit.models.test_project" name="test_platform_from_bases_backwards_compatible[bases1-xname-xchannel-xarch1-xarch2-xarch3]" time="0.003" /><testcase classname="tests.unit.models.test_project" name="test_platform_from_bases_backwards_compatible[bases2-x1name-x1channel-x1arch_x2name-x2channel-x2arch1-x2arch2]" time="0.002" /><testcase classname="tests.unit.models.test_project" name="test_platform_from_single_base[base0]" time="0.002" /><testcase classname="tests.unit.models.test_project" name="test_platform_from_single_base[base1]" time="0.002" /><testcase classname="tests.unit.models.test_project" name="test_platform_from_single_base[base2]" time="0.002" /><testcase classname="tests.unit.models.test_project" name="test_platform_from_single_base[base3]" time="0.002" /><testcase classname="tests.unit.models.test_project" name="test_platform_from_single_base[base4]" time="0.002" /><testcase classname="tests.unit.models.test_project" name="test_platform_from_multiple_bases[bases0-ubuntu-22.04-amd64_centos-7-amd64_almalinux-9-amd64]" time="0.002" /><testcase classname="tests.unit.models.test_project" name="test_platform_from_multiple_bases[bases1-ubuntu-devel-amd64-arm64-s390x-riscv64_almalinux-9-amd64-arm64-s390x-ppc64el]" time="0.002" /><testcase classname="tests.unit.models.test_project" name="test_platform_validation_lists[build_for0-build_on0]" time="0.002" /><testcase classname="tests.unit.models.test_project" name="test_platform_validation_lists[build_for0-build_on1]" time="0.002" /><testcase classname="tests.unit.models.test_project" name="test_platform_validation_lists[build_for0-build_on2]" time="0.002" /><testcase classname="tests.unit.models.test_project" name="test_platform_validation_lists[build_for0-build_on3]" time="0.002" /><testcase classname="tests.unit.models.test_project" name="test_platform_validation_lists[build_for0-build_on4]" time="0.003" /><testcase classname="tests.unit.models.test_project" name="test_platform_validation_lists[build_for0-build_on5]" time="0.002" /><testcase classname="tests.unit.models.test_project" name="test_platform_validation_lists[build_for0-build_on6]" time="0.002" /><testcase classname="tests.unit.models.test_project" name="test_platform_validation_lists[build_for0-build_on7]" time="0.002" /><testcase classname="tests.unit.models.test_project" name="test_platform_validation_lists[build_for0-build_on8]" time="0.002" /><testcase classname="tests.unit.models.test_project" name="test_platform_validation_lists[build_for0-build_on9]" time="0.002" /><testcase classname="tests.unit.models.test_project" name="test_platform_validation_lists[build_for0-build_on10]" time="0.002" /><testcase classname="tests.unit.models.test_project" name="test_platform_validation_lists[build_for0-build_on11]" time="0.002" /><testcase classname="tests.unit.models.test_project" name="test_platform_validation_lists[build_for0-build_on12]" time="0.002" /><testcase classname="tests.unit.models.test_project" name="test_platform_validation_lists[build_for0-build_on13]" time="0.002" /><testcase classname="tests.unit.models.test_project" name="test_platform_validation_lists[build_for0-build_on14]" time="0.002" /><testcase classname="tests.unit.models.test_project" name="test_platform_validation_lists[build_for0-build_on15]" time="0.002" /><testcase classname="tests.unit.models.test_project" name="test_platform_validation_lists[build_for0-build_on16]" time="0.002" /><testcase classname="tests.unit.models.test_project" name="test_platform_validation_lists[build_for0-build_on17]" time="0.002" /><testcase classname="tests.unit.models.test_project" name="test_platform_validation_lists[build_for0-build_on18]" time="0.002" /><testcase classname="tests.unit.models.test_project" name="test_platform_validation_lists[build_for0-build_on19]" time="0.002" /><testcase classname="tests.unit.models.test_project" name="test_platform_validation_lists[build_for0-build_on20]" time="0.002" /><testcase classname="tests.unit.models.test_project" name="test_platform_validation_lists[build_for1-build_on0]" time="0.002" /><testcase classname="tests.unit.models.test_project" name="test_platform_validation_lists[build_for1-build_on1]" time="0.002" /><testcase classname="tests.unit.models.test_project" name="test_platform_validation_lists[build_for1-build_on2]" time="0.002" /><testcase classname="tests.unit.models.test_project" name="test_platform_validation_lists[build_for1-build_on3]" time="0.002" /><testcase classname="tests.unit.models.test_project" name="test_platform_validation_lists[build_for1-build_on4]" time="0.003" /><testcase classname="tests.unit.models.test_project" name="test_platform_validation_lists[build_for1-build_on5]" time="0.002" /><testcase classname="tests.unit.models.test_project" name="test_platform_validation_lists[build_for1-build_on6]" time="0.002" /><testcase classname="tests.unit.models.test_project" name="test_platform_validation_lists[build_for1-build_on7]" time="0.002" /><testcase classname="tests.unit.models.test_project" name="test_platform_validation_lists[build_for1-build_on8]" time="0.003" /><testcase classname="tests.unit.models.test_project" name="test_platform_validation_lists[build_for1-build_on9]" time="0.002" /><testcase classname="tests.unit.models.test_project" name="test_platform_validation_lists[build_for1-build_on10]" time="0.002" /><testcase classname="tests.unit.models.test_project" name="test_platform_validation_lists[build_for1-build_on11]" time="0.002" /><testcase classname="tests.unit.models.test_project" name="test_platform_validation_lists[build_for1-build_on12]" time="0.002" /><testcase classname="tests.unit.models.test_project" name="test_platform_validation_lists[build_for1-build_on13]" time="0.002" /><testcase classname="tests.unit.models.test_project" name="test_platform_validation_lists[build_for1-build_on14]" time="0.002" /><testcase classname="tests.unit.models.test_project" name="test_platform_validation_lists[build_for1-build_on15]" time="0.002" /><testcase classname="tests.unit.models.test_project" name="test_platform_validation_lists[build_for1-build_on16]" time="0.002" /><testcase classname="tests.unit.models.test_project" name="test_platform_validation_lists[build_for1-build_on17]" time="0.002" /><testcase classname="tests.unit.models.test_project" name="test_platform_validation_lists[build_for1-build_on18]" time="0.002" /><testcase classname="tests.unit.models.test_project" name="test_platform_validation_lists[build_for1-build_on19]" time="0.002" /><testcase classname="tests.unit.models.test_project" name="test_platform_validation_lists[build_for1-build_on20]" time="0.002" /><testcase classname="tests.unit.models.test_project" name="test_platform_validation_lists[build_for2-build_on0]" time="0.002" /><testcase classname="tests.unit.models.test_project" name="test_platform_validation_lists[build_for2-build_on1]" time="0.002" /><testcase classname="tests.unit.models.test_project" name="test_platform_validation_lists[build_for2-build_on2]" time="0.002" /><testcase classname="tests.unit.models.test_project" name="test_platform_validation_lists[build_for2-build_on3]" time="0.002" /><testcase classname="tests.unit.models.test_project" name="test_platform_validation_lists[build_for2-build_on4]" time="0.002" /><testcase classname="tests.unit.models.test_project" name="test_platform_validation_lists[build_for2-build_on5]" time="0.002" /><testcase classname="tests.unit.models.test_project" name="test_platform_validation_lists[build_for2-build_on6]" time="0.002" /><testcase classname="tests.unit.models.test_project" name="test_platform_validation_lists[build_for2-build_on7]" time="0.002" /><testcase classname="tests.unit.models.test_project" name="test_platform_validation_lists[build_for2-build_on8]" time="0.002" /><testcase classname="tests.unit.models.test_project" name="test_platform_validation_lists[build_for2-build_on9]" time="0.002" /><testcase classname="tests.unit.models.test_project" name="test_platform_validation_lists[build_for2-build_on10]" time="0.002" /><testcase classname="tests.unit.models.test_project" name="test_platform_validation_lists[build_for2-build_on11]" time="0.002" /><testcase classname="tests.unit.models.test_project" name="test_platform_validation_lists[build_for2-build_on12]" time="0.002" /><testcase classname="tests.unit.models.test_project" name="test_platform_validation_lists[build_for2-build_on13]" time="0.002" /><testcase classname="tests.unit.models.test_project" name="test_platform_validation_lists[build_for2-build_on14]" time="0.002" /><testcase classname="tests.unit.models.test_project" name="test_platform_validation_lists[build_for2-build_on15]" time="0.002" /><testcase classname="tests.unit.models.test_project" name="test_platform_validation_lists[build_for2-build_on16]" time="0.002" /><testcase classname="tests.unit.models.test_project" name="test_platform_validation_lists[build_for2-build_on17]" time="0.002" /><testcase classname="tests.unit.models.test_project" name="test_platform_validation_lists[build_for2-build_on18]" time="0.002" /><testcase classname="tests.unit.models.test_project" name="test_platform_validation_lists[build_for2-build_on19]" time="0.002" /><testcase classname="tests.unit.models.test_project" name="test_platform_validation_lists[build_for2-build_on20]" time="0.002" /><testcase classname="tests.unit.models.test_project" name="test_platform_validation_lists[build_for3-build_on0]" time="0.003" /><testcase classname="tests.unit.models.test_project" name="test_platform_validation_lists[build_for3-build_on1]" time="0.002" /><testcase classname="tests.unit.models.test_project" name="test_platform_validation_lists[build_for3-build_on2]" time="0.002" /><testcase classname="tests.unit.models.test_project" name="test_platform_validation_lists[build_for3-build_on3]" time="0.002" /><testcase classname="tests.unit.models.test_project" name="test_platform_validation_lists[build_for3-build_on4]" time="0.002" /><testcase classname="tests.unit.models.test_project" name="test_platform_validation_lists[build_for3-build_on5]" time="0.002" /><testcase classname="tests.unit.models.test_project" name="test_platform_validation_lists[build_for3-build_on6]" time="0.002" /><testcase classname="tests.unit.models.test_project" name="test_platform_validation_lists[build_for3-build_on7]" time="0.002" /><testcase classname="tests.unit.models.test_project" name="test_platform_validation_lists[build_for3-build_on8]" time="0.002" /><testcase classname="tests.unit.models.test_project" name="test_platform_validation_lists[build_for3-build_on9]" time="0.002" /><testcase classname="tests.unit.models.test_project" name="test_platform_validation_lists[build_for3-build_on10]" time="0.002" /><testcase classname="tests.unit.models.test_project" name="test_platform_validation_lists[build_for3-build_on11]" time="0.002" /><testcase classname="tests.unit.models.test_project" name="test_platform_validation_lists[build_for3-build_on12]" time="0.002" /><testcase classname="tests.unit.models.test_project" name="test_platform_validation_lists[build_for3-build_on13]" time="0.002" /><testcase classname="tests.unit.models.test_project" name="test_platform_validation_lists[build_for3-build_on14]" time="0.002" /><testcase classname="tests.unit.models.test_project" name="test_platform_validation_lists[build_for3-build_on15]" time="0.002" /><testcase classname="tests.unit.models.test_project" name="test_platform_validation_lists[build_for3-build_on16]" time="0.002" /><testcase classname="tests.unit.models.test_project" name="test_platform_validation_lists[build_for3-build_on17]" time="0.002" /><testcase classname="tests.unit.models.test_project" name="test_platform_validation_lists[build_for3-build_on18]" time="0.002" /><testcase classname="tests.unit.models.test_project" name="test_platform_validation_lists[build_for3-build_on19]" time="0.002" /><testcase classname="tests.unit.models.test_project" name="test_platform_validation_lists[build_for3-build_on20]" time="0.002" /><testcase classname="tests.unit.models.test_project" name="test_platform_validation_lists[build_for4-build_on0]" time="0.002" /><testcase classname="tests.unit.models.test_project" name="test_platform_validation_lists[build_for4-build_on1]" time="0.002" /><testcase classname="tests.unit.models.test_project" name="test_platform_validation_lists[build_for4-build_on2]" time="0.002" /><testcase classname="tests.unit.models.test_project" name="test_platform_validation_lists[build_for4-build_on3]" time="0.002" /><testcase classname="tests.unit.models.test_project" name="test_platform_validation_lists[build_for4-build_on4]" time="0.002" /><testcase classname="tests.unit.models.test_project" name="test_platform_validation_lists[build_for4-build_on5]" time="0.002" /><testcase classname="tests.unit.models.test_project" name="test_platform_validation_lists[build_for4-build_on6]" time="0.002" /><testcase classname="tests.unit.models.test_project" name="test_platform_validation_lists[build_for4-build_on7]" time="0.002" /><testcase classname="tests.unit.models.test_project" name="test_platform_validation_lists[build_for4-build_on8]" time="0.002" /><testcase classname="tests.unit.models.test_project" name="test_platform_validation_lists[build_for4-build_on9]" time="0.002" /><testcase classname="tests.unit.models.test_project" name="test_platform_validation_lists[build_for4-build_on10]" time="0.002" /><testcase classname="tests.unit.models.test_project" name="test_platform_validation_lists[build_for4-build_on11]" time="0.003" /><testcase classname="tests.unit.models.test_project" name="test_platform_validation_lists[build_for4-build_on12]" time="0.002" /><testcase classname="tests.unit.models.test_project" name="test_platform_validation_lists[build_for4-build_on13]" time="0.002" /><testcase classname="tests.unit.models.test_project" name="test_platform_validation_lists[build_for4-build_on14]" time="0.003" /><testcase classname="tests.unit.models.test_project" name="test_platform_validation_lists[build_for4-build_on15]" time="0.002" /><testcase classname="tests.unit.models.test_project" name="test_platform_validation_lists[build_for4-build_on16]" time="0.002" /><testcase classname="tests.unit.models.test_project" name="test_platform_validation_lists[build_for4-build_on17]" time="0.003" /><testcase classname="tests.unit.models.test_project" name="test_platform_validation_lists[build_for4-build_on18]" time="0.002" /><testcase classname="tests.unit.models.test_project" name="test_platform_validation_lists[build_for4-build_on19]" time="0.002" /><testcase classname="tests.unit.models.test_project" name="test_platform_validation_lists[build_for4-build_on20]" time="0.002" /><testcase classname="tests.unit.models.test_project" name="test_platform_validation_lists[build_for5-build_on0]" time="0.002" /><testcase classname="tests.unit.models.test_project" name="test_platform_validation_lists[build_for5-build_on1]" time="0.002" /><testcase classname="tests.unit.models.test_project" name="test_platform_validation_lists[build_for5-build_on2]" time="0.002" /><testcase classname="tests.unit.models.test_project" name="test_platform_validation_lists[build_for5-build_on3]" time="0.003" /><testcase classname="tests.unit.models.test_project" name="test_platform_validation_lists[build_for5-build_on4]" time="0.002" /><testcase classname="tests.unit.models.test_project" name="test_platform_validation_lists[build_for5-build_on5]" time="0.002" /><testcase classname="tests.unit.models.test_project" name="test_platform_validation_lists[build_for5-build_on6]" time="0.002" /><testcase classname="tests.unit.models.test_project" name="test_platform_validation_lists[build_for5-build_on7]" time="0.002" /><testcase classname="tests.unit.models.test_project" name="test_platform_validation_lists[build_for5-build_on8]" time="0.002" /><testcase classname="tests.unit.models.test_project" name="test_platform_validation_lists[build_for5-build_on9]" time="0.002" /><testcase classname="tests.unit.models.test_project" name="test_platform_validation_lists[build_for5-build_on10]" time="0.002" /><testcase classname="tests.unit.models.test_project" name="test_platform_validation_lists[build_for5-build_on11]" time="0.002" /><testcase classname="tests.unit.models.test_project" name="test_platform_validation_lists[build_for5-build_on12]" time="0.002" /><testcase classname="tests.unit.models.test_project" name="test_platform_validation_lists[build_for5-build_on13]" time="0.003" /><testcase classname="tests.unit.models.test_project" name="test_platform_validation_lists[build_for5-build_on14]" time="0.002" /><testcase classname="tests.unit.models.test_project" name="test_platform_validation_lists[build_for5-build_on15]" time="0.002" /><testcase classname="tests.unit.models.test_project" name="test_platform_validation_lists[build_for5-build_on16]" time="0.002" /><testcase classname="tests.unit.models.test_project" name="test_platform_validation_lists[build_for5-build_on17]" time="0.002" /><testcase classname="tests.unit.models.test_project" name="test_platform_validation_lists[build_for5-build_on18]" time="0.002" /><testcase classname="tests.unit.models.test_project" name="test_platform_validation_lists[build_for5-build_on19]" time="0.002" /><testcase classname="tests.unit.models.test_project" name="test_platform_validation_lists[build_for5-build_on20]" time="0.002" /><testcase classname="tests.unit.models.test_project" name="test_platform_validation_lists[build_for6-build_on0]" time="0.002" /><testcase classname="tests.unit.models.test_project" name="test_platform_validation_lists[build_for6-build_on1]" time="0.002" /><testcase classname="tests.unit.models.test_project" name="test_platform_validation_lists[build_for6-build_on2]" time="0.002" /><testcase classname="tests.unit.models.test_project" name="test_platform_validation_lists[build_for6-build_on3]" time="0.002" /><testcase classname="tests.unit.models.test_project" name="test_platform_validation_lists[build_for6-build_on4]" time="0.003" /><testcase classname="tests.unit.models.test_project" name="test_platform_validation_lists[build_for6-build_on5]" time="0.002" /><testcase classname="tests.unit.models.test_project" name="test_platform_validation_lists[build_for6-build_on6]" time="0.002" /><testcase classname="tests.unit.models.test_project" name="test_platform_validation_lists[build_for6-build_on7]" time="0.003" /><testcase classname="tests.unit.models.test_project" name="test_platform_validation_lists[build_for6-build_on8]" time="0.002" /><testcase classname="tests.unit.models.test_project" name="test_platform_validation_lists[build_for6-build_on9]" time="0.002" /><testcase classname="tests.unit.models.test_project" name="test_platform_validation_lists[build_for6-build_on10]" time="0.002" /><testcase classname="tests.unit.models.test_project" name="test_platform_validation_lists[build_for6-build_on11]" time="0.002" /><testcase classname="tests.unit.models.test_project" name="test_platform_validation_lists[build_for6-build_on12]" time="0.002" /><testcase classname="tests.unit.models.test_project" name="test_platform_validation_lists[build_for6-build_on13]" time="0.003" /><testcase classname="tests.unit.models.test_project" name="test_platform_validation_lists[build_for6-build_on14]" time="0.002" /><testcase classname="tests.unit.models.test_project" name="test_platform_validation_lists[build_for6-build_on15]" time="0.002" /><testcase classname="tests.unit.models.test_project" name="test_platform_validation_lists[build_for6-build_on16]" time="0.002" /><testcase classname="tests.unit.models.test_project" name="test_platform_validation_lists[build_for6-build_on17]" time="0.099" /><testcase classname="tests.unit.models.test_project" name="test_platform_validation_lists[build_for6-build_on18]" time="0.003" /><testcase classname="tests.unit.models.test_project" name="test_platform_validation_lists[build_for6-build_on19]" time="0.003" /><testcase classname="tests.unit.models.test_project" name="test_platform_validation_lists[build_for6-build_on20]" time="0.003" /><testcase classname="tests.unit.models.test_project" name="test_platform_validation_strings[amd64-amd64]" time="0.002" /><testcase classname="tests.unit.models.test_project" name="test_platform_validation_strings[amd64-arm64]" time="0.003" /><testcase classname="tests.unit.models.test_project" name="test_platform_validation_strings[amd64-armhf]" time="0.002" /><testcase classname="tests.unit.models.test_project" name="test_platform_validation_strings[amd64-ppc64el]" time="0.002" /><testcase classname="tests.unit.models.test_project" name="test_platform_validation_strings[amd64-riscv64]" time="0.002" /><testcase classname="tests.unit.models.test_project" name="test_platform_validation_strings[amd64-s390x]" time="0.002" /><testcase classname="tests.unit.models.test_project" name="test_platform_validation_strings[arm64-amd64]" time="0.002" /><testcase classname="tests.unit.models.test_project" name="test_platform_validation_strings[arm64-arm64]" time="0.002" /><testcase classname="tests.unit.models.test_project" name="test_platform_validation_strings[arm64-armhf]" time="0.002" /><testcase classname="tests.unit.models.test_project" name="test_platform_validation_strings[arm64-ppc64el]" time="0.002" /><testcase classname="tests.unit.models.test_project" name="test_platform_validation_strings[arm64-riscv64]" time="0.002" /><testcase classname="tests.unit.models.test_project" name="test_platform_validation_strings[arm64-s390x]" time="0.002" /><testcase classname="tests.unit.models.test_project" name="test_platform_validation_strings[armhf-amd64]" time="0.002" /><testcase classname="tests.unit.models.test_project" name="test_platform_validation_strings[armhf-arm64]" time="0.002" /><testcase classname="tests.unit.models.test_project" name="test_platform_validation_strings[armhf-armhf]" time="0.002" /><testcase classname="tests.unit.models.test_project" name="test_platform_validation_strings[armhf-ppc64el]" time="0.002" /><testcase classname="tests.unit.models.test_project" name="test_platform_validation_strings[armhf-riscv64]" time="0.002" /><testcase classname="tests.unit.models.test_project" name="test_platform_validation_strings[armhf-s390x]" time="0.002" /><testcase classname="tests.unit.models.test_project" name="test_platform_validation_strings[ppc64el-amd64]" time="0.002" /><testcase classname="tests.unit.models.test_project" name="test_platform_validation_strings[ppc64el-arm64]" time="0.002" /><testcase classname="tests.unit.models.test_project" name="test_platform_validation_strings[ppc64el-armhf]" time="0.002" /><testcase classname="tests.unit.models.test_project" name="test_platform_validation_strings[ppc64el-ppc64el]" time="0.002" /><testcase classname="tests.unit.models.test_project" name="test_platform_validation_strings[ppc64el-riscv64]" time="0.003" /><testcase classname="tests.unit.models.test_project" name="test_platform_validation_strings[ppc64el-s390x]" time="0.002" /><testcase classname="tests.unit.models.test_project" name="test_platform_validation_strings[riscv64-amd64]" time="0.002" /><testcase classname="tests.unit.models.test_project" name="test_platform_validation_strings[riscv64-arm64]" time="0.003" /><testcase classname="tests.unit.models.test_project" name="test_platform_validation_strings[riscv64-armhf]" time="0.002" /><testcase classname="tests.unit.models.test_project" name="test_platform_validation_strings[riscv64-ppc64el]" time="0.002" /><testcase classname="tests.unit.models.test_project" name="test_platform_validation_strings[riscv64-riscv64]" time="0.002" /><testcase classname="tests.unit.models.test_project" name="test_platform_validation_strings[riscv64-s390x]" time="0.002" /><testcase classname="tests.unit.models.test_project" name="test_platform_validation_strings[s390x-amd64]" time="0.002" /><testcase classname="tests.unit.models.test_project" name="test_platform_validation_strings[s390x-arm64]" time="0.003" /><testcase classname="tests.unit.models.test_project" name="test_platform_validation_strings[s390x-armhf]" time="0.002" /><testcase classname="tests.unit.models.test_project" name="test_platform_validation_strings[s390x-ppc64el]" time="0.002" /><testcase classname="tests.unit.models.test_project" name="test_platform_validation_strings[s390x-riscv64]" time="0.002" /><testcase classname="tests.unit.models.test_project" name="test_platform_validation_strings[s390x-s390x]" time="0.003" /><testcase classname="tests.unit.models.test_project" name="test_platform_validation_strings[all-amd64]" time="0.002" /><testcase classname="tests.unit.models.test_project" name="test_platform_validation_strings[all-arm64]" time="0.002" /><testcase classname="tests.unit.models.test_project" name="test_platform_validation_strings[all-armhf]" time="0.002" /><testcase classname="tests.unit.models.test_project" name="test_platform_validation_strings[all-ppc64el]" time="0.002" /><testcase classname="tests.unit.models.test_project" name="test_platform_validation_strings[all-riscv64]" time="0.002" /><testcase classname="tests.unit.models.test_project" name="test_platform_validation_strings[all-s390x]" time="0.002" /><testcase classname="tests.unit.models.test_project" name="test_build_info_from_build_on_run_on_basic[run_on0-amd64-build_on_base0]" time="0.003" /><testcase classname="tests.unit.models.test_project" name="test_build_info_from_build_on_run_on_basic[run_on0-amd64-build_on_base1]" time="0.002" /><testcase classname="tests.unit.models.test_project" name="test_build_info_from_build_on_run_on_basic[run_on0-amd64-build_on_base2]" time="0.002" /><testcase classname="tests.unit.models.test_project" name="test_build_info_from_build_on_run_on_basic[run_on0-arm64-build_on_base0]" time="0.003" /><testcase classname="tests.unit.models.test_project" name="test_build_info_from_build_on_run_on_basic[run_on0-arm64-build_on_base1]" time="0.002" /><testcase classname="tests.unit.models.test_project" name="test_build_info_from_build_on_run_on_basic[run_on0-arm64-build_on_base2]" time="0.002" /><testcase classname="tests.unit.models.test_project" name="test_build_info_from_build_on_run_on_basic[run_on0-riscv64-build_on_base0]" time="0.003" /><testcase classname="tests.unit.models.test_project" name="test_build_info_from_build_on_run_on_basic[run_on0-riscv64-build_on_base1]" time="0.002" /><testcase classname="tests.unit.models.test_project" name="test_build_info_from_build_on_run_on_basic[run_on0-riscv64-build_on_base2]" time="0.002" /><testcase classname="tests.unit.models.test_project" name="test_build_info_from_build_on_run_on_basic[run_on0-s390x-build_on_base0]" time="0.003" /><testcase classname="tests.unit.models.test_project" name="test_build_info_from_build_on_run_on_basic[run_on0-s390x-build_on_base1]" time="0.002" /><testcase classname="tests.unit.models.test_project" name="test_build_info_from_build_on_run_on_basic[run_on0-s390x-build_on_base2]" time="0.002" /><testcase classname="tests.unit.models.test_project" name="test_build_info_from_build_on_run_on_basic[run_on1-amd64-build_on_base0]" time="0.003" /><testcase classname="tests.unit.models.test_project" name="test_build_info_from_build_on_run_on_basic[run_on1-amd64-build_on_base1]" time="0.002" /><testcase classname="tests.unit.models.test_project" name="test_build_info_from_build_on_run_on_basic[run_on1-amd64-build_on_base2]" time="0.002" /><testcase classname="tests.unit.models.test_project" name="test_build_info_from_build_on_run_on_basic[run_on1-arm64-build_on_base0]" time="0.003" /><testcase classname="tests.unit.models.test_project" name="test_build_info_from_build_on_run_on_basic[run_on1-arm64-build_on_base1]" time="0.003" /><testcase classname="tests.unit.models.test_project" name="test_build_info_from_build_on_run_on_basic[run_on1-arm64-build_on_base2]" time="0.002" /><testcase classname="tests.unit.models.test_project" name="test_build_info_from_build_on_run_on_basic[run_on1-riscv64-build_on_base0]" time="0.003" /><testcase classname="tests.unit.models.test_project" name="test_build_info_from_build_on_run_on_basic[run_on1-riscv64-build_on_base1]" time="0.003" /><testcase classname="tests.unit.models.test_project" name="test_build_info_from_build_on_run_on_basic[run_on1-riscv64-build_on_base2]" time="0.003" /><testcase classname="tests.unit.models.test_project" name="test_build_info_from_build_on_run_on_basic[run_on1-s390x-build_on_base0]" time="0.003" /><testcase classname="tests.unit.models.test_project" name="test_build_info_from_build_on_run_on_basic[run_on1-s390x-build_on_base1]" time="0.003" /><testcase classname="tests.unit.models.test_project" name="test_build_info_from_build_on_run_on_basic[run_on1-s390x-build_on_base2]" time="0.002" /><testcase classname="tests.unit.models.test_project" name="test_build_info_from_build_on_run_on_multi_arch[one-base]" time="0.003" /><testcase classname="tests.unit.models.test_project" name="test_build_info_from_build_on_run_on_multi_arch[multiarch-across-bases]" time="0.002" /><testcase classname="tests.unit.models.test_project" name="test_build_info_generator[empty]" time="0.002" /><testcase classname="tests.unit.models.test_project" name="test_build_info_generator[given1-expected1]" time="0.003" /><testcase classname="tests.unit.models.test_project" name="test_build_planner_correct[bundle]" time="0.002" /><testcase classname="tests.unit.models.test_project" name="test_build_planner_correct[simple-platforms]" time="0.002" /><testcase classname="tests.unit.models.test_project" name="test_build_planner_correct[complex-platforms]" time="0.003" /><testcase classname="tests.unit.models.test_project" name="test_build_planner_correct[platforms-with-build-base]" time="0.002" /><testcase classname="tests.unit.models.test_project" name="test_build_planner_correct[basic-bases]" time="0.003" /><testcase classname="tests.unit.models.test_project" name="test_build_planner_correct[arch-base]" time="0.003" /><testcase classname="tests.unit.models.test_project" name="test_build_planner_platforms_combinations[platforms0-ubuntu@20.04-build_plan_basename0-ubuntu@20.04]" time="0.002" /><testcase classname="tests.unit.models.test_project" name="test_build_planner_platforms_combinations[platforms0-ubuntu@20.04-build_plan_basename0-ubuntu@22.04]" time="0.002" /><testcase classname="tests.unit.models.test_project" name="test_build_planner_platforms_combinations[platforms0-ubuntu@20.04-build_plan_basename0-ubuntu@24.04]" time="0.003" /><testcase classname="tests.unit.models.test_project" name="test_build_planner_platforms_combinations[platforms0-ubuntu@22.04-build_plan_basename1-ubuntu@20.04]" time="0.003" /><testcase classname="tests.unit.models.test_project" name="test_build_planner_platforms_combinations[platforms0-ubuntu@22.04-build_plan_basename1-ubuntu@22.04]" time="0.002" /><testcase classname="tests.unit.models.test_project" name="test_build_planner_platforms_combinations[platforms0-ubuntu@22.04-build_plan_basename1-ubuntu@24.04]" time="0.003" /><testcase classname="tests.unit.models.test_project" name="test_build_planner_platforms_combinations[platforms0-ubuntu@24.04-build_plan_basename2-ubuntu@20.04]" time="0.002" /><testcase classname="tests.unit.models.test_project" name="test_build_planner_platforms_combinations[platforms0-ubuntu@24.04-build_plan_basename2-ubuntu@22.04]" time="0.002" /><testcase classname="tests.unit.models.test_project" name="test_build_planner_platforms_combinations[platforms0-ubuntu@24.04-build_plan_basename2-ubuntu@24.04]" time="0.003" /><testcase classname="tests.unit.models.test_project" name="test_build_planner_platforms_combinations[platforms0-almalinux@9-build_plan_basename3-ubuntu@20.04]" time="0.003" /><testcase classname="tests.unit.models.test_project" name="test_build_planner_platforms_combinations[platforms0-almalinux@9-build_plan_basename3-ubuntu@22.04]" time="0.003" /><testcase classname="tests.unit.models.test_project" name="test_build_planner_platforms_combinations[platforms0-almalinux@9-build_plan_basename3-ubuntu@24.04]" time="0.003" /><testcase classname="tests.unit.models.test_project" name="test_build_planner_platforms_combinations[platforms1-ubuntu@20.04-build_plan_basename0-ubuntu@20.04]" time="0.003" /><testcase classname="tests.unit.models.test_project" name="test_build_planner_platforms_combinations[platforms1-ubuntu@20.04-build_plan_basename0-ubuntu@22.04]" time="0.002" /><testcase classname="tests.unit.models.test_project" name="test_build_planner_platforms_combinations[platforms1-ubuntu@20.04-build_plan_basename0-ubuntu@24.04]" time="0.003" /><testcase classname="tests.unit.models.test_project" name="test_build_planner_platforms_combinations[platforms1-ubuntu@22.04-build_plan_basename1-ubuntu@20.04]" time="0.002" /><testcase classname="tests.unit.models.test_project" name="test_build_planner_platforms_combinations[platforms1-ubuntu@22.04-build_plan_basename1-ubuntu@22.04]" time="0.002" /><testcase classname="tests.unit.models.test_project" name="test_build_planner_platforms_combinations[platforms1-ubuntu@22.04-build_plan_basename1-ubuntu@24.04]" time="0.003" /><testcase classname="tests.unit.models.test_project" name="test_build_planner_platforms_combinations[platforms1-ubuntu@24.04-build_plan_basename2-ubuntu@20.04]" time="0.002" /><testcase classname="tests.unit.models.test_project" name="test_build_planner_platforms_combinations[platforms1-ubuntu@24.04-build_plan_basename2-ubuntu@22.04]" time="0.003" /><testcase classname="tests.unit.models.test_project" name="test_build_planner_platforms_combinations[platforms1-ubuntu@24.04-build_plan_basename2-ubuntu@24.04]" time="0.003" /><testcase classname="tests.unit.models.test_project" name="test_build_planner_platforms_combinations[platforms1-almalinux@9-build_plan_basename3-ubuntu@20.04]" time="0.002" /><testcase classname="tests.unit.models.test_project" name="test_build_planner_platforms_combinations[platforms1-almalinux@9-build_plan_basename3-ubuntu@22.04]" time="0.002" /><testcase classname="tests.unit.models.test_project" name="test_build_planner_platforms_combinations[platforms1-almalinux@9-build_plan_basename3-ubuntu@24.04]" time="0.003" /><testcase classname="tests.unit.models.test_project" name="test_get_bundle_plan[22.04-ubuntu-amd64]" time="0.004" /><testcase classname="tests.unit.models.test_project" name="test_get_bundle_plan[22.04-ubuntu-arm64]" time="0.004" /><testcase classname="tests.unit.models.test_project" name="test_get_bundle_plan[22.04-ubuntu-armhf]" time="0.004" /><testcase classname="tests.unit.models.test_project" name="test_get_bundle_plan[22.04-ubuntu-ppc64el]" time="0.004" /><testcase classname="tests.unit.models.test_project" name="test_get_bundle_plan[22.04-ubuntu-riscv64]" time="0.004" /><testcase classname="tests.unit.models.test_project" name="test_get_bundle_plan[22.04-ubuntu-s390x]" time="0.004" /><testcase classname="tests.unit.models.test_project" name="test_get_bundle_plan[22.04-linux-amd64]" time="0.004" /><testcase classname="tests.unit.models.test_project" name="test_get_bundle_plan[22.04-linux-arm64]" time="0.004" /><testcase classname="tests.unit.models.test_project" name="test_get_bundle_plan[22.04-linux-armhf]" time="0.003" /><testcase classname="tests.unit.models.test_project" name="test_get_bundle_plan[22.04-linux-ppc64el]" time="0.004" /><testcase classname="tests.unit.models.test_project" name="test_get_bundle_plan[22.04-linux-riscv64]" time="0.003" /><testcase classname="tests.unit.models.test_project" name="test_get_bundle_plan[22.04-linux-s390x]" time="0.004" /><testcase classname="tests.unit.models.test_project" name="test_get_bundle_plan[22.04-macos-amd64]" time="0.003" /><testcase classname="tests.unit.models.test_project" name="test_get_bundle_plan[22.04-macos-arm64]" time="0.003" /><testcase classname="tests.unit.models.test_project" name="test_get_bundle_plan[22.04-macos-armhf]" time="0.004" /><testcase classname="tests.unit.models.test_project" name="test_get_bundle_plan[22.04-macos-ppc64el]" time="0.004" /><testcase classname="tests.unit.models.test_project" name="test_get_bundle_plan[22.04-macos-riscv64]" time="0.003" /><testcase classname="tests.unit.models.test_project" name="test_get_bundle_plan[22.04-macos-s390x]" time="0.004" /><testcase classname="tests.unit.models.test_project" name="test_get_bundle_plan[22.04-windows-amd64]" time="0.004" /><testcase classname="tests.unit.models.test_project" name="test_get_bundle_plan[22.04-windows-arm64]" time="0.004" /><testcase classname="tests.unit.models.test_project" name="test_get_bundle_plan[22.04-windows-armhf]" time="0.005" /><testcase classname="tests.unit.models.test_project" name="test_get_bundle_plan[22.04-windows-ppc64el]" time="0.004" /><testcase classname="tests.unit.models.test_project" name="test_get_bundle_plan[22.04-windows-riscv64]" time="0.004" /><testcase classname="tests.unit.models.test_project" name="test_get_bundle_plan[22.04-windows-s390x]" time="0.004" /><testcase classname="tests.unit.models.test_project" name="test_get_bundle_plan[22.04-plan9-amd64]" time="0.004" /><testcase classname="tests.unit.models.test_project" name="test_get_bundle_plan[22.04-plan9-arm64]" time="0.004" /><testcase classname="tests.unit.models.test_project" name="test_get_bundle_plan[22.04-plan9-armhf]" time="0.004" /><testcase classname="tests.unit.models.test_project" name="test_get_bundle_plan[22.04-plan9-ppc64el]" time="0.004" /><testcase classname="tests.unit.models.test_project" name="test_get_bundle_plan[22.04-plan9-riscv64]" time="0.003" /><testcase classname="tests.unit.models.test_project" name="test_get_bundle_plan[22.04-plan9-s390x]" time="0.004" /><testcase classname="tests.unit.models.test_project" name="test_get_bundle_plan[2.6.32-ubuntu-amd64]" time="0.004" /><testcase classname="tests.unit.models.test_project" name="test_get_bundle_plan[2.6.32-ubuntu-arm64]" time="0.003" /><testcase classname="tests.unit.models.test_project" name="test_get_bundle_plan[2.6.32-ubuntu-armhf]" time="0.004" /><testcase classname="tests.unit.models.test_project" name="test_get_bundle_plan[2.6.32-ubuntu-ppc64el]" time="0.004" /><testcase classname="tests.unit.models.test_project" name="test_get_bundle_plan[2.6.32-ubuntu-riscv64]" time="0.004" /><testcase classname="tests.unit.models.test_project" name="test_get_bundle_plan[2.6.32-ubuntu-s390x]" time="0.004" /><testcase classname="tests.unit.models.test_project" name="test_get_bundle_plan[2.6.32-linux-amd64]" time="0.004" /><testcase classname="tests.unit.models.test_project" name="test_get_bundle_plan[2.6.32-linux-arm64]" time="0.004" /><testcase classname="tests.unit.models.test_project" name="test_get_bundle_plan[2.6.32-linux-armhf]" time="0.004" /><testcase classname="tests.unit.models.test_project" name="test_get_bundle_plan[2.6.32-linux-ppc64el]" time="0.005" /><testcase classname="tests.unit.models.test_project" name="test_get_bundle_plan[2.6.32-linux-riscv64]" time="0.004" /><testcase classname="tests.unit.models.test_project" name="test_get_bundle_plan[2.6.32-linux-s390x]" time="0.004" /><testcase classname="tests.unit.models.test_project" name="test_get_bundle_plan[2.6.32-macos-amd64]" time="0.004" /><testcase classname="tests.unit.models.test_project" name="test_get_bundle_plan[2.6.32-macos-arm64]" time="0.004" /><testcase classname="tests.unit.models.test_project" name="test_get_bundle_plan[2.6.32-macos-armhf]" time="0.004" /><testcase classname="tests.unit.models.test_project" name="test_get_bundle_plan[2.6.32-macos-ppc64el]" time="0.004" /><testcase classname="tests.unit.models.test_project" name="test_get_bundle_plan[2.6.32-macos-riscv64]" time="0.004" /><testcase classname="tests.unit.models.test_project" name="test_get_bundle_plan[2.6.32-macos-s390x]" time="0.004" /><testcase classname="tests.unit.models.test_project" name="test_get_bundle_plan[2.6.32-windows-amd64]" time="0.005" /><testcase classname="tests.unit.models.test_project" name="test_get_bundle_plan[2.6.32-windows-arm64]" time="0.004" /><testcase classname="tests.unit.models.test_project" name="test_get_bundle_plan[2.6.32-windows-armhf]" time="0.004" /><testcase classname="tests.unit.models.test_project" name="test_get_bundle_plan[2.6.32-windows-ppc64el]" time="0.003" /><testcase classname="tests.unit.models.test_project" name="test_get_bundle_plan[2.6.32-windows-riscv64]" time="0.003" /><testcase classname="tests.unit.models.test_project" name="test_get_bundle_plan[2.6.32-windows-s390x]" time="0.003" /><testcase classname="tests.unit.models.test_project" name="test_get_bundle_plan[2.6.32-plan9-amd64]" time="0.004" /><testcase classname="tests.unit.models.test_project" name="test_get_bundle_plan[2.6.32-plan9-arm64]" time="0.004" /><testcase classname="tests.unit.models.test_project" name="test_get_bundle_plan[2.6.32-plan9-armhf]" time="0.004" /><testcase classname="tests.unit.models.test_project" name="test_get_bundle_plan[2.6.32-plan9-ppc64el]" time="0.004" /><testcase classname="tests.unit.models.test_project" name="test_get_bundle_plan[2.6.32-plan9-riscv64]" time="0.003" /><testcase classname="tests.unit.models.test_project" name="test_get_bundle_plan[2.6.32-plan9-s390x]" time="0.003" /><testcase classname="tests.unit.models.test_project" name="test_get_bundle_plan[10.5-ubuntu-amd64]" time="0.004" /><testcase classname="tests.unit.models.test_project" name="test_get_bundle_plan[10.5-ubuntu-arm64]" time="0.004" /><testcase classname="tests.unit.models.test_project" name="test_get_bundle_plan[10.5-ubuntu-armhf]" time="0.003" /><testcase classname="tests.unit.models.test_project" name="test_get_bundle_plan[10.5-ubuntu-ppc64el]" time="0.004" /><testcase classname="tests.unit.models.test_project" name="test_get_bundle_plan[10.5-ubuntu-riscv64]" time="0.003" /><testcase classname="tests.unit.models.test_project" name="test_get_bundle_plan[10.5-ubuntu-s390x]" time="0.003" /><testcase classname="tests.unit.models.test_project" name="test_get_bundle_plan[10.5-linux-amd64]" time="0.004" /><testcase classname="tests.unit.models.test_project" name="test_get_bundle_plan[10.5-linux-arm64]" time="0.005" /><testcase classname="tests.unit.models.test_project" name="test_get_bundle_plan[10.5-linux-armhf]" time="0.004" /><testcase classname="tests.unit.models.test_project" name="test_get_bundle_plan[10.5-linux-ppc64el]" time="0.004" /><testcase classname="tests.unit.models.test_project" name="test_get_bundle_plan[10.5-linux-riscv64]" time="0.007" /><testcase classname="tests.unit.models.test_project" name="test_get_bundle_plan[10.5-linux-s390x]" time="0.008" /><testcase classname="tests.unit.models.test_project" name="test_get_bundle_plan[10.5-macos-amd64]" time="0.008" /><testcase classname="tests.unit.models.test_project" name="test_get_bundle_plan[10.5-macos-arm64]" time="0.006" /><testcase classname="tests.unit.models.test_project" name="test_get_bundle_plan[10.5-macos-armhf]" time="0.007" /><testcase classname="tests.unit.models.test_project" name="test_get_bundle_plan[10.5-macos-ppc64el]" time="0.007" /><testcase classname="tests.unit.models.test_project" name="test_get_bundle_plan[10.5-macos-riscv64]" time="0.006" /><testcase classname="tests.unit.models.test_project" name="test_get_bundle_plan[10.5-macos-s390x]" time="0.003" /><testcase classname="tests.unit.models.test_project" name="test_get_bundle_plan[10.5-windows-amd64]" time="0.003" /><testcase classname="tests.unit.models.test_project" name="test_get_bundle_plan[10.5-windows-arm64]" time="0.004" /><testcase classname="tests.unit.models.test_project" name="test_get_bundle_plan[10.5-windows-armhf]" time="0.004" /><testcase classname="tests.unit.models.test_project" name="test_get_bundle_plan[10.5-windows-ppc64el]" time="0.004" /><testcase classname="tests.unit.models.test_project" name="test_get_bundle_plan[10.5-windows-riscv64]" time="0.004" /><testcase classname="tests.unit.models.test_project" name="test_get_bundle_plan[10.5-windows-s390x]" time="0.003" /><testcase classname="tests.unit.models.test_project" name="test_get_bundle_plan[10.5-plan9-amd64]" time="0.003" /><testcase classname="tests.unit.models.test_project" name="test_get_bundle_plan[10.5-plan9-arm64]" time="0.004" /><testcase classname="tests.unit.models.test_project" name="test_get_bundle_plan[10.5-plan9-armhf]" time="0.004" /><testcase classname="tests.unit.models.test_project" name="test_get_bundle_plan[10.5-plan9-ppc64el]" time="0.004" /><testcase classname="tests.unit.models.test_project" name="test_get_bundle_plan[10.5-plan9-riscv64]" time="0.004" /><testcase classname="tests.unit.models.test_project" name="test_get_bundle_plan[10.5-plan9-s390x]" time="0.004" /><testcase classname="tests.unit.models.test_project" name="test_get_bundle_plan[vista-ubuntu-amd64]" time="0.007" /><testcase classname="tests.unit.models.test_project" name="test_get_bundle_plan[vista-ubuntu-arm64]" time="0.004" /><testcase classname="tests.unit.models.test_project" name="test_get_bundle_plan[vista-ubuntu-armhf]" time="0.004" /><testcase classname="tests.unit.models.test_project" name="test_get_bundle_plan[vista-ubuntu-ppc64el]" time="0.004" /><testcase classname="tests.unit.models.test_project" name="test_get_bundle_plan[vista-ubuntu-riscv64]" time="0.004" /><testcase classname="tests.unit.models.test_project" name="test_get_bundle_plan[vista-ubuntu-s390x]" time="0.005" /><testcase classname="tests.unit.models.test_project" name="test_get_bundle_plan[vista-linux-amd64]" time="0.004" /><testcase classname="tests.unit.models.test_project" name="test_get_bundle_plan[vista-linux-arm64]" time="0.004" /><testcase classname="tests.unit.models.test_project" name="test_get_bundle_plan[vista-linux-armhf]" time="0.004" /><testcase classname="tests.unit.models.test_project" name="test_get_bundle_plan[vista-linux-ppc64el]" time="0.004" /><testcase classname="tests.unit.models.test_project" name="test_get_bundle_plan[vista-linux-riscv64]" time="0.004" /><testcase classname="tests.unit.models.test_project" name="test_get_bundle_plan[vista-linux-s390x]" time="0.004" /><testcase classname="tests.unit.models.test_project" name="test_get_bundle_plan[vista-macos-amd64]" time="0.004" /><testcase classname="tests.unit.models.test_project" name="test_get_bundle_plan[vista-macos-arm64]" time="0.004" /><testcase classname="tests.unit.models.test_project" name="test_get_bundle_plan[vista-macos-armhf]" time="0.005" /><testcase classname="tests.unit.models.test_project" name="test_get_bundle_plan[vista-macos-ppc64el]" time="0.004" /><testcase classname="tests.unit.models.test_project" name="test_get_bundle_plan[vista-macos-riscv64]" time="0.004" /><testcase classname="tests.unit.models.test_project" name="test_get_bundle_plan[vista-macos-s390x]" time="0.004" /><testcase classname="tests.unit.models.test_project" name="test_get_bundle_plan[vista-windows-amd64]" time="0.004" /><testcase classname="tests.unit.models.test_project" name="test_get_bundle_plan[vista-windows-arm64]" time="0.004" /><testcase classname="tests.unit.models.test_project" name="test_get_bundle_plan[vista-windows-armhf]" time="0.004" /><testcase classname="tests.unit.models.test_project" name="test_get_bundle_plan[vista-windows-ppc64el]" time="0.004" /><testcase classname="tests.unit.models.test_project" name="test_get_bundle_plan[vista-windows-riscv64]" time="0.004" /><testcase classname="tests.unit.models.test_project" name="test_get_bundle_plan[vista-windows-s390x]" time="0.004" /><testcase classname="tests.unit.models.test_project" name="test_get_bundle_plan[vista-plan9-amd64]" time="0.004" /><testcase classname="tests.unit.models.test_project" name="test_get_bundle_plan[vista-plan9-arm64]" time="0.004" /><testcase classname="tests.unit.models.test_project" name="test_get_bundle_plan[vista-plan9-armhf]" time="0.004" /><testcase classname="tests.unit.models.test_project" name="test_get_bundle_plan[vista-plan9-ppc64el]" time="0.004" /><testcase classname="tests.unit.models.test_project" name="test_get_bundle_plan[vista-plan9-riscv64]" time="0.004" /><testcase classname="tests.unit.models.test_project" name="test_get_bundle_plan[vista-plan9-s390x]" time="0.004" /><testcase classname="tests.unit.models.test_project" name="test_get_bundle_plan[from bell labs-ubuntu-amd64]" time="0.004" /><testcase classname="tests.unit.models.test_project" name="test_get_bundle_plan[from bell labs-ubuntu-arm64]" time="0.004" /><testcase classname="tests.unit.models.test_project" name="test_get_bundle_plan[from bell labs-ubuntu-armhf]" time="0.004" /><testcase classname="tests.unit.models.test_project" name="test_get_bundle_plan[from bell labs-ubuntu-ppc64el]" time="0.005" /><testcase classname="tests.unit.models.test_project" name="test_get_bundle_plan[from bell labs-ubuntu-riscv64]" time="0.004" /><testcase classname="tests.unit.models.test_project" name="test_get_bundle_plan[from bell labs-ubuntu-s390x]" time="0.004" /><testcase classname="tests.unit.models.test_project" name="test_get_bundle_plan[from bell labs-linux-amd64]" time="0.004" /><testcase classname="tests.unit.models.test_project" name="test_get_bundle_plan[from bell labs-linux-arm64]" time="0.004" /><testcase classname="tests.unit.models.test_project" name="test_get_bundle_plan[from bell labs-linux-armhf]" time="0.004" /><testcase classname="tests.unit.models.test_project" name="test_get_bundle_plan[from bell labs-linux-ppc64el]" time="0.004" /><testcase classname="tests.unit.models.test_project" name="test_get_bundle_plan[from bell labs-linux-riscv64]" time="0.004" /><testcase classname="tests.unit.models.test_project" name="test_get_bundle_plan[from bell labs-linux-s390x]" time="0.004" /><testcase classname="tests.unit.models.test_project" name="test_get_bundle_plan[from bell labs-macos-amd64]" time="0.005" /><testcase classname="tests.unit.models.test_project" name="test_get_bundle_plan[from bell labs-macos-arm64]" time="0.004" /><testcase classname="tests.unit.models.test_project" name="test_get_bundle_plan[from bell labs-macos-armhf]" time="0.004" /><testcase classname="tests.unit.models.test_project" name="test_get_bundle_plan[from bell labs-macos-ppc64el]" time="0.004" /><testcase classname="tests.unit.models.test_project" name="test_get_bundle_plan[from bell labs-macos-riscv64]" time="0.004" /><testcase classname="tests.unit.models.test_project" name="test_get_bundle_plan[from bell labs-macos-s390x]" time="0.004" /><testcase classname="tests.unit.models.test_project" name="test_get_bundle_plan[from bell labs-windows-amd64]" time="0.004" /><testcase classname="tests.unit.models.test_project" name="test_get_bundle_plan[from bell labs-windows-arm64]" time="0.004" /><testcase classname="tests.unit.models.test_project" name="test_get_bundle_plan[from bell labs-windows-armhf]" time="0.004" /><testcase classname="tests.unit.models.test_project" name="test_get_bundle_plan[from bell labs-windows-ppc64el]" time="0.004" /><testcase classname="tests.unit.models.test_project" name="test_get_bundle_plan[from bell labs-windows-riscv64]" time="0.004" /><testcase classname="tests.unit.models.test_project" name="test_get_bundle_plan[from bell labs-windows-s390x]" time="0.004" /><testcase classname="tests.unit.models.test_project" name="test_get_bundle_plan[from bell labs-plan9-amd64]" time="0.004" /><testcase classname="tests.unit.models.test_project" name="test_get_bundle_plan[from bell labs-plan9-arm64]" time="0.004" /><testcase classname="tests.unit.models.test_project" name="test_get_bundle_plan[from bell labs-plan9-armhf]" time="0.004" /><testcase classname="tests.unit.models.test_project" name="test_get_bundle_plan[from bell labs-plan9-ppc64el]" time="0.004" /><testcase classname="tests.unit.models.test_project" name="test_get_bundle_plan[from bell labs-plan9-riscv64]" time="0.004" /><testcase classname="tests.unit.models.test_project" name="test_get_bundle_plan[from bell labs-plan9-s390x]" time="0.003" /><testcase classname="tests.unit.models.test_project" name="test_unmarshal_success[data0-type_class0]" time="0.003" /><testcase classname="tests.unit.models.test_project" name="test_unmarshal_success[data1-Bundle]" time="0.003" /><testcase classname="tests.unit.models.test_project" name="test_unmarshal_invalid_type[None]" time="0.002" /><testcase classname="tests.unit.models.test_project" name="test_unmarshal_invalid_type[]" time="0.002" /><testcase classname="tests.unit.models.test_project" name="test_unmarshal_invalid_type[invalid]" time="0.003" /><testcase classname="tests.unit.models.test_project" name="test_unmarshal_invalid_type[Dvorak]" time="0.002" /><testcase classname="tests.unit.models.test_project" name="test_from_yaml_file_success[type: charm\nname: charmy-mccharmface\nsummary: Charmy!\ndescription: Very charming!\nbases: [{name: ubuntu, channel: &quot;22.04&quot;, architectures: [arm64]}]\n-None-None-None-expected_diff0]" time="0.010" /><testcase classname="tests.unit.models.test_project" name="test_from_yaml_file_success[type: charm\nbases: [{name: ubuntu, channel: &quot;22.04&quot;, architectures: [arm64]}]\n-{name: charmy-mccharmface, summary: Charmy!, description: Very charming!}-None-None-expected_diff1]" time="0.011" /><testcase classname="tests.unit.models.test_project" name="test_from_yaml_file_success[type: charm\nname: charmy-mccharmface\nsummary: Charmy!\ndescription: Very charming!\nbases: [{name: ubuntu, channel: &quot;22.04&quot;, architectures: [arm64]}]\n-None-options: {admin: {default: root, description: Admin user, type: string}}-None-expected_diff2]" time="0.011" /><testcase classname="tests.unit.models.test_project" name="test_from_yaml_file_success[type: charm\nname: charmy-mccharmface\nsummary: Charmy!\ndescription: Very charming!\nbases: [{name: ubuntu, channel: &quot;22.04&quot;, architectures: [arm64]}]\n-None-None-snooze: {description: Take a little nap.}-expected_diff3]" time="0.011" /><testcase classname="tests.unit.models.test_project" name="test_from_yaml_file_success[type: charm\nbases: [{name: ubuntu, channel: &quot;22.04&quot;, architectures: [arm64]}]\n-{name: charmy-mccharmface, summary: Charmy!, description: Very charming!}-options: {admin: {default: root, description: Admin user, type: string}}-snooze: {description: Take a little nap.}-expected_diff4]" time="0.013" /><testcase classname="tests.unit.models.test_project" name="test_from_yaml_file_exception[FileNotFound]" time="0.007" /><testcase classname="tests.unit.models.test_project" name="test_from_yaml_file_exception[duplicate-config]" time="0.009" /><testcase classname="tests.unit.models.test_project" name="test_from_yaml_file_exception[duplcate-actions]" time="0.009" /><testcase classname="tests.unit.models.test_project" name="test_instantiate_bases_charm_success[simple-base]" time="0.003" /><testcase classname="tests.unit.models.test_project" name="test_instantiate_bases_charm_error[no-bases]" time="0.003" /><testcase classname="tests.unit.models.test_project" name="test_instantiate_bases_charm_error[empty-bases]" time="0.003" /><testcase classname="tests.unit.models.test_project" name="test_devel_bases[ubuntu@24.04]" time="0.003" /><testcase classname="tests.unit.models.test_project" name="test_read_charm_from_yaml_file_self_contained_success[basic-bases.yaml]" time="0.008" /><testcase classname="tests.unit.models.test_project" name="test_read_charm_from_yaml_file_self_contained_success[basic-platforms.yaml]" time="0.006" /><testcase classname="tests.unit.models.test_project" name="test_read_charm_from_yaml_file_self_contained_success[full-bases.yaml]" time="0.049" /><testcase classname="tests.unit.models.test_project" name="test_read_charm_from_yaml_file_self_contained_success[full-platforms.yaml]" time="0.044" /><testcase classname="tests.unit.models.test_project" name="test_read_charm_from_yaml_file_error[basic.yaml-Bad basic.yaml content:\n- field 'name' required in top-level configuration\n- field 'summary' required in top-level configuration\n- field 'description' required in top-level configuration\n- field 'bases' required in top-level configuration]" time="0.004" /><testcase classname="tests.unit.models.test_project" name="test_read_charm_from_yaml_file_error[invalid-type.yaml-Bad invalid-type.yaml content:\n- field 'name' required in top-level configuration\n- field 'summary' required in top-level configuration\n- field 'description' required in top-level configuration\n- unexpected value; permitted: 'charm' (in field 'type')\n- field 'bases' required in top-level configuration]" time="0.003" /><testcase classname="tests.unit.models.test_project" name="test_read_charm_from_yaml_file_error[invalid-base.yaml-Bad invalid-base.yaml content:\n- Base requires 'platforms' definition: {'name': 'ubuntu', 'channel': '24.04'} (in field 'bases[0]')\n- Base requires 'platforms' definition: {'name': 'ubuntu', 'channel': 'devel'} (in field 'bases[1]')]" time="0.005" /><testcase classname="tests.unit.models.test_project" name="test_check_legacy_bases[base0-True]" time="0.002" /><testcase classname="tests.unit.models.test_project" name="test_check_legacy_bases[base1-True]" time="0.002" /><testcase classname="tests.unit.models.test_project" name="test_check_legacy_bases[base2-True]" time="0.003" /><testcase classname="tests.unit.models.test_project" name="test_check_legacy_bases[base3-True]" time="0.002" /><testcase classname="tests.unit.models.test_project" name="test_check_legacy_bases[base4-True]" time="0.002" /><testcase classname="tests.unit.models.test_project" name="test_check_legacy_bases[base5-False]" time="0.002" /><testcase classname="tests.unit.models.test_project" name="test_check_legacy_bases[base6-False]" time="0.002" /><testcase classname="tests.unit.models.test_project" name="test_check_legacy_bases[base7-False]" time="0.002" /><testcase classname="tests.unit.models.test_project" name="test_check_legacy_bases[base8-True]" time="0.002" /><testcase classname="tests.unit.models.test_project" name="test_check_legacy_bases[base9-True]" time="0.003" /><testcase classname="tests.unit.parts.test_bundle" name="test_bundleplugin_get_build_package" time="0.011" /><testcase classname="tests.unit.parts.test_bundle" name="test_bundleplugin_get_build_snaps" time="0.010" /><testcase classname="tests.unit.parts.test_bundle" name="test_bundleplugin_get_build_environment" time="0.011" /><testcase classname="tests.unit.parts.test_bundle" name="test_bundleplugin_get_build_commands" time="0.011" /><testcase classname="tests.unit.parts.test_bundle" name="test_bundleplugin_invalid_properties" time="0.002" /><testcase classname="tests.unit.parts.test_charm" name="test_charmplugin_get_build_package_deb_based" time="0.012" /><testcase classname="tests.unit.parts.test_charm" name="test_charmplugin_get_build_package_yum_based" time="0.012" /><testcase classname="tests.unit.parts.test_charm" name="test_charmplugin_get_build_package_centos7" time="0.012" /><testcase classname="tests.unit.parts.test_charm" name="test_charmplugin_get_build_snaps" time="0.010" /><testcase classname="tests.unit.parts.test_charm" name="test_charmplugin_get_build_environment_ubuntu" time="0.012" /><testcase classname="tests.unit.parts.test_charm" name="test_charmplugin_get_build_environment_centos_7" time="0.011" /><testcase classname="tests.unit.parts.test_charm" name="test_charmplugin_get_build_commands_ubuntu" time="0.012" /><testcase classname="tests.unit.parts.test_charm" name="test_charmplugin_get_build_commands_centos_7" time="0.012" /><testcase classname="tests.unit.parts.test_charm" name="test_charmplugin_post_build_metric_collection" time="0.011" /><testcase classname="tests.unit.parts.test_charm" name="test_charmpluginproperties_invalid_properties" time="0.002" /><testcase classname="tests.unit.parts.test_charm" name="test_charmpluginproperties_entrypoint_ok" time="0.003" /><testcase classname="tests.unit.parts.test_charm" name="test_charmpluginproperties_entrypoint_default" time="0.002" /><testcase classname="tests.unit.parts.test_charm" name="test_charmpluginproperties_entrypoint_relative" time="0.004" /><testcase classname="tests.unit.parts.test_charm" name="test_charmpluginproperties_entrypoint_outside_project_absolute" time="0.003" /><testcase classname="tests.unit.parts.test_charm" name="test_charmpluginproperties_entrypoint_outside_project_relative" time="0.004" /><testcase classname="tests.unit.parts.test_charm" name="test_charmpluginproperties_requirements_default" time="0.004" /><testcase classname="tests.unit.parts.test_charm" name="test_charmpluginproperties_requirements_must_exist" time="0.004" /><testcase classname="tests.unit.parts.test_charm" name="test_charmpluginproperties_requirements_filepresent_ok" time="0.004" /><testcase classname="tests.unit.parts.test_charm" name="test_charmpluginproperties_requirements_filepresent_but_configured" time="0.003" /><testcase classname="tests.unit.parts.test_lifecycle" name="test_partslifecycle_bad_bootstrap" time="0.004" /><testcase classname="tests.unit.parts.test_lifecycle" name="test_partslifecycle_prime_dir" time="0.018" /><testcase classname="tests.unit.parts.test_lifecycle" name="test_partslifecycle_run_new_entrypoint" time="0.019" /><testcase classname="tests.unit.parts.test_lifecycle" name="test_partslifecycle_run_same_entrypoint" time="0.018" /><testcase classname="tests.unit.parts.test_lifecycle" name="test_partslifecycle_run_no_previous_entrypoint" time="0.019" /><testcase classname="tests.unit.parts.test_lifecycle" name="test_partslifecycle_run_actions_progress" time="0.042" /><testcase classname="tests.unit.parts.test_lifecycle" name="test_parthelpers_get_dispatch_entrypoint" time="0.004" /><testcase classname="tests.unit.parts.test_lifecycle" name="test_parthelpers_get_dispatch_entrypoint_no_file" time="0.004" /><testcase classname="tests.unit.parts.test_reactive" name="test_get_build_package" time="0.010" /><testcase classname="tests.unit.parts.test_reactive" name="test_get_build_snaps" time="0.012" /><testcase classname="tests.unit.parts.test_reactive" name="test_get_build_environment" time="0.012" /><testcase classname="tests.unit.parts.test_reactive" name="test_get_build_commands" time="0.012" /><testcase classname="tests.unit.parts.test_reactive" name="test_invalid_properties" time="0.011" /><testcase classname="tests.unit.parts.test_reactive" name="test_validate_environment" time="0.026" /><testcase classname="tests.unit.parts.test_reactive" name="test_validate_environment_with_charm_part" time="0.025" /><testcase classname="tests.unit.parts.test_reactive" name="test_validate_missing_charm" time="0.027" /><testcase classname="tests.unit.parts.test_reactive" name="test_validate_broken_charm" time="0.025" /><testcase classname="tests.unit.parts.test_reactive" name="test_build" time="0.005" /><testcase classname="tests.unit.parts.test_reactive" name="test_build_charm_proof_raises_error_messages" time="0.004" /><testcase classname="tests.unit.parts.test_reactive" name="test_build_charm_proof_raises_warning_messages_does_not_raise" time="0.004" /><testcase classname="tests.unit.parts.test_reactive" name="test_build_charm_build_raises_error_messages" time="0.004" /><testcase classname="tests.unit.parts.test_reactive" name="test_build_charm_build_raises_warning_messages_does_not_raise" time="0.004" /><testcase classname="tests.unit.services.test_analysis" name="test_lint_directory_results[checkers0-expected0]" time="0.003" /><testcase classname="tests.unit.services.test_analysis" name="test_lint_directory_results[checkers1-expected1]" time="0.003" /><testcase classname="tests.unit.services.test_analysis" name="test_lint_directory_ignores[ignore0-checkers0]" time="0.003" /><testcase classname="tests.unit.services.test_analysis" name="test_lint_directory_ignores[ignore1-checkers0]" time="0.002" /><testcase classname="tests.unit.services.test_analysis" name="test_lint_directory_ignores[ignore2-checkers0]" time="0.003" /><testcase classname="tests.unit.services.test_analysis" name="test_lint_directory_ignores[ignore3-checkers0]" time="0.002" /><testcase classname="tests.unit.services.test_analysis" name="test_lint_directory_ignores[ignore4-checkers0]" time="0.002" /><testcase classname="tests.unit.services.test_analysis" name="test_lint_file_results" time="0.011" /><testcase classname="tests.unit.services.test_package" name="test_get_metadata[metadata0]" time="0.014" /><testcase classname="tests.unit.services.test_package" name="test_get_charm_path[bases0-charmy-mccharmface_distro-1-test64.charm]" time="0.014" /><testcase classname="tests.unit.services.test_package" name="test_get_manifest[lint0-expected0]" time="0.014" /><testcase classname="tests.unit.services.test_package" name="test_get_manifest[lint1-expected1]" time="0.014" /><testcase classname="tests.unit.services.test_package" name="test_get_manifest[lint2-expected2]" time="0.014" /><testcase classname="tests.unit.services.test_package" name="test_do_not_overwrite_metadata_yaml" time="0.047" /><testcase classname="tests.unit.services.test_package" name="test_get_manifest_bases_from_bases[bases0-expected0]" time="0.021" /><testcase classname="tests.unit.services.test_package" name="test_get_manifest_bases_from_bases[bases1-expected1]" time="0.015" /><testcase classname="tests.unit.services.test_package" name="test_get_manifest_bases_from_platforms[platforms0-armhf-expected_architectures0-ubuntu@22.04]" time="0.014" /><testcase classname="tests.unit.services.test_package" name="test_get_manifest_bases_from_platforms[platforms0-armhf-expected_architectures0-almalinux@9]" time="0.014" /><testcase classname="tests.unit.services.test_package" name="test_get_manifest_bases_from_platforms[platforms1-anything-expected_architectures1-ubuntu@22.04]" time="0.014" /><testcase classname="tests.unit.services.test_package" name="test_get_manifest_bases_from_platforms[platforms1-anything-expected_architectures1-almalinux@9]" time="0.013" /><testcase classname="tests.unit.services.test_package" name="test_get_manifest_bases_from_platforms[platforms2-anything-expected_architectures2-ubuntu@22.04]" time="0.013" /><testcase classname="tests.unit.services.test_package" name="test_get_manifest_bases_from_platforms[platforms2-anything-expected_architectures2-almalinux@9]" time="0.014" /><testcase classname="tests.unit.services.test_package" name="test_get_manifest_bases_from_platforms[platforms3-None-expected_architectures3-ubuntu@22.04]" time="0.014" /><testcase classname="tests.unit.services.test_package" name="test_get_manifest_bases_from_platforms[platforms3-None-expected_architectures3-almalinux@9]" time="0.014" /><testcase classname="tests.unit.services.test_package" name="test_get_manifest_bases_from_platforms[platforms4-None-expected_architectures4-ubuntu@22.04]" time="0.013" /><testcase classname="tests.unit.services.test_package" name="test_get_manifest_bases_from_platforms[platforms4-None-expected_architectures4-almalinux@9]" time="0.013" /><testcase classname="tests.unit.services.test_package" name="test_pack_charm_simple" time="0.025" /><testcase classname="tests.unit.services.test_package" name="test_zipbuild_symlink_simple" time="0.023" /><testcase classname="tests.unit.services.test_package" name="test_zipbuild_symlink_outside" time="0.022" /><testcase classname="tests.unit.services.test_store" name="test_user_agent" time="0.003" /><testcase classname="tests.unit.services.test_store" name="test_ua_system_info_non_linux[3.10-CPython-x86_64-10-Windows]" time="0.003" /><testcase classname="tests.unit.services.test_store" name="test_ua_system_info_non_linux[3.10-CPython-x86_64-10-Macos]" time="0.003" /><testcase classname="tests.unit.services.test_store" name="test_ua_system_info_non_linux[3.10-CPython-x86_64-11-Windows]" time="0.003" /><testcase classname="tests.unit.services.test_store" name="test_ua_system_info_non_linux[3.10-CPython-x86_64-11-Macos]" time="0.003" /><testcase classname="tests.unit.services.test_store" name="test_ua_system_info_non_linux[3.10-CPython-x86_64-12-Windows]" time="0.003" /><testcase classname="tests.unit.services.test_store" name="test_ua_system_info_non_linux[3.10-CPython-x86_64-12-Macos]" time="0.003" /><testcase classname="tests.unit.services.test_store" name="test_ua_system_info_non_linux[3.10-CPython-arm64-10-Windows]" time="0.003" /><testcase classname="tests.unit.services.test_store" name="test_ua_system_info_non_linux[3.10-CPython-arm64-10-Macos]" time="0.004" /><testcase classname="tests.unit.services.test_store" name="test_ua_system_info_non_linux[3.10-CPython-arm64-11-Windows]" time="0.003" /><testcase classname="tests.unit.services.test_store" name="test_ua_system_info_non_linux[3.10-CPython-arm64-11-Macos]" time="0.003" /><testcase classname="tests.unit.services.test_store" name="test_ua_system_info_non_linux[3.10-CPython-arm64-12-Windows]" time="0.003" /><testcase classname="tests.unit.services.test_store" name="test_ua_system_info_non_linux[3.10-CPython-arm64-12-Macos]" time="0.003" /><testcase classname="tests.unit.services.test_store" name="test_ua_system_info_non_linux[3.10-CPython-riscv64-10-Windows]" time="0.003" /><testcase classname="tests.unit.services.test_store" name="test_ua_system_info_non_linux[3.10-CPython-riscv64-10-Macos]" time="0.003" /><testcase classname="tests.unit.services.test_store" name="test_ua_system_info_non_linux[3.10-CPython-riscv64-11-Windows]" time="0.003" /><testcase classname="tests.unit.services.test_store" name="test_ua_system_info_non_linux[3.10-CPython-riscv64-11-Macos]" time="0.003" /><testcase classname="tests.unit.services.test_store" name="test_ua_system_info_non_linux[3.10-CPython-riscv64-12-Windows]" time="0.003" /><testcase classname="tests.unit.services.test_store" name="test_ua_system_info_non_linux[3.10-CPython-riscv64-12-Macos]" time="0.003" /><testcase classname="tests.unit.services.test_store" name="test_ua_system_info_non_linux[3.10-PyPy-x86_64-10-Windows]" time="0.003" /><testcase classname="tests.unit.services.test_store" name="test_ua_system_info_non_linux[3.10-PyPy-x86_64-10-Macos]" time="0.003" /><testcase classname="tests.unit.services.test_store" name="test_ua_system_info_non_linux[3.10-PyPy-x86_64-11-Windows]" time="0.003" /><testcase classname="tests.unit.services.test_store" name="test_ua_system_info_non_linux[3.10-PyPy-x86_64-11-Macos]" time="0.003" /><testcase classname="tests.unit.services.test_store" name="test_ua_system_info_non_linux[3.10-PyPy-x86_64-12-Windows]" time="0.003" /><testcase classname="tests.unit.services.test_store" name="test_ua_system_info_non_linux[3.10-PyPy-x86_64-12-Macos]" time="0.003" /><testcase classname="tests.unit.services.test_store" name="test_ua_system_info_non_linux[3.10-PyPy-arm64-10-Windows]" time="0.003" /><testcase classname="tests.unit.services.test_store" name="test_ua_system_info_non_linux[3.10-PyPy-arm64-10-Macos]" time="0.003" /><testcase classname="tests.unit.services.test_store" name="test_ua_system_info_non_linux[3.10-PyPy-arm64-11-Windows]" time="0.003" /><testcase classname="tests.unit.services.test_store" name="test_ua_system_info_non_linux[3.10-PyPy-arm64-11-Macos]" time="0.003" /><testcase classname="tests.unit.services.test_store" name="test_ua_system_info_non_linux[3.10-PyPy-arm64-12-Windows]" time="0.003" /><testcase classname="tests.unit.services.test_store" name="test_ua_system_info_non_linux[3.10-PyPy-arm64-12-Macos]" time="0.003" /><testcase classname="tests.unit.services.test_store" name="test_ua_system_info_non_linux[3.10-PyPy-riscv64-10-Windows]" time="0.003" /><testcase classname="tests.unit.services.test_store" name="test_ua_system_info_non_linux[3.10-PyPy-riscv64-10-Macos]" time="0.003" /><testcase classname="tests.unit.services.test_store" name="test_ua_system_info_non_linux[3.10-PyPy-riscv64-11-Windows]" time="0.003" /><testcase classname="tests.unit.services.test_store" name="test_ua_system_info_non_linux[3.10-PyPy-riscv64-11-Macos]" time="0.003" /><testcase classname="tests.unit.services.test_store" name="test_ua_system_info_non_linux[3.10-PyPy-riscv64-12-Windows]" time="0.004" /><testcase classname="tests.unit.services.test_store" name="test_ua_system_info_non_linux[3.10-PyPy-riscv64-12-Macos]" time="0.003" /><testcase classname="tests.unit.services.test_store" name="test_ua_system_info_non_linux[3.12-CPython-x86_64-10-Windows]" time="0.003" /><testcase classname="tests.unit.services.test_store" name="test_ua_system_info_non_linux[3.12-CPython-x86_64-10-Macos]" time="0.003" /><testcase classname="tests.unit.services.test_store" name="test_ua_system_info_non_linux[3.12-CPython-x86_64-11-Windows]" time="0.003" /><testcase classname="tests.unit.services.test_store" name="test_ua_system_info_non_linux[3.12-CPython-x86_64-11-Macos]" time="0.003" /><testcase classname="tests.unit.services.test_store" name="test_ua_system_info_non_linux[3.12-CPython-x86_64-12-Windows]" time="0.003" /><testcase classname="tests.unit.services.test_store" name="test_ua_system_info_non_linux[3.12-CPython-x86_64-12-Macos]" time="0.003" /><testcase classname="tests.unit.services.test_store" name="test_ua_system_info_non_linux[3.12-CPython-arm64-10-Windows]" time="0.003" /><testcase classname="tests.unit.services.test_store" name="test_ua_system_info_non_linux[3.12-CPython-arm64-10-Macos]" time="0.003" /><testcase classname="tests.unit.services.test_store" name="test_ua_system_info_non_linux[3.12-CPython-arm64-11-Windows]" time="0.003" /><testcase classname="tests.unit.services.test_store" name="test_ua_system_info_non_linux[3.12-CPython-arm64-11-Macos]" time="0.003" /><testcase classname="tests.unit.services.test_store" name="test_ua_system_info_non_linux[3.12-CPython-arm64-12-Windows]" time="0.003" /><testcase classname="tests.unit.services.test_store" name="test_ua_system_info_non_linux[3.12-CPython-arm64-12-Macos]" time="0.003" /><testcase classname="tests.unit.services.test_store" name="test_ua_system_info_non_linux[3.12-CPython-riscv64-10-Windows]" time="0.003" /><testcase classname="tests.unit.services.test_store" name="test_ua_system_info_non_linux[3.12-CPython-riscv64-10-Macos]" time="0.003" /><testcase classname="tests.unit.services.test_store" name="test_ua_system_info_non_linux[3.12-CPython-riscv64-11-Windows]" time="0.003" /><testcase classname="tests.unit.services.test_store" name="test_ua_system_info_non_linux[3.12-CPython-riscv64-11-Macos]" time="0.003" /><testcase classname="tests.unit.services.test_store" name="test_ua_system_info_non_linux[3.12-CPython-riscv64-12-Windows]" time="0.003" /><testcase classname="tests.unit.services.test_store" name="test_ua_system_info_non_linux[3.12-CPython-riscv64-12-Macos]" time="0.003" /><testcase classname="tests.unit.services.test_store" name="test_ua_system_info_non_linux[3.12-PyPy-x86_64-10-Windows]" time="0.003" /><testcase classname="tests.unit.services.test_store" name="test_ua_system_info_non_linux[3.12-PyPy-x86_64-10-Macos]" time="0.003" /><testcase classname="tests.unit.services.test_store" name="test_ua_system_info_non_linux[3.12-PyPy-x86_64-11-Windows]" time="0.003" /><testcase classname="tests.unit.services.test_store" name="test_ua_system_info_non_linux[3.12-PyPy-x86_64-11-Macos]" time="0.003" /><testcase classname="tests.unit.services.test_store" name="test_ua_system_info_non_linux[3.12-PyPy-x86_64-12-Windows]" time="0.003" /><testcase classname="tests.unit.services.test_store" name="test_ua_system_info_non_linux[3.12-PyPy-x86_64-12-Macos]" time="0.003" /><testcase classname="tests.unit.services.test_store" name="test_ua_system_info_non_linux[3.12-PyPy-arm64-10-Windows]" time="0.003" /><testcase classname="tests.unit.services.test_store" name="test_ua_system_info_non_linux[3.12-PyPy-arm64-10-Macos]" time="0.003" /><testcase classname="tests.unit.services.test_store" name="test_ua_system_info_non_linux[3.12-PyPy-arm64-11-Windows]" time="0.003" /><testcase classname="tests.unit.services.test_store" name="test_ua_system_info_non_linux[3.12-PyPy-arm64-11-Macos]" time="0.003" /><testcase classname="tests.unit.services.test_store" name="test_ua_system_info_non_linux[3.12-PyPy-arm64-12-Windows]" time="0.003" /><testcase classname="tests.unit.services.test_store" name="test_ua_system_info_non_linux[3.12-PyPy-arm64-12-Macos]" time="0.003" /><testcase classname="tests.unit.services.test_store" name="test_ua_system_info_non_linux[3.12-PyPy-riscv64-10-Windows]" time="0.003" /><testcase classname="tests.unit.services.test_store" name="test_ua_system_info_non_linux[3.12-PyPy-riscv64-10-Macos]" time="0.003" /><testcase classname="tests.unit.services.test_store" name="test_ua_system_info_non_linux[3.12-PyPy-riscv64-11-Windows]" time="0.003" /><testcase classname="tests.unit.services.test_store" name="test_ua_system_info_non_linux[3.12-PyPy-riscv64-11-Macos]" time="0.003" /><testcase classname="tests.unit.services.test_store" name="test_ua_system_info_non_linux[3.12-PyPy-riscv64-12-Windows]" time="0.003" /><testcase classname="tests.unit.services.test_store" name="test_ua_system_info_non_linux[3.12-PyPy-riscv64-12-Macos]" time="0.003" /><testcase classname="tests.unit.services.test_store" name="test_ua_system_info_linux[1-Ubuntu-3.10-CPython-x86_64]" time="0.004" /><testcase classname="tests.unit.services.test_store" name="test_ua_system_info_linux[1-Ubuntu-3.10-CPython-arm64]" time="0.003" /><testcase classname="tests.unit.services.test_store" name="test_ua_system_info_linux[1-Ubuntu-3.10-CPython-riscv64]" time="0.003" /><testcase classname="tests.unit.services.test_store" name="test_ua_system_info_linux[1-Ubuntu-3.10-PyPy-x86_64]" time="0.003" /><testcase classname="tests.unit.services.test_store" name="test_ua_system_info_linux[1-Ubuntu-3.10-PyPy-arm64]" time="0.003" /><testcase classname="tests.unit.services.test_store" name="test_ua_system_info_linux[1-Ubuntu-3.10-PyPy-riscv64]" time="0.003" /><testcase classname="tests.unit.services.test_store" name="test_ua_system_info_linux[1-Ubuntu-3.12-CPython-x86_64]" time="0.003" /><testcase classname="tests.unit.services.test_store" name="test_ua_system_info_linux[1-Ubuntu-3.12-CPython-arm64]" time="0.003" /><testcase classname="tests.unit.services.test_store" name="test_ua_system_info_linux[1-Ubuntu-3.12-CPython-riscv64]" time="0.003" /><testcase classname="tests.unit.services.test_store" name="test_ua_system_info_linux[1-Ubuntu-3.12-PyPy-x86_64]" time="0.003" /><testcase classname="tests.unit.services.test_store" name="test_ua_system_info_linux[1-Ubuntu-3.12-PyPy-arm64]" time="0.003" /><testcase classname="tests.unit.services.test_store" name="test_ua_system_info_linux[1-Ubuntu-3.12-PyPy-riscv64]" time="0.003" /><testcase classname="tests.unit.services.test_store" name="test_ua_system_info_linux[1-Debian-3.10-CPython-x86_64]" time="0.003" /><testcase classname="tests.unit.services.test_store" name="test_ua_system_info_linux[1-Debian-3.10-CPython-arm64]" time="0.003" /><testcase classname="tests.unit.services.test_store" name="test_ua_system_info_linux[1-Debian-3.10-CPython-riscv64]" time="0.003" /><testcase classname="tests.unit.services.test_store" name="test_ua_system_info_linux[1-Debian-3.10-PyPy-x86_64]" time="0.003" /><testcase classname="tests.unit.services.test_store" name="test_ua_system_info_linux[1-Debian-3.10-PyPy-arm64]" time="0.003" /><testcase classname="tests.unit.services.test_store" name="test_ua_system_info_linux[1-Debian-3.10-PyPy-riscv64]" time="0.003" /><testcase classname="tests.unit.services.test_store" name="test_ua_system_info_linux[1-Debian-3.12-CPython-x86_64]" time="0.003" /><testcase classname="tests.unit.services.test_store" name="test_ua_system_info_linux[1-Debian-3.12-CPython-arm64]" time="0.003" /><testcase classname="tests.unit.services.test_store" name="test_ua_system_info_linux[1-Debian-3.12-CPython-riscv64]" time="0.003" /><testcase classname="tests.unit.services.test_store" name="test_ua_system_info_linux[1-Debian-3.12-PyPy-x86_64]" time="0.003" /><testcase classname="tests.unit.services.test_store" name="test_ua_system_info_linux[1-Debian-3.12-PyPy-arm64]" time="0.003" /><testcase classname="tests.unit.services.test_store" name="test_ua_system_info_linux[1-Debian-3.12-PyPy-riscv64]" time="0.003" /><testcase classname="tests.unit.services.test_store" name="test_ua_system_info_linux[1-Something-3.10-CPython-x86_64]" time="0.003" /><testcase classname="tests.unit.services.test_store" name="test_ua_system_info_linux[1-Something-3.10-CPython-arm64]" time="0.003" /><testcase classname="tests.unit.services.test_store" name="test_ua_system_info_linux[1-Something-3.10-CPython-riscv64]" time="0.003" /><testcase classname="tests.unit.services.test_store" name="test_ua_system_info_linux[1-Something-3.10-PyPy-x86_64]" time="0.003" /><testcase classname="tests.unit.services.test_store" name="test_ua_system_info_linux[1-Something-3.10-PyPy-arm64]" time="0.003" /><testcase classname="tests.unit.services.test_store" name="test_ua_system_info_linux[1-Something-3.10-PyPy-riscv64]" time="0.003" /><testcase classname="tests.unit.services.test_store" name="test_ua_system_info_linux[1-Something-3.12-CPython-x86_64]" time="0.003" /><testcase classname="tests.unit.services.test_store" name="test_ua_system_info_linux[1-Something-3.12-CPython-arm64]" time="0.003" /><testcase classname="tests.unit.services.test_store" name="test_ua_system_info_linux[1-Something-3.12-CPython-riscv64]" time="0.003" /><testcase classname="tests.unit.services.test_store" name="test_ua_system_info_linux[1-Something-3.12-PyPy-x86_64]" time="0.003" /><testcase classname="tests.unit.services.test_store" name="test_ua_system_info_linux[1-Something-3.12-PyPy-arm64]" time="0.003" /><testcase classname="tests.unit.services.test_store" name="test_ua_system_info_linux[1-Something-3.12-PyPy-riscv64]" time="0.003" /><testcase classname="tests.unit.services.test_store" name="test_ua_system_info_linux[24.04-Ubuntu-3.10-CPython-x86_64]" time="0.004" /><testcase classname="tests.unit.services.test_store" name="test_ua_system_info_linux[24.04-Ubuntu-3.10-CPython-arm64]" time="0.003" /><testcase classname="tests.unit.services.test_store" name="test_ua_system_info_linux[24.04-Ubuntu-3.10-CPython-riscv64]" time="0.003" /><testcase classname="tests.unit.services.test_store" name="test_ua_system_info_linux[24.04-Ubuntu-3.10-PyPy-x86_64]" time="0.003" /><testcase classname="tests.unit.services.test_store" name="test_ua_system_info_linux[24.04-Ubuntu-3.10-PyPy-arm64]" time="0.003" /><testcase classname="tests.unit.services.test_store" name="test_ua_system_info_linux[24.04-Ubuntu-3.10-PyPy-riscv64]" time="0.003" /><testcase classname="tests.unit.services.test_store" name="test_ua_system_info_linux[24.04-Ubuntu-3.12-CPython-x86_64]" time="0.003" /><testcase classname="tests.unit.services.test_store" name="test_ua_system_info_linux[24.04-Ubuntu-3.12-CPython-arm64]" time="0.003" /><testcase classname="tests.unit.services.test_store" name="test_ua_system_info_linux[24.04-Ubuntu-3.12-CPython-riscv64]" time="0.003" /><testcase classname="tests.unit.services.test_store" name="test_ua_system_info_linux[24.04-Ubuntu-3.12-PyPy-x86_64]" time="0.003" /><testcase classname="tests.unit.services.test_store" name="test_ua_system_info_linux[24.04-Ubuntu-3.12-PyPy-arm64]" time="0.003" /><testcase classname="tests.unit.services.test_store" name="test_ua_system_info_linux[24.04-Ubuntu-3.12-PyPy-riscv64]" time="0.003" /><testcase classname="tests.unit.services.test_store" name="test_ua_system_info_linux[24.04-Debian-3.10-CPython-x86_64]" time="0.003" /><testcase classname="tests.unit.services.test_store" name="test_ua_system_info_linux[24.04-Debian-3.10-CPython-arm64]" time="0.003" /><testcase classname="tests.unit.services.test_store" name="test_ua_system_info_linux[24.04-Debian-3.10-CPython-riscv64]" time="0.003" /><testcase classname="tests.unit.services.test_store" name="test_ua_system_info_linux[24.04-Debian-3.10-PyPy-x86_64]" time="0.003" /><testcase classname="tests.unit.services.test_store" name="test_ua_system_info_linux[24.04-Debian-3.10-PyPy-arm64]" time="0.003" /><testcase classname="tests.unit.services.test_store" name="test_ua_system_info_linux[24.04-Debian-3.10-PyPy-riscv64]" time="0.003" /><testcase classname="tests.unit.services.test_store" name="test_ua_system_info_linux[24.04-Debian-3.12-CPython-x86_64]" time="0.003" /><testcase classname="tests.unit.services.test_store" name="test_ua_system_info_linux[24.04-Debian-3.12-CPython-arm64]" time="0.003" /><testcase classname="tests.unit.services.test_store" name="test_ua_system_info_linux[24.04-Debian-3.12-CPython-riscv64]" time="0.003" /><testcase classname="tests.unit.services.test_store" name="test_ua_system_info_linux[24.04-Debian-3.12-PyPy-x86_64]" time="0.003" /><testcase classname="tests.unit.services.test_store" name="test_ua_system_info_linux[24.04-Debian-3.12-PyPy-arm64]" time="0.003" /><testcase classname="tests.unit.services.test_store" name="test_ua_system_info_linux[24.04-Debian-3.12-PyPy-riscv64]" time="0.003" /><testcase classname="tests.unit.services.test_store" name="test_ua_system_info_linux[24.04-Something-3.10-CPython-x86_64]" time="0.005" /><testcase classname="tests.unit.services.test_store" name="test_ua_system_info_linux[24.04-Something-3.10-CPython-arm64]" time="0.003" /><testcase classname="tests.unit.services.test_store" name="test_ua_system_info_linux[24.04-Something-3.10-CPython-riscv64]" time="0.003" /><testcase classname="tests.unit.services.test_store" name="test_ua_system_info_linux[24.04-Something-3.10-PyPy-x86_64]" time="0.003" /><testcase classname="tests.unit.services.test_store" name="test_ua_system_info_linux[24.04-Something-3.10-PyPy-arm64]" time="0.003" /><testcase classname="tests.unit.services.test_store" name="test_ua_system_info_linux[24.04-Something-3.10-PyPy-riscv64]" time="0.004" /><testcase classname="tests.unit.services.test_store" name="test_ua_system_info_linux[24.04-Something-3.12-CPython-x86_64]" time="0.004" /><testcase classname="tests.unit.services.test_store" name="test_ua_system_info_linux[24.04-Something-3.12-CPython-arm64]" time="0.003" /><testcase classname="tests.unit.services.test_store" name="test_ua_system_info_linux[24.04-Something-3.12-CPython-riscv64]" time="0.003" /><testcase classname="tests.unit.services.test_store" name="test_ua_system_info_linux[24.04-Something-3.12-PyPy-x86_64]" time="0.003" /><testcase classname="tests.unit.services.test_store" name="test_ua_system_info_linux[24.04-Something-3.12-PyPy-arm64]" time="0.003" /><testcase classname="tests.unit.services.test_store" name="test_ua_system_info_linux[24.04-Something-3.12-PyPy-riscv64]" time="0.003" /><testcase classname="tests.unit.services.test_store" name="test_ua_system_info_linux[version-Ubuntu-3.10-CPython-x86_64]" time="0.004" /><testcase classname="tests.unit.services.test_store" name="test_ua_system_info_linux[version-Ubuntu-3.10-CPython-arm64]" time="0.003" /><testcase classname="tests.unit.services.test_store" name="test_ua_system_info_linux[version-Ubuntu-3.10-CPython-riscv64]" time="0.003" /><testcase classname="tests.unit.services.test_store" name="test_ua_system_info_linux[version-Ubuntu-3.10-PyPy-x86_64]" time="0.004" /><testcase classname="tests.unit.services.test_store" name="test_ua_system_info_linux[version-Ubuntu-3.10-PyPy-arm64]" time="0.003" /><testcase classname="tests.unit.services.test_store" name="test_ua_system_info_linux[version-Ubuntu-3.10-PyPy-riscv64]" time="0.003" /><testcase classname="tests.unit.services.test_store" name="test_ua_system_info_linux[version-Ubuntu-3.12-CPython-x86_64]" time="0.004" /><testcase classname="tests.unit.services.test_store" name="test_ua_system_info_linux[version-Ubuntu-3.12-CPython-arm64]" time="0.003" /><testcase classname="tests.unit.services.test_store" name="test_ua_system_info_linux[version-Ubuntu-3.12-CPython-riscv64]" time="0.003" /><testcase classname="tests.unit.services.test_store" name="test_ua_system_info_linux[version-Ubuntu-3.12-PyPy-x86_64]" time="0.007" /><testcase classname="tests.unit.services.test_store" name="test_ua_system_info_linux[version-Ubuntu-3.12-PyPy-arm64]" time="0.004" /><testcase classname="tests.unit.services.test_store" name="test_ua_system_info_linux[version-Ubuntu-3.12-PyPy-riscv64]" time="0.003" /><testcase classname="tests.unit.services.test_store" name="test_ua_system_info_linux[version-Debian-3.10-CPython-x86_64]" time="0.003" /><testcase classname="tests.unit.services.test_store" name="test_ua_system_info_linux[version-Debian-3.10-CPython-arm64]" time="0.003" /><testcase classname="tests.unit.services.test_store" name="test_ua_system_info_linux[version-Debian-3.10-CPython-riscv64]" time="0.003" /><testcase classname="tests.unit.services.test_store" name="test_ua_system_info_linux[version-Debian-3.10-PyPy-x86_64]" time="0.003" /><testcase classname="tests.unit.services.test_store" name="test_ua_system_info_linux[version-Debian-3.10-PyPy-arm64]" time="0.003" /><testcase classname="tests.unit.services.test_store" name="test_ua_system_info_linux[version-Debian-3.10-PyPy-riscv64]" time="0.004" /><testcase classname="tests.unit.services.test_store" name="test_ua_system_info_linux[version-Debian-3.12-CPython-x86_64]" time="0.004" /><testcase classname="tests.unit.services.test_store" name="test_ua_system_info_linux[version-Debian-3.12-CPython-arm64]" time="0.003" /><testcase classname="tests.unit.services.test_store" name="test_ua_system_info_linux[version-Debian-3.12-CPython-riscv64]" time="0.003" /><testcase classname="tests.unit.services.test_store" name="test_ua_system_info_linux[version-Debian-3.12-PyPy-x86_64]" time="0.003" /><testcase classname="tests.unit.services.test_store" name="test_ua_system_info_linux[version-Debian-3.12-PyPy-arm64]" time="0.003" /><testcase classname="tests.unit.services.test_store" name="test_ua_system_info_linux[version-Debian-3.12-PyPy-riscv64]" time="0.003" /><testcase classname="tests.unit.services.test_store" name="test_ua_system_info_linux[version-Something-3.10-CPython-x86_64]" time="0.003" /><testcase classname="tests.unit.services.test_store" name="test_ua_system_info_linux[version-Something-3.10-CPython-arm64]" time="0.003" /><testcase classname="tests.unit.services.test_store" name="test_ua_system_info_linux[version-Something-3.10-CPython-riscv64]" time="0.003" /><testcase classname="tests.unit.services.test_store" name="test_ua_system_info_linux[version-Something-3.10-PyPy-x86_64]" time="0.003" /><testcase classname="tests.unit.services.test_store" name="test_ua_system_info_linux[version-Something-3.10-PyPy-arm64]" time="0.003" /><testcase classname="tests.unit.services.test_store" name="test_ua_system_info_linux[version-Something-3.10-PyPy-riscv64]" time="0.003" /><testcase classname="tests.unit.services.test_store" name="test_ua_system_info_linux[version-Something-3.12-CPython-x86_64]" time="0.003" /><testcase classname="tests.unit.services.test_store" name="test_ua_system_info_linux[version-Something-3.12-CPython-arm64]" time="0.003" /><testcase classname="tests.unit.services.test_store" name="test_ua_system_info_linux[version-Something-3.12-CPython-riscv64]" time="0.003" /><testcase classname="tests.unit.services.test_store" name="test_ua_system_info_linux[version-Something-3.12-PyPy-x86_64]" time="0.003" /><testcase classname="tests.unit.services.test_store" name="test_ua_system_info_linux[version-Something-3.12-PyPy-arm64]" time="0.003" /><testcase classname="tests.unit.services.test_store" name="test_ua_system_info_linux[version-Something-3.12-PyPy-riscv64]" time="0.003" /><testcase classname="tests.unit.services.test_store" name="test_get_description_default" time="0.003" /><testcase classname="tests.unit.services.test_store" name="test_get_description_override" time="0.235" /><testcase classname="tests.unit.services.test_store" name="test_login" time="1.014" /><testcase classname="tests.unit.services.test_store" name="test_login_failure" time="0.003" /><testcase classname="tests.unit.services.test_store" name="test_logout" time="0.003" /><testcase classname="tests.unit.services.test_store" name="test_set_resource_revisions_architectures_request_form[empty]" time="0.003" /><testcase classname="tests.unit.services.test_store" name="test_set_resource_revisions_architectures_request_form[updates1-expected_request1]" time="0.003" /><testcase classname="tests.unit.services.test_store" name="test_set_resource_revisions_architectures_request_form[updates2-expected_request2]" time="0.004" /><testcase classname="tests.unit.services.test_store" name="test_set_resource_revisions_architectures_response_form[updates0-store_response0-expected0]" time="0.003" /><testcase classname="tests.unit.services.test_store" name="test_set_resource_revisions_architectures_response_form[updates1-store_response1-expected1]" time="0.003" /><testcase classname="tests.unit.services.test_store" name="test_get_credentials" time="0.004" /><testcase classname="tests.unit.test_application" name="test_extra_yaml_transform_success[expected0-charmcraft_dict0-name: test-charm\nsummary: A test charm\ndescription: A charm for testing!]" time="0.011" /><testcase classname="tests.unit.test_application" name="test_extra_yaml_transform_success[expected0-charmcraft_dict1-summary: A test charm\ndescription: A charm for testing!]" time="0.011" /><testcase classname="tests.unit.test_application" name="test_extra_yaml_transform_success[expected0-charmcraft_dict2-description: A charm for testing!]" time="0.010" /><testcase classname="tests.unit.test_application" name="test_extra_yaml_transform_success[expected0-charmcraft_dict3-something-else: yes\n]" time="0.009" /><testcase classname="tests.unit.test_application" name="test_extra_yaml_transform_failure[charmcraft_dict0--Invalid file: 'metadata.yaml']" time="0.009" /><testcase classname="tests.unit.test_application" name="test_extra_yaml_transform_failure[charmcraft_dict1-name: test-charm\nsummary: A test charm\ndescription: A charm for testing!-Fields in charmcraft.yaml cannot be duplicated in metadata.yaml]" time="0.010" /><testcase classname="tests.unit.test_charm_builder" name="test_install_strict_dependencies_validation_error[empty-requirements]" time="0.008" /><testcase classname="tests.unit.test_charm_builder" name="test_install_strict_dependencies_no_requirement_paths" time="0.007" /><testcase classname="tests.unit.test_charm_builder" name="test_install_strict_dependencies_pip_failure[empty]" time="0.009" /><testcase classname="tests.unit.test_charm_builder" name="test_install_strict_dependencies_pip_failure[ops~=2.5]" time="0.009" /><testcase classname="tests.unit.test_charm_builder" name="test_install_strict_dependencies_pip_failure[requests\nops]" time="0.009" /><testcase classname="tests.unit.test_charm_builder" name="test_install_strict_dependencies_success[empty]" time="0.009" /><testcase classname="tests.unit.test_charm_builder" name="test_install_strict_dependencies_success[ops~=2.5]" time="0.009" /><testcase classname="tests.unit.test_charm_builder" name="test_install_strict_dependencies_success[requests\nops]" time="0.008" /><testcase classname="tests.unit.test_parts" name="test_partconfig_strict_dependencies_success[part_config0-expected0]" time="0.006" /><testcase classname="tests.unit.test_parts" name="test_partconfig_strict_dependencies_success[part_config1-expected1]" time="0.007" /><testcase classname="tests.unit.test_parts" name="test_partconfig_strict_dependencies_success[part_config2-expected2]" time="0.006" /><testcase classname="tests.unit.test_parts" name="test_partconfig_strict_dependencies_failure[part_config0-'charm-python-packages' must not be set if 'charm-strict-dependencies' is enabled]" time="0.007" /><testcase classname="tests.unit.test_parts" name="test_partconfig_strict_dependencies_failure[part_config1-All dependencies must be specified in requirements files for strict dependencies.]" time="0.007" /><testcase classname="tests.unit.test_parts" name="test_partconfig_strict_dependencies_failure[part_config2-'charm-binary-python-packages' may contain only package names allowed to be installed from binary if 'charm-strict-dependencies' is enabled. Invalid package names: ['ops&gt;=2.6']]" time="0.007" /><testcase classname="tests.unit.test_parts" name="test_partconfig_strict_dependencies_failure[part_config3-'charm-strict-dependencies' requires at least one requirements file.]" time="0.006" /><testcase classname="tests.unit.test_preprocess" name="test_add_default_parts_correct[no-type]" time="0.003" /><testcase classname="tests.unit.test_preprocess" name="test_add_default_parts_correct[empty-bundle]" time="0.002" /><testcase classname="tests.unit.test_preprocess" name="test_add_default_parts_correct[prefilled-bundle]" time="0.002" /><testcase classname="tests.unit.test_preprocess" name="test_add_metadata_success[nonexistent]" time="0.006" /><testcase classname="tests.unit.test_preprocess" name="test_add_metadata_success[empty]" time="0.007" /><testcase classname="tests.unit.test_preprocess" name="test_add_metadata_success[merge]" time="0.008" /><testcase classname="tests.unit.test_preprocess" name="test_add_metadata_success[only-from-metadata]" time="0.007" /><testcase classname="tests.unit.test_preprocess" name="test_extra_yaml_transform_failure[yaml_data0--Invalid file: 'metadata.yaml']" time="0.007" /><testcase classname="tests.unit.test_preprocess" name="test_extra_yaml_transform_failure[yaml_data1-name: test-charm\nsummary: A test charm\ndescription: A charm for testing!-Fields in charmcraft.yaml cannot be duplicated in metadata.yaml]" time="0.007" /><testcase classname="tests.unit.test_preprocess" name="test_add_bundle_snippet_success[non-bundle]" time="0.007" /><testcase classname="tests.unit.test_preprocess" name="test_add_bundle_snippet_success[empty-bundle]" time="0.007" /><testcase classname="tests.unit.test_preprocess" name="test_add_bundle_snippet_no_file" time="0.006" /><testcase classname="tests.unit.test_preprocess" name="test_add_bundle_snippet_invalid_file[]" time="0.007" /><testcase classname="tests.unit.test_preprocess" name="test_add_bundle_snippet_invalid_file[A string]" time="0.006" /><testcase classname="tests.unit.test_preprocess" name="test_add_bundle_snippet_invalid_file[0]" time="0.007" /><testcase classname="tests.unit.test_preprocess" name="test_add_bundle_snippet_invalid_file[[]]" time="0.007" /><testcase classname="tests.unit.test_preprocess" name="test_add_config_success[yaml_data0-{}-expected0]" time="0.007" /><testcase classname="tests.unit.test_preprocess" name="test_add_config_success[yaml_data1-options:\n boop:\n  type: int-expected1]" time="0.007" /><testcase classname="tests.unit.test_preprocess" name="test_add_actions_success[yaml_data0--expected0]" time="0.007" /><testcase classname="tests.unit.test_preprocess" name="test_add_actions_success[yaml_data1-{}-expected1]" time="0.007" /><testcase classname="tests.unit.test_preprocess" name="test_add_actions_success[yaml_data2-boop:\n description: Boop in the snoot-expected2]" time="0.007" /><testcase classname="tests.unit.utils.test_charmlibs" name="test_get_name_from_metadata_ok" time="0.004" /><testcase classname="tests.unit.utils.test_charmlibs" name="test_get_name_from_metadata_no_file" time="0.004" /><testcase classname="tests.unit.utils.test_charmlibs" name="test_get_name_from_metadata_bad_content_garbage" time="0.004" /><testcase classname="tests.unit.utils.test_charmlibs" name="test_get_name_from_metadata_bad_content_no_name" time="0.004" /><testcase classname="tests.unit.utils.test_charmlibs" name="test_getlibinfo_success_simple" time="0.004" /><testcase classname="tests.unit.utils.test_charmlibs" name="test_getlibinfo_bad_name[charms.testcharm.v3.testlib.py]" time="0.003" /><testcase classname="tests.unit.utils.test_charmlibs" name="test_getlibinfo_bad_name[charms.testcharm.testlib]" time="0.002" /><testcase classname="tests.unit.utils.test_charmlibs" name="test_getlibinfo_bad_name[testcharm.v2.testlib]" time="0.003" /><testcase classname="tests.unit.utils.test_charmlibs" name="test_getlibinfo_bad_name[mycharms.testcharm.v2.testlib]" time="0.003" /><testcase classname="tests.unit.utils.test_charmlibs" name="test_getlibinfo_not_importable_charm_name" time="0.002" /><testcase classname="tests.unit.utils.test_charmlibs" name="test_getlibinfo_bad_path[charms/testcharm/v3/testlib]" time="0.002" /><testcase classname="tests.unit.utils.test_charmlibs" name="test_getlibinfo_bad_path[charms/testcharm/v3/testlib.html]" time="0.003" /><testcase classname="tests.unit.utils.test_charmlibs" name="test_getlibinfo_bad_path[charms/testcharm/v3/testlib.]" time="0.002" /><testcase classname="tests.unit.utils.test_charmlibs" name="test_getlibinfo_bad_path[charms/testcharm/testlib.py]" time="0.002" /><testcase classname="tests.unit.utils.test_charmlibs" name="test_getlibinfo_bad_path[testcharm/v2/testlib.py]" time="0.003" /><testcase classname="tests.unit.utils.test_charmlibs" name="test_getlibinfo_bad_path[mycharms/testcharm/v2/testlib.py]" time="0.002" /><testcase classname="tests.unit.utils.test_charmlibs" name="test_getlibinfo_bad_api[charms.testcharm.v-three.testlib]" time="0.002" /><testcase classname="tests.unit.utils.test_charmlibs" name="test_getlibinfo_bad_api[charms.testcharm.v-3.testlib]" time="0.003" /><testcase classname="tests.unit.utils.test_charmlibs" name="test_getlibinfo_bad_api[charms.testcharm.3.testlib]" time="0.002" /><testcase classname="tests.unit.utils.test_charmlibs" name="test_getlibinfo_bad_api[charms.testcharm.vX.testlib]" time="0.002" /><testcase classname="tests.unit.utils.test_charmlibs" name="test_getlibinfo_missing_library_from_name" time="0.003" /><testcase classname="tests.unit.utils.test_charmlibs" name="test_getlibinfo_missing_library_from_path" time="0.002" /><testcase classname="tests.unit.utils.test_charmlibs" name="test_getlibinfo_metadata_api_different_path_api" time="0.004" /><testcase classname="tests.unit.utils.test_charmlibs" name="test_getlibinternals_success_simple" time="0.004" /><testcase classname="tests.unit.utils.test_charmlibs" name="test_getlibinternals_success_with_pydeps" time="0.004" /><testcase classname="tests.unit.utils.test_charmlibs" name="test_getlibinternals_success_content" time="0.004" /><testcase classname="tests.unit.utils.test_charmlibs" name="test_getlibinternals_non_toplevel_names" time="0.004" /><testcase classname="tests.unit.utils.test_charmlibs" name="test_getlibinternals_malformed_content" time="0.004" /><testcase classname="tests.unit.utils.test_charmlibs" name="test_getlibinternals_missing_internals_field[empty_args0-LIBID]" time="0.004" /><testcase classname="tests.unit.utils.test_charmlibs" name="test_getlibinternals_missing_internals_field[empty_args1-LIBAPI]" time="0.004" /><testcase classname="tests.unit.utils.test_charmlibs" name="test_getlibinternals_missing_internals_field[empty_args2-LIBPATCH]" time="0.004" /><testcase classname="tests.unit.utils.test_charmlibs" name="test_getlibinternals_missing_internals_field[empty_args3-LIBAPI, LIBID]" time="0.004" /><testcase classname="tests.unit.utils.test_charmlibs" name="test_getlibinternals_missing_internals_field[empty_args4-LIBAPI, LIBPATCH]" time="0.004" /><testcase classname="tests.unit.utils.test_charmlibs" name="test_getlibinternals_missing_internals_field[empty_args5-LIBID, LIBPATCH]" time="0.004" /><testcase classname="tests.unit.utils.test_charmlibs" name="test_getlibinternals_api_bad_value[v3]" time="0.004" /><testcase classname="tests.unit.utils.test_charmlibs" name="test_getlibinternals_api_bad_value[-3]" time="0.004" /><testcase classname="tests.unit.utils.test_charmlibs" name="test_getlibinternals_patch_bad_value[beta3]" time="0.004" /><testcase classname="tests.unit.utils.test_charmlibs" name="test_getlibinternals_patch_bad_value[-1]" time="0.004" /><testcase classname="tests.unit.utils.test_charmlibs" name="test_getlibinternals_api_patch_both_zero" time="0.004" /><testcase classname="tests.unit.utils.test_charmlibs" name="test_getlibinternals_libid_bad_value[99]" time="0.004" /><testcase classname="tests.unit.utils.test_charmlibs" name="test_getlibinternals_libid_bad_value[mo\xf1o]" time="0.004" /><testcase classname="tests.unit.utils.test_charmlibs" name="test_getlibinternals_libid_bad_value[]" time="0.004" /><testcase classname="tests.unit.utils.test_charmlibs" name="test_getlibinternals_pydeps_complex" time="0.004" /><testcase classname="tests.unit.utils.test_charmlibs" name="test_getlibinternals_pydeps_bad_value['foo']" time="0.004" /><testcase classname="tests.unit.utils.test_charmlibs" name="test_getlibinternals_pydeps_bad_value[33]" time="0.004" /><testcase classname="tests.unit.utils.test_charmlibs" name="test_getlibinternals_pydeps_bad_value[open()]" time="0.004" /><testcase classname="tests.unit.utils.test_charmlibs" name="test_getlibinternals_pydeps_bad_value[('foo', 'bar')]" time="0.004" /><testcase classname="tests.unit.utils.test_charmlibs" name="test_getlibinternals_pydeps_bad_value[['foo', 33]]" time="0.004" /><testcase classname="tests.unit.utils.test_charmlibs" name="test_getlibinternals_pydeps_bad_value[['foo', otherdep]]" time="0.004" /><testcase classname="tests.unit.utils.test_charmlibs" name="test_getlibsfromtree_named_currentdir" time="0.004" /><testcase classname="tests.unit.utils.test_charmlibs" name="test_getlibsfromtree_everything_currentdir" time="0.004" /><testcase classname="tests.unit.utils.test_charmlibs" name="test_getlibsfromtree_named_otherdir" time="0.004" /><testcase classname="tests.unit.utils.test_charmlibs" name="test_getlibsfromtree_everything_otherdir" time="0.004" /><testcase classname="tests.unit.utils.test_charmlibs" name="test_collectpydeps_generic" time="0.005" /><testcase classname="tests.unit.utils.test_cli" name="test_singleoptionensurer_convert_ok" time="0.002" /><testcase classname="tests.unit.utils.test_cli" name="test_singleoptionensurer_too_many" time="0.002" /><testcase classname="tests.unit.utils.test_cli" name="test_resourceoption_convert_ok" time="0.002" /><testcase classname="tests.unit.utils.test_cli" name="test_resourceoption_convert_error[no separation]" time="0.002" /><testcase classname="tests.unit.utils.test_cli" name="test_resourceoption_convert_error[no revision]" time="0.002" /><testcase classname="tests.unit.utils.test_cli" name="test_resourceoption_convert_error[non-integer revision]" time="0.003" /><testcase classname="tests.unit.utils.test_cli" name="test_resourceoption_convert_error[negative revisions are not allowed]" time="0.002" /><testcase classname="tests.unit.utils.test_cli" name="test_resourceoption_convert_error[no name]" time="0.002" /><testcase classname="tests.unit.utils.test_cli" name="test_resourceoption_convert_error[no name, really!]" time="0.003" /><testcase classname="tests.unit.utils.test_cli" name="test_resourceoption_convert_error[invalid name]" time="0.003" /><testcase classname="tests.unit.utils.test_cli" name="test_choices_list_success[abc-expected0]" time="0.003" /><testcase classname="tests.unit.utils.test_cli" name="test_choices_list_success[abc,def-expected1]" time="0.003" /><testcase classname="tests.unit.utils.test_cli" name="test_choices_list_invalid_values" time="0.003" /><testcase classname="tests.unit.utils.test_cli" name="test_confirm_with_user_defaults_with_tty" time="0.003" /><testcase classname="tests.unit.utils.test_cli" name="test_confirm_with_user_defaults_without_tty" time="0.004" /><testcase classname="tests.unit.utils.test_cli" name="test_confirm_with_user[y-True]" time="0.003" /><testcase classname="tests.unit.utils.test_cli" name="test_confirm_with_user[Y-True]" time="0.003" /><testcase classname="tests.unit.utils.test_cli" name="test_confirm_with_user[yes-True]" time="0.003" /><testcase classname="tests.unit.utils.test_cli" name="test_confirm_with_user[YES-True]" time="0.003" /><testcase classname="tests.unit.utils.test_cli" name="test_confirm_with_user[n-False]" time="0.003" /><testcase classname="tests.unit.utils.test_cli" name="test_confirm_with_user[N-False]" time="0.003" /><testcase classname="tests.unit.utils.test_cli" name="test_confirm_with_user[no-False]" time="0.003" /><testcase classname="tests.unit.utils.test_cli" name="test_confirm_with_user[NO-False]" time="0.003" /><testcase classname="tests.unit.utils.test_cli" name="test_confirm_with_user_errors_in_managed_mode" time="0.003" /><testcase classname="tests.unit.utils.test_cli" name="test_confirm_with_user_pause_emitter" time="0.003" /><testcase classname="tests.unit.utils.test_cli" name="test_timestampstr_simple" time="0.002" /><testcase classname="tests.unit.utils.test_cli" name="test_timestampstr_utc" time="0.002" /><testcase classname="tests.unit.utils.test_cli" name="test_timestampstr_nonutc" time="0.003" /><testcase classname="tests.unit.utils.test_cli" name="test_humanize_list_ok[items0-xor-'foo']" time="0.002" /><testcase classname="tests.unit.utils.test_cli" name="test_humanize_list_ok[items1-xor-'bar' xor 'foo']" time="0.002" /><testcase classname="tests.unit.utils.test_cli" name="test_humanize_list_ok[items2-xor-'bar', 'baz' xor 'foo']" time="0.003" /><testcase classname="tests.unit.utils.test_cli" name="test_humanize_list_ok[items3-xor-'bar', 'baz', 'foo' xor 'qux']" time="0.003" /><testcase classname="tests.unit.utils.test_cli" name="test_humanize_list_empty" time="0.002" /><testcase classname="tests.unit.utils.test_cli" name="test_format_content_string" time="0.129" /><testcase classname="tests.unit.utils.test_cli" name="test_format_content_json" time="0.509" /><testcase classname="tests.unit.utils.test_cli" name="test_format_content_table" time="1.960" /><testcase classname="tests.unit.utils.test_cli" name="test_format_content_invalid[yolo]" time="0.003" /><testcase classname="tests.unit.utils.test_cli" name="test_format_content_invalid[0]" time="0.003" /><testcase classname="tests.unit.utils.test_file" name="test_make_executable_read_bits" time="0.005" /><testcase classname="tests.unit.utils.test_file" name="test_usefulfilepath_pathlib" time="0.006" /><testcase classname="tests.unit.utils.test_file" name="test_usefulfilepath_home_expanded" time="0.005" /><testcase classname="tests.unit.utils.test_file" name="test_usefulfilepath_missing" time="0.003" /><testcase classname="tests.unit.utils.test_file" name="test_usefulfilepath_inaccessible" time="0.004" /><testcase classname="tests.unit.utils.test_file" name="test_usefulfilepath_not_a_file" time="0.004" /><testcase classname="tests.unit.utils.test_file" name="test_zipbuild_simple" time="0.005" /><testcase classname="tests.unit.utils.test_file" name="test_zipbuild_symlink_simple" time="0.005" /><testcase classname="tests.unit.utils.test_file" name="test_zipbuild_symlink_outside" time="0.005" /><testcase classname="tests.unit.utils.test_package" name="test_get_pypi_packages[empty]" time="0.003" /><testcase classname="tests.unit.utils.test_package" name="test_get_pypi_packages[simple]" time="0.003" /><testcase classname="tests.unit.utils.test_package" name="test_get_pypi_packages[editable-ignored]" time="0.002" /><testcase classname="tests.unit.utils.test_package" name="test_get_pypi_packages[empty-line]" time="0.002" /><testcase classname="tests.unit.utils.test_package" name="test_get_package_names[no-version]" time="0.003" /><testcase classname="tests.unit.utils.test_package" name="test_get_package_names[version-matching]" time="0.002" /><testcase classname="tests.unit.utils.test_package" name="test_get_package_names[inclusive-ordered-gt]" time="0.002" /><testcase classname="tests.unit.utils.test_package" name="test_get_package_names[inclusive-ordered-lt]" time="0.002" /><testcase classname="tests.unit.utils.test_package" name="test_get_package_names[compatible-release]" time="0.003" /><testcase classname="tests.unit.utils.test_package" name="test_get_package_names[arbitrary-equality]" time="0.002" /><testcase classname="tests.unit.utils.test_package" name="test_get_package_names[compound-specifier]" time="0.002" /><testcase classname="tests.unit.utils.test_package" name="test_exclude_packages[empty]" time="0.003" /><testcase classname="tests.unit.utils.test_package" name="test_exclude_packages[make-empty]" time="0.002" /><testcase classname="tests.unit.utils.test_package" name="test_exclude_packages[remove-one]" time="0.002" /><testcase classname="tests.unit.utils.test_package" name="test_exclude_packages[irrelevant-exclusion]" time="0.002" /><testcase classname="tests.unit.utils.test_package" name="test_get_requirements_file_package_names[empty]" time="0.004" /><testcase classname="tests.unit.utils.test_package" name="test_get_requirements_file_package_names[versions_stripped]" time="0.004" /><testcase classname="tests.unit.utils.test_package" name="test_get_requirements_file_package_names[versions_not_checked]" time="0.004" /><testcase classname="tests.unit.utils.test_package" name="test_get_pip_command[prefix0-requirements0-source_deps0-binary_deps0---no-binary=abc-expected_other_packages0]" time="0.003" /><testcase classname="tests.unit.utils.test_package" name="test_get_pip_command[prefix0-requirements1-source_deps1-binary_deps1---no-binary=abc,ghi-expected_other_packages1]" time="0.003" /><testcase classname="tests.unit.utils.test_package" name="test_get_pip_command[prefix1-requirements0-source_deps0-binary_deps0---no-binary=abc-expected_other_packages0]" time="0.003" /><testcase classname="tests.unit.utils.test_package" name="test_get_pip_command[prefix1-requirements1-source_deps1-binary_deps1---no-binary=abc,ghi-expected_other_packages1]" time="0.003" /><testcase classname="tests.unit.utils.test_package" name="test_get_pip_command[prefix2-requirements0-source_deps0-binary_deps0---no-binary=abc-expected_other_packages0]" time="0.003" /><testcase classname="tests.unit.utils.test_package" name="test_get_pip_command[prefix2-requirements1-source_deps1-binary_deps1---no-binary=abc,ghi-expected_other_packages1]" time="0.003" /><testcase classname="tests.unit.utils.test_package" name="test_get_pip_version_success[pip-pip 22.0.2 from /usr/lib/python3/dist-packages/pip (python 3.10)\n-expected0]" time="0.003" /><testcase classname="tests.unit.utils.test_package" name="test_get_pip_version_parsing_failure[pip-pip?-Unknown pip version]" time="0.003" /><testcase classname="tests.unit.utils.test_package" name="test_get_pip_version_parsing_failure[pip-pip 1.0.0-dev0-yolo-Unknown pip version 1.0.0-dev0-yolo]" time="0.003" /><testcase classname="tests.unit.utils.test_package" name="test_validate_strict_dependencies_success[dependencies0-other_packages0]" time="0.003" /><testcase classname="tests.unit.utils.test_package" name="test_validate_strict_dependencies_success[dependencies1-other_packages1]" time="0.002" /><testcase classname="tests.unit.utils.test_package" name="test_validate_strict_dependencies_success[dependencies2-other_packages2]" time="0.002" /><testcase classname="tests.unit.utils.test_package" name="test_validate_strict_dependencies_missing[dependencies0-other_packages0-extra_packages0]" time="0.003" /><testcase classname="tests.unit.utils.test_package" name="test_validate_strict_dependencies_missing[dependencies1-other_packages1-extra_packages1]" time="0.003" /><testcase classname="tests.unit.utils.test_package" name="test_validate_strict_dependencies_missing[dependencies2-other_packages2-extra_packages2]" time="0.003" /><testcase classname="tests.unit.utils.test_platform" name="test_get_os_platform_linux[x86_64-ubuntu-focal]" time="0.014" /><testcase classname="tests.unit.utils.test_platform" name="test_get_os_platform_linux[x86_64-ubuntu-core-20]" time="0.014" /><testcase classname="tests.unit.utils.test_platform" name="test_get_os_platform_linux[x86_64-kde-neon-like-ubuntu]" time="0.014" /><testcase classname="tests.unit.utils.test_platform" name="test_get_os_platform_linux[riscv64-ubuntu-focal]" time="0.013" /><testcase classname="tests.unit.utils.test_platform" name="test_get_os_platform_linux[riscv64-ubuntu-core-20]" time="0.014" /><testcase classname="tests.unit.utils.test_platform" name="test_get_os_platform_linux[riscv64-kde-neon-like-ubuntu]" time="0.013" /><testcase classname="tests.unit.utils.test_platform" name="test_get_os_platform_linux[arm64-ubuntu-focal]" time="0.014" /><testcase classname="tests.unit.utils.test_platform" name="test_get_os_platform_linux[arm64-ubuntu-core-20]" time="0.013" /><testcase classname="tests.unit.utils.test_platform" name="test_get_os_platform_linux[arm64-kde-neon-like-ubuntu]" time="0.013" /><testcase classname="tests.unit.utils.test_platform" name="test_get_os_platform_non_linux[AMD64-NT-Windows]" time="0.004" /><testcase classname="tests.unit.utils.test_platform" name="test_get_os_platform_non_linux[AMD64-NT-Darwin]" time="0.003" /><testcase classname="tests.unit.utils.test_platform" name="test_get_os_platform_non_linux[AMD64-NT-Java]" time="0.003" /><testcase classname="tests.unit.utils.test_platform" name="test_get_os_platform_non_linux[AMD64-NT-]" time="0.003" /><testcase classname="tests.unit.utils.test_platform" name="test_get_os_platform_non_linux[AMD64-Sparkling-Windows]" time="0.003" /><testcase classname="tests.unit.utils.test_platform" name="test_get_os_platform_non_linux[AMD64-Sparkling-Darwin]" time="0.005" /><testcase classname="tests.unit.utils.test_platform" name="test_get_os_platform_non_linux[AMD64-Sparkling-Java]" time="0.004" /><testcase classname="tests.unit.utils.test_platform" name="test_get_os_platform_non_linux[AMD64-Sparkling-]" time="0.003" /><testcase classname="tests.unit.utils.test_platform" name="test_get_os_platform_non_linux[AMD64-Jaguar-Windows]" time="0.003" /><testcase classname="tests.unit.utils.test_platform" name="test_get_os_platform_non_linux[AMD64-Jaguar-Darwin]" time="0.003" /><testcase classname="tests.unit.utils.test_platform" name="test_get_os_platform_non_linux[AMD64-Jaguar-Java]" time="0.004" /><testcase classname="tests.unit.utils.test_platform" name="test_get_os_platform_non_linux[AMD64-Jaguar-]" time="0.003" /><testcase classname="tests.unit.utils.test_platform" name="test_get_os_platform_non_linux[AMD64-0.0-Windows]" time="0.003" /><testcase classname="tests.unit.utils.test_platform" name="test_get_os_platform_non_linux[AMD64-0.0-Darwin]" time="0.003" /><testcase classname="tests.unit.utils.test_platform" name="test_get_os_platform_non_linux[AMD64-0.0-Java]" time="0.003" /><testcase classname="tests.unit.utils.test_platform" name="test_get_os_platform_non_linux[AMD64-0.0-]" time="0.003" /><testcase classname="tests.unit.utils.test_platform" name="test_get_os_platform_non_linux[AMD64--Windows]" time="0.003" /><testcase classname="tests.unit.utils.test_platform" name="test_get_os_platform_non_linux[AMD64--Darwin]" time="0.004" /><testcase classname="tests.unit.utils.test_platform" name="test_get_os_platform_non_linux[AMD64--Java]" time="0.003" /><testcase classname="tests.unit.utils.test_platform" name="test_get_os_platform_non_linux[AMD64--]" time="0.003" /><testcase classname="tests.unit.utils.test_platform" name="test_get_os_platform_non_linux[x86_86-NT-Windows]" time="0.003" /><testcase classname="tests.unit.utils.test_platform" name="test_get_os_platform_non_linux[x86_86-NT-Darwin]" time="0.003" /><testcase classname="tests.unit.utils.test_platform" name="test_get_os_platform_non_linux[x86_86-NT-Java]" time="0.003" /><testcase classname="tests.unit.utils.test_platform" name="test_get_os_platform_non_linux[x86_86-NT-]" time="0.003" /><testcase classname="tests.unit.utils.test_platform" name="test_get_os_platform_non_linux[x86_86-Sparkling-Windows]" time="0.003" /><testcase classname="tests.unit.utils.test_platform" name="test_get_os_platform_non_linux[x86_86-Sparkling-Darwin]" time="0.003" /><testcase classname="tests.unit.utils.test_platform" name="test_get_os_platform_non_linux[x86_86-Sparkling-Java]" time="0.004" /><testcase classname="tests.unit.utils.test_platform" name="test_get_os_platform_non_linux[x86_86-Sparkling-]" time="0.003" /><testcase classname="tests.unit.utils.test_platform" name="test_get_os_platform_non_linux[x86_86-Jaguar-Windows]" time="0.003" /><testcase classname="tests.unit.utils.test_platform" name="test_get_os_platform_non_linux[x86_86-Jaguar-Darwin]" time="0.004" /><testcase classname="tests.unit.utils.test_platform" name="test_get_os_platform_non_linux[x86_86-Jaguar-Java]" time="0.004" /><testcase classname="tests.unit.utils.test_platform" name="test_get_os_platform_non_linux[x86_86-Jaguar-]" time="0.004" /><testcase classname="tests.unit.utils.test_platform" name="test_get_os_platform_non_linux[x86_86-0.0-Windows]" time="0.004" /><testcase classname="tests.unit.utils.test_platform" name="test_get_os_platform_non_linux[x86_86-0.0-Darwin]" time="0.004" /><testcase classname="tests.unit.utils.test_platform" name="test_get_os_platform_non_linux[x86_86-0.0-Java]" time="0.004" /><testcase classname="tests.unit.utils.test_platform" name="test_get_os_platform_non_linux[x86_86-0.0-]" time="0.004" /><testcase classname="tests.unit.utils.test_platform" name="test_get_os_platform_non_linux[x86_86--Windows]" time="0.004" /><testcase classname="tests.unit.utils.test_platform" name="test_get_os_platform_non_linux[x86_86--Darwin]" time="0.003" /><testcase classname="tests.unit.utils.test_platform" name="test_get_os_platform_non_linux[x86_86--Java]" time="0.003" /><testcase classname="tests.unit.utils.test_platform" name="test_get_os_platform_non_linux[x86_86--]" time="0.004" /><testcase classname="tests.unit.utils.test_platform" name="test_get_os_platform_non_linux[arm64-NT-Windows]" time="0.004" /><testcase classname="tests.unit.utils.test_platform" name="test_get_os_platform_non_linux[arm64-NT-Darwin]" time="0.004" /><testcase classname="tests.unit.utils.test_platform" name="test_get_os_platform_non_linux[arm64-NT-Java]" time="0.003" /><testcase classname="tests.unit.utils.test_platform" name="test_get_os_platform_non_linux[arm64-NT-]" time="0.004" /><testcase classname="tests.unit.utils.test_platform" name="test_get_os_platform_non_linux[arm64-Sparkling-Windows]" time="0.003" /><testcase classname="tests.unit.utils.test_platform" name="test_get_os_platform_non_linux[arm64-Sparkling-Darwin]" time="0.004" /><testcase classname="tests.unit.utils.test_platform" name="test_get_os_platform_non_linux[arm64-Sparkling-Java]" time="0.005" /><testcase classname="tests.unit.utils.test_platform" name="test_get_os_platform_non_linux[arm64-Sparkling-]" time="0.003" /><testcase classname="tests.unit.utils.test_platform" name="test_get_os_platform_non_linux[arm64-Jaguar-Windows]" time="0.003" /><testcase classname="tests.unit.utils.test_platform" name="test_get_os_platform_non_linux[arm64-Jaguar-Darwin]" time="0.003" /><testcase classname="tests.unit.utils.test_platform" name="test_get_os_platform_non_linux[arm64-Jaguar-Java]" time="0.003" /><testcase classname="tests.unit.utils.test_platform" name="test_get_os_platform_non_linux[arm64-Jaguar-]" time="0.003" /><testcase classname="tests.unit.utils.test_platform" name="test_get_os_platform_non_linux[arm64-0.0-Windows]" time="0.003" /><testcase classname="tests.unit.utils.test_platform" name="test_get_os_platform_non_linux[arm64-0.0-Darwin]" time="0.004" /><testcase classname="tests.unit.utils.test_platform" name="test_get_os_platform_non_linux[arm64-0.0-Java]" time="0.003" /><testcase classname="tests.unit.utils.test_platform" name="test_get_os_platform_non_linux[arm64-0.0-]" time="0.003" /><testcase classname="tests.unit.utils.test_platform" name="test_get_os_platform_non_linux[arm64--Windows]" time="0.003" /><testcase classname="tests.unit.utils.test_platform" name="test_get_os_platform_non_linux[arm64--Darwin]" time="0.003" /><testcase classname="tests.unit.utils.test_platform" name="test_get_os_platform_non_linux[arm64--Java]" time="0.003" /><testcase classname="tests.unit.utils.test_platform" name="test_get_os_platform_non_linux[arm64--]" time="0.004" /><testcase classname="tests.unit.utils.test_platform" name="test_get_os_platform_non_linux[riscv64-NT-Windows]" time="0.004" /><testcase classname="tests.unit.utils.test_platform" name="test_get_os_platform_non_linux[riscv64-NT-Darwin]" time="0.003" /><testcase classname="tests.unit.utils.test_platform" name="test_get_os_platform_non_linux[riscv64-NT-Java]" time="0.003" /><testcase classname="tests.unit.utils.test_platform" name="test_get_os_platform_non_linux[riscv64-NT-]" time="0.003" /><testcase classname="tests.unit.utils.test_platform" name="test_get_os_platform_non_linux[riscv64-Sparkling-Windows]" time="0.003" /><testcase classname="tests.unit.utils.test_platform" name="test_get_os_platform_non_linux[riscv64-Sparkling-Darwin]" time="0.004" /><testcase classname="tests.unit.utils.test_platform" name="test_get_os_platform_non_linux[riscv64-Sparkling-Java]" time="0.003" /><testcase classname="tests.unit.utils.test_platform" name="test_get_os_platform_non_linux[riscv64-Sparkling-]" time="0.003" /><testcase classname="tests.unit.utils.test_platform" name="test_get_os_platform_non_linux[riscv64-Jaguar-Windows]" time="0.003" /><testcase classname="tests.unit.utils.test_platform" name="test_get_os_platform_non_linux[riscv64-Jaguar-Darwin]" time="0.003" /><testcase classname="tests.unit.utils.test_platform" name="test_get_os_platform_non_linux[riscv64-Jaguar-Java]" time="0.003" /><testcase classname="tests.unit.utils.test_platform" name="test_get_os_platform_non_linux[riscv64-Jaguar-]" time="0.003" /><testcase classname="tests.unit.utils.test_platform" name="test_get_os_platform_non_linux[riscv64-0.0-Windows]" time="0.003" /><testcase classname="tests.unit.utils.test_platform" name="test_get_os_platform_non_linux[riscv64-0.0-Darwin]" time="0.003" /><testcase classname="tests.unit.utils.test_platform" name="test_get_os_platform_non_linux[riscv64-0.0-Java]" time="0.003" /><testcase classname="tests.unit.utils.test_platform" name="test_get_os_platform_non_linux[riscv64-0.0-]" time="0.003" /><testcase classname="tests.unit.utils.test_platform" name="test_get_os_platform_non_linux[riscv64--Windows]" time="0.003" /><testcase classname="tests.unit.utils.test_platform" name="test_get_os_platform_non_linux[riscv64--Darwin]" time="0.004" /><testcase classname="tests.unit.utils.test_platform" name="test_get_os_platform_non_linux[riscv64--Java]" time="0.003" /><testcase classname="tests.unit.utils.test_platform" name="test_get_os_platform_non_linux[riscv64--]" time="0.003" /><testcase classname="tests.unit.utils.test_platform" name="test_get_host_architecture[AMD64-amd64]" time="0.003" /><testcase classname="tests.unit.utils.test_platform" name="test_get_host_architecture[aarch64-arm64]" time="0.003" /><testcase classname="tests.unit.utils.test_platform" name="test_get_host_architecture[armv7l-armhf]" time="0.003" /><testcase classname="tests.unit.utils.test_platform" name="test_get_host_architecture[ppc-powerpc]" time="0.003" /><testcase classname="tests.unit.utils.test_platform" name="test_get_host_architecture[ppc64le-ppc64el]" time="0.003" /><testcase classname="tests.unit.utils.test_platform" name="test_get_host_architecture[x86_64-amd64]" time="0.003" /><testcase classname="tests.unit.utils.test_platform" name="test_get_host_architecture[unknown-arch-unknown-arch]" time="0.003" /><testcase classname="tests.unit.utils.test_platform" name="test_validate_architectures_valid_values" time="0.209" /><testcase classname="tests.unit.utils.test_platform" name="test_validate_architectures_all_success" time="0.235" /><testcase classname="tests.unit.utils.test_platform" name="test_validate_architectures_error[Valid architecture values are: 'amd64', 'arm64', 'armhf', 'ppc64el', 'riscv64', and 's390x'-architectures0-Invalid architecture(s): brutalist]" time="0.003" /><testcase classname="tests.unit.utils.test_platform" name="test_validate_architectures_all_error" time="0.003" /><testcase classname="tests.unit.utils.test_project" name="test_find_charm_sources_empty_directory" time="0.004" /><testcase classname="tests.unit.utils.test_project" name="test_find_charm_sources_finds_values[fake_charms0]" time="0.010" /><testcase classname="tests.unit.utils.test_project" name="test_find_charm_sources_with_symlinks[fake_charms0]" time="0.007" /><testcase classname="tests.unit.utils.test_project" name="test_find_charm_sources_extra_charms[fake_charms0]" time="0.010" /><testcase classname="tests.unit.utils.test_project" name="test_find_charm_sources_non_matching_path[fake_charms0]" time="0.010" /><testcase classname="tests.unit.utils.test_project" name="test_find_charm_sources_duplicates" time="0.007" /><testcase classname="tests.unit.utils.test_project" name="test_get_charm_name_from_path_success[test1-test1]" time="0.005" /><testcase classname="tests.unit.utils.test_project" name="test_get_charm_name_from_path_success[test1-charms/test1]" time="0.005" /><testcase classname="tests.unit.utils.test_project" name="test_get_charm_name_from_path_success[test1-operators/test1]" time="0.005" /><testcase classname="tests.unit.utils.test_project" name="test_get_charm_name_from_path_bundle[test1-test1]" time="0.005" /><testcase classname="tests.unit.utils.test_project" name="test_get_charm_name_from_path_bundle[test1-charms/test1]" time="0.004" /><testcase classname="tests.unit.utils.test_project" name="test_get_charm_name_from_path_bundle[test1-operators/test1]" time="0.005" /><testcase classname="tests.unit.utils.test_project" name="test_get_charm_name_from_path_missing_file[test1-test1-charmcraft.yaml]" time="0.004" /><testcase classname="tests.unit.utils.test_project" name="test_get_charm_name_from_path_missing_file[test1-charms/test1-metadata.yaml]" time="0.005" /><testcase classname="tests.unit.utils.test_project" name="test_get_charm_name_from_path_missing_file[test1-operators/test1-charmcraft.yaml]" time="0.004" /><testcase classname="tests.unit.utils.test_project" name="test_get_charm_name_from_path_wrong_name[test1-test1]" time="0.005" /><testcase classname="tests.unit.utils.test_project" name="test_get_charm_name_from_path_wrong_name[test1-charms/test1]" time="0.005" /><testcase classname="tests.unit.utils.test_project" name="test_get_charm_name_from_path_wrong_name[test1-operators/test1]" time="0.005" /><testcase classname="tests.unit.utils.test_store" name="test_get_packages" time="1.370" /><testcase classname="tests.unit.utils.test_yaml" name="test_load_yaml_success" time="0.005" /><testcase classname="tests.unit.utils.test_yaml" name="test_load_yaml_no_file" time="0.004" /><testcase classname="tests.unit.utils.test_yaml" name="test_load_yaml_directory" time="0.004" /><testcase classname="tests.unit.utils.test_yaml" name="test_load_yaml_corrupted_format" time="0.004" /><testcase classname="tests.unit.utils.test_yaml" name="test_load_yaml_file_problem" time="0.005" /><testcase classname="tests.unit.utils.test_yaml" name="test_dump_yaml[None-null\n...\n]" time="0.003" /><testcase classname="tests.unit.utils.test_yaml" name="test_dump_yaml[1-1\n...\n]" time="0.003" /><testcase classname="tests.unit.utils.test_yaml" name="test_dump_yaml[Stringy!-Stringy!\n...\n]" time="0.003" /><testcase classname="tests.unit.utils.test_yaml" name="test_dump_yaml[data3-thing: |\n  multi\n  line\n  string\nsingle: single line string\n]" time="0.221" /></testsuite></testsuites>